{"numFailedTestSuites":1,"numFailedTests":6,"numPassedTestSuites":3,"numPassedTests":36,"numPendingTestSuites":0,"numPendingTests":0,"numRuntimeErrorTestSuites":0,"numTodoTests":0,"numTotalTestSuites":4,"numTotalTests":42,"openHandles":[],"snapshot":{"added":0,"didUpdate":false,"failure":false,"filesAdded":0,"filesRemoved":0,"filesRemovedList":[],"filesUnmatched":0,"filesUpdated":0,"matched":0,"total":0,"unchecked":0,"uncheckedKeysByFile":[],"unmatched":0,"updated":0},"startTime":1780350757582,"success":false,"testResults":[{"assertionResults":[{"ancestorTitles":["reportesService","getReporteGeneral"],"duration":2,"failing":false,"failureDetails":[{}],"failureMessages":["Error: No hay sesión activa\n    at getAuthHeaders (/Users/rosy/Desktop/ITC6/Reto/reto-aebnl/client/src/services/apiService.js:4:11)\n    at getAuthHeaders (/Users/rosy/Desktop/ITC6/Reto/reto-aebnl/client/src/services/reportesService.js:101:14)\n    at Object.<anonymous> (/Users/rosy/Desktop/ITC6/Reto/reto-aebnl/client/src/services/__tests__/reportesService.test.mjs:53:28)\n    at Promise.finally.completed (/Users/rosy/Desktop/ITC6/Reto/reto-aebnl/node_modules/jest-circus/build/jestAdapterInit.js:1561:28)\n    at new Promise (<anonymous>)\n    at callAsyncCircusFn (/Users/rosy/Desktop/ITC6/Reto/reto-aebnl/node_modules/jest-circus/build/jestAdapterInit.js:1501:10)\n    at _callCircusTest (/Users/rosy/Desktop/ITC6/Reto/reto-aebnl/node_modules/jest-circus/build/jestAdapterInit.js:1011:40)\n    at _runTest (/Users/rosy/Desktop/ITC6/Reto/reto-aebnl/node_modules/jest-circus/build/jestAdapterInit.js:951:3)\n    at /Users/rosy/Desktop/ITC6/Reto/reto-aebnl/node_modules/jest-circus/build/jestAdapterInit.js:853:7\n    at _runTestsForDescribeBlock (/Users/rosy/Desktop/ITC6/Reto/reto-aebnl/node_modules/jest-circus/build/jestAdapterInit.js:866:11)\n    at _runTestsForDescribeBlock (/Users/rosy/Desktop/ITC6/Reto/reto-aebnl/node_modules/jest-circus/build/jestAdapterInit.js:861:11)\n    at _runTestsForDescribeBlock (/Users/rosy/Desktop/ITC6/Reto/reto-aebnl/node_modules/jest-circus/build/jestAdapterInit.js:861:11)\n    at run (/Users/rosy/Desktop/ITC6/Reto/reto-aebnl/node_modules/jest-circus/build/jestAdapterInit.js:765:3)\n    at runAndTransformResultsToJestFormat (/Users/rosy/Desktop/ITC6/Reto/reto-aebnl/node_modules/jest-circus/build/jestAdapterInit.js:1993:21)\n    at jestAdapter (/Users/rosy/Desktop/ITC6/Reto/reto-aebnl/node_modules/jest-circus/build/runner.js:111:19)\n    at runTestInternal (/Users/rosy/Desktop/ITC6/Reto/reto-aebnl/node_modules/jest-runner/build/index.js:276:16)\n    at runTest (/Users/rosy/Desktop/ITC6/Reto/reto-aebnl/node_modules/jest-runner/build/index.js:344:7)"],"fullName":"reportesService getReporteGeneral normaliza el reporte general correctamente","invocations":1,"location":null,"numPassingAsserts":0,"retryReasons":[],"startAt":1780350757921,"status":"failed","title":"normaliza el reporte general correctamente"},{"ancestorTitles":["reportesService","getReporteGeneral"],"duration":15,"failing":false,"failureDetails":[{"matcherResult":{"message":"\u001b[2mexpect(\u001b[22m\u001b[31mreceived\u001b[39m\u001b[2m).\u001b[22mrejects\u001b[2m.\u001b[22mtoThrow\u001b[2m(\u001b[22m\u001b[32mexpected\u001b[39m\u001b[2m)\u001b[22m\n\nExpected substring: \u001b[32m\"Error interno\"\u001b[39m\nReceived message:   \u001b[31m\"No hay sesión activa\"\u001b[39m\n\n    \u001b[0m \u001b[90m 2 |\u001b[39m   \u001b[36mconst\u001b[39m token \u001b[33m=\u001b[39m localStorage\u001b[33m.\u001b[39mgetItem(\u001b[32m'token'\u001b[39m)\n     \u001b[90m 3 |\u001b[39m   \u001b[36mif\u001b[39m (\u001b[33m!\u001b[39mtoken) {\n    \u001b[31m\u001b[1m>\u001b[22m\u001b[39m\u001b[90m 4 |\u001b[39m     \u001b[36mthrow\u001b[39m \u001b[36mnew\u001b[39m \u001b[33mError\u001b[39m(\u001b[32m'No hay sesión activa'\u001b[39m)\n     \u001b[90m   |\u001b[39m           \u001b[31m\u001b[1m^\u001b[22m\u001b[39m\n     \u001b[90m 5 |\u001b[39m   }\n     \u001b[90m 6 |\u001b[39m   \u001b[36mreturn\u001b[39m {\n     \u001b[90m 7 |\u001b[39m     \u001b[32m'Content-Type'\u001b[39m\u001b[33m:\u001b[39m \u001b[32m'application/json'\u001b[39m\u001b[33m,\u001b[39m\u001b[0m\n\n      \u001b[2mat getAuthHeaders (\u001b[22mclient/src/services/apiService.js\u001b[2m:4:11)\u001b[22m\n      \u001b[2mat getAuthHeaders (\u001b[22mclient/src/services/reportesService.js\u001b[2m:101:14)\u001b[22m\n      \u001b[2mat Object.<anonymous> (\u001b[22mclient/src/services/__tests__/reportesService.test.mjs\u001b[2m:79:20)\u001b[22m","pass":false},"message":"\u001b[2mexpect(\u001b[22m\u001b[31mreceived\u001b[39m\u001b[2m).\u001b[22mrejects\u001b[2m.\u001b[22mtoThrow\u001b[2m(\u001b[22m\u001b[32mexpected\u001b[39m\u001b[2m)\u001b[22m\n\nExpected substring: \u001b[32m\"Error interno\"\u001b[39m\nReceived message:   \u001b[31m\"No hay sesión activa\"\u001b[39m\n\n    \u001b[0m \u001b[90m 2 |\u001b[39m   \u001b[36mconst\u001b[39m token \u001b[33m=\u001b[39m localStorage\u001b[33m.\u001b[39mgetItem(\u001b[32m'token'\u001b[39m)\n     \u001b[90m 3 |\u001b[39m   \u001b[36mif\u001b[39m (\u001b[33m!\u001b[39mtoken) {\n    \u001b[31m\u001b[1m>\u001b[22m\u001b[39m\u001b[90m 4 |\u001b[39m     \u001b[36mthrow\u001b[39m \u001b[36mnew\u001b[39m \u001b[33mError\u001b[39m(\u001b[32m'No hay sesión activa'\u001b[39m)\n     \u001b[90m   |\u001b[39m           \u001b[31m\u001b[1m^\u001b[22m\u001b[39m\n     \u001b[90m 5 |\u001b[39m   }\n     \u001b[90m 6 |\u001b[39m   \u001b[36mreturn\u001b[39m {\n     \u001b[90m 7 |\u001b[39m     \u001b[32m'Content-Type'\u001b[39m\u001b[33m:\u001b[39m \u001b[32m'application/json'\u001b[39m\u001b[33m,\u001b[39m\u001b[0m\n\n      \u001b[2mat getAuthHeaders (\u001b[22mclient/src/services/apiService.js\u001b[2m:4:11)\u001b[22m\n      \u001b[2mat getAuthHeaders (\u001b[22mclient/src/services/reportesService.js\u001b[2m:101:14)\u001b[22m\n      \u001b[2mat Object.<anonymous> (\u001b[22mclient/src/services/__tests__/reportesService.test.mjs\u001b[2m:79:20)\u001b[22m"}],"failureMessages":["Error: \u001b[2mexpect(\u001b[22m\u001b[31mreceived\u001b[39m\u001b[2m).\u001b[22mrejects\u001b[2m.\u001b[22mtoThrow\u001b[2m(\u001b[22m\u001b[32mexpected\u001b[39m\u001b[2m)\u001b[22m\n\nExpected substring: \u001b[32m\"Error interno\"\u001b[39m\nReceived message:   \u001b[31m\"No hay sesión activa\"\u001b[39m\n\n    \u001b[0m \u001b[90m 2 |\u001b[39m   \u001b[36mconst\u001b[39m token \u001b[33m=\u001b[39m localStorage\u001b[33m.\u001b[39mgetItem(\u001b[32m'token'\u001b[39m)\n     \u001b[90m 3 |\u001b[39m   \u001b[36mif\u001b[39m (\u001b[33m!\u001b[39mtoken) {\n    \u001b[31m\u001b[1m>\u001b[22m\u001b[39m\u001b[90m 4 |\u001b[39m     \u001b[36mthrow\u001b[39m \u001b[36mnew\u001b[39m \u001b[33mError\u001b[39m(\u001b[32m'No hay sesión activa'\u001b[39m)\n     \u001b[90m   |\u001b[39m           \u001b[31m\u001b[1m^\u001b[22m\u001b[39m\n     \u001b[90m 5 |\u001b[39m   }\n     \u001b[90m 6 |\u001b[39m   \u001b[36mreturn\u001b[39m {\n     \u001b[90m 7 |\u001b[39m     \u001b[32m'Content-Type'\u001b[39m\u001b[33m:\u001b[39m \u001b[32m'application/json'\u001b[39m\u001b[33m,\u001b[39m\u001b[0m\n\n      \u001b[2mat getAuthHeaders (\u001b[22mclient/src/services/apiService.js\u001b[2m:4:11)\u001b[22m\n      \u001b[2mat getAuthHeaders (\u001b[22mclient/src/services/reportesService.js\u001b[2m:101:14)\u001b[22m\n      \u001b[2mat Object.<anonymous> (\u001b[22mclient/src/services/__tests__/reportesService.test.mjs\u001b[2m:79:20)\u001b[22m\n    at Object.toThrow (/Users/rosy/Desktop/ITC6/Reto/reto-aebnl/node_modules/expect/build/index.js:2155:20)\n    at Object.<anonymous> (/Users/rosy/Desktop/ITC6/Reto/reto-aebnl/client/src/services/__tests__/reportesService.test.mjs:79:49)\n    at Promise.finally.completed (/Users/rosy/Desktop/ITC6/Reto/reto-aebnl/node_modules/jest-circus/build/jestAdapterInit.js:1561:28)\n    at new Promise (<anonymous>)\n    at callAsyncCircusFn (/Users/rosy/Desktop/ITC6/Reto/reto-aebnl/node_modules/jest-circus/build/jestAdapterInit.js:1501:10)\n    at _callCircusTest (/Users/rosy/Desktop/ITC6/Reto/reto-aebnl/node_modules/jest-circus/build/jestAdapterInit.js:1011:40)\n    at _runTest (/Users/rosy/Desktop/ITC6/Reto/reto-aebnl/node_modules/jest-circus/build/jestAdapterInit.js:951:3)\n    at /Users/rosy/Desktop/ITC6/Reto/reto-aebnl/node_modules/jest-circus/build/jestAdapterInit.js:853:7\n    at _runTestsForDescribeBlock (/Users/rosy/Desktop/ITC6/Reto/reto-aebnl/node_modules/jest-circus/build/jestAdapterInit.js:866:11)\n    at _runTestsForDescribeBlock (/Users/rosy/Desktop/ITC6/Reto/reto-aebnl/node_modules/jest-circus/build/jestAdapterInit.js:861:11)\n    at _runTestsForDescribeBlock (/Users/rosy/Desktop/ITC6/Reto/reto-aebnl/node_modules/jest-circus/build/jestAdapterInit.js:861:11)\n    at run (/Users/rosy/Desktop/ITC6/Reto/reto-aebnl/node_modules/jest-circus/build/jestAdapterInit.js:765:3)\n    at runAndTransformResultsToJestFormat (/Users/rosy/Desktop/ITC6/Reto/reto-aebnl/node_modules/jest-circus/build/jestAdapterInit.js:1993:21)\n    at jestAdapter (/Users/rosy/Desktop/ITC6/Reto/reto-aebnl/node_modules/jest-circus/build/runner.js:111:19)\n    at runTestInternal (/Users/rosy/Desktop/ITC6/Reto/reto-aebnl/node_modules/jest-runner/build/index.js:276:16)\n    at runTest (/Users/rosy/Desktop/ITC6/Reto/reto-aebnl/node_modules/jest-runner/build/index.js:344:7)"],"fullName":"reportesService getReporteGeneral lanza error cuando la respuesta no es ok","invocations":1,"location":null,"numPassingAsserts":0,"retryReasons":[],"startAt":1780350757931,"status":"failed","title":"lanza error cuando la respuesta no es ok"},{"ancestorTitles":["reportesService","getReporteMensual"],"duration":1,"failing":false,"failureDetails":[{}],"failureMessages":["Error: No hay sesión activa\n    at getAuthHeaders (/Users/rosy/Desktop/ITC6/Reto/reto-aebnl/client/src/services/apiService.js:4:11)\n    at getAuthHeaders (/Users/rosy/Desktop/ITC6/Reto/reto-aebnl/client/src/services/reportesService.js:240:16)\n    at Object.<anonymous> (/Users/rosy/Desktop/ITC6/Reto/reto-aebnl/client/src/services/__tests__/reportesService.test.mjs:109:28)\n    at Promise.finally.completed (/Users/rosy/Desktop/ITC6/Reto/reto-aebnl/node_modules/jest-circus/build/jestAdapterInit.js:1561:28)\n    at new Promise (<anonymous>)\n    at callAsyncCircusFn (/Users/rosy/Desktop/ITC6/Reto/reto-aebnl/node_modules/jest-circus/build/jestAdapterInit.js:1501:10)\n    at _callCircusTest (/Users/rosy/Desktop/ITC6/Reto/reto-aebnl/node_modules/jest-circus/build/jestAdapterInit.js:1011:40)\n    at _runTest (/Users/rosy/Desktop/ITC6/Reto/reto-aebnl/node_modules/jest-circus/build/jestAdapterInit.js:951:3)\n    at /Users/rosy/Desktop/ITC6/Reto/reto-aebnl/node_modules/jest-circus/build/jestAdapterInit.js:853:7\n    at _runTestsForDescribeBlock (/Users/rosy/Desktop/ITC6/Reto/reto-aebnl/node_modules/jest-circus/build/jestAdapterInit.js:866:11)\n    at _runTestsForDescribeBlock (/Users/rosy/Desktop/ITC6/Reto/reto-aebnl/node_modules/jest-circus/build/jestAdapterInit.js:861:11)\n    at _runTestsForDescribeBlock (/Users/rosy/Desktop/ITC6/Reto/reto-aebnl/node_modules/jest-circus/build/jestAdapterInit.js:861:11)\n    at run (/Users/rosy/Desktop/ITC6/Reto/reto-aebnl/node_modules/jest-circus/build/jestAdapterInit.js:765:3)\n    at runAndTransformResultsToJestFormat (/Users/rosy/Desktop/ITC6/Reto/reto-aebnl/node_modules/jest-circus/build/jestAdapterInit.js:1993:21)\n    at jestAdapter (/Users/rosy/Desktop/ITC6/Reto/reto-aebnl/node_modules/jest-circus/build/runner.js:111:19)\n    at runTestInternal (/Users/rosy/Desktop/ITC6/Reto/reto-aebnl/node_modules/jest-runner/build/index.js:276:16)\n    at runTest (/Users/rosy/Desktop/ITC6/Reto/reto-aebnl/node_modules/jest-runner/build/index.js:344:7)"],"fullName":"reportesService getReporteMensual normaliza el reporte mensual y genera el nombre del mes","invocations":1,"location":null,"numPassingAsserts":0,"retryReasons":[],"startAt":1780350757947,"status":"failed","title":"normaliza el reporte mensual y genera el nombre del mes"},{"ancestorTitles":["reportesService","getReporteAnual"],"duration":0,"failing":false,"failureDetails":[{}],"failureMessages":["Error: No hay sesión activa\n    at getAuthHeaders (/Users/rosy/Desktop/ITC6/Reto/reto-aebnl/client/src/services/apiService.js:4:11)\n    at getAuthHeaders (/Users/rosy/Desktop/ITC6/Reto/reto-aebnl/client/src/services/reportesService.js:298:16)\n    at Object.<anonymous> (/Users/rosy/Desktop/ITC6/Reto/reto-aebnl/client/src/services/__tests__/reportesService.test.mjs:146:28)\n    at Promise.finally.completed (/Users/rosy/Desktop/ITC6/Reto/reto-aebnl/node_modules/jest-circus/build/jestAdapterInit.js:1561:28)\n    at new Promise (<anonymous>)\n    at callAsyncCircusFn (/Users/rosy/Desktop/ITC6/Reto/reto-aebnl/node_modules/jest-circus/build/jestAdapterInit.js:1501:10)\n    at _callCircusTest (/Users/rosy/Desktop/ITC6/Reto/reto-aebnl/node_modules/jest-circus/build/jestAdapterInit.js:1011:40)\n    at _runTest (/Users/rosy/Desktop/ITC6/Reto/reto-aebnl/node_modules/jest-circus/build/jestAdapterInit.js:951:3)\n    at /Users/rosy/Desktop/ITC6/Reto/reto-aebnl/node_modules/jest-circus/build/jestAdapterInit.js:853:7\n    at _runTestsForDescribeBlock (/Users/rosy/Desktop/ITC6/Reto/reto-aebnl/node_modules/jest-circus/build/jestAdapterInit.js:866:11)\n    at _runTestsForDescribeBlock (/Users/rosy/Desktop/ITC6/Reto/reto-aebnl/node_modules/jest-circus/build/jestAdapterInit.js:861:11)\n    at _runTestsForDescribeBlock (/Users/rosy/Desktop/ITC6/Reto/reto-aebnl/node_modules/jest-circus/build/jestAdapterInit.js:861:11)\n    at run (/Users/rosy/Desktop/ITC6/Reto/reto-aebnl/node_modules/jest-circus/build/jestAdapterInit.js:765:3)\n    at runAndTransformResultsToJestFormat (/Users/rosy/Desktop/ITC6/Reto/reto-aebnl/node_modules/jest-circus/build/jestAdapterInit.js:1993:21)\n    at jestAdapter (/Users/rosy/Desktop/ITC6/Reto/reto-aebnl/node_modules/jest-circus/build/runner.js:111:19)\n    at runTestInternal (/Users/rosy/Desktop/ITC6/Reto/reto-aebnl/node_modules/jest-runner/build/index.js:276:16)\n    at runTest (/Users/rosy/Desktop/ITC6/Reto/reto-aebnl/node_modules/jest-runner/build/index.js:344:7)"],"fullName":"reportesService getReporteAnual normaliza el reporte anual y convierte mes a etiqueta","invocations":1,"location":null,"numPassingAsserts":0,"retryReasons":[],"startAt":1780350757948,"status":"failed","title":"normaliza el reporte anual y convierte mes a etiqueta"},{"ancestorTitles":["reportesService","getReportePeriodo"],"duration":0,"failing":false,"failureDetails":[{}],"failureMessages":["Error: No hay sesión activa\n    at getAuthHeaders (/Users/rosy/Desktop/ITC6/Reto/reto-aebnl/client/src/services/apiService.js:4:11)\n    at getAuthHeaders (/Users/rosy/Desktop/ITC6/Reto/reto-aebnl/client/src/services/reportesService.js:363:16)\n    at Object.<anonymous> (/Users/rosy/Desktop/ITC6/Reto/reto-aebnl/client/src/services/__tests__/reportesService.test.mjs:176:28)\n    at Promise.finally.completed (/Users/rosy/Desktop/ITC6/Reto/reto-aebnl/node_modules/jest-circus/build/jestAdapterInit.js:1561:28)\n    at new Promise (<anonymous>)\n    at callAsyncCircusFn (/Users/rosy/Desktop/ITC6/Reto/reto-aebnl/node_modules/jest-circus/build/jestAdapterInit.js:1501:10)\n    at _callCircusTest (/Users/rosy/Desktop/ITC6/Reto/reto-aebnl/node_modules/jest-circus/build/jestAdapterInit.js:1011:40)\n    at _runTest (/Users/rosy/Desktop/ITC6/Reto/reto-aebnl/node_modules/jest-circus/build/jestAdapterInit.js:951:3)\n    at /Users/rosy/Desktop/ITC6/Reto/reto-aebnl/node_modules/jest-circus/build/jestAdapterInit.js:853:7\n    at _runTestsForDescribeBlock (/Users/rosy/Desktop/ITC6/Reto/reto-aebnl/node_modules/jest-circus/build/jestAdapterInit.js:866:11)\n    at _runTestsForDescribeBlock (/Users/rosy/Desktop/ITC6/Reto/reto-aebnl/node_modules/jest-circus/build/jestAdapterInit.js:861:11)\n    at _runTestsForDescribeBlock (/Users/rosy/Desktop/ITC6/Reto/reto-aebnl/node_modules/jest-circus/build/jestAdapterInit.js:861:11)\n    at run (/Users/rosy/Desktop/ITC6/Reto/reto-aebnl/node_modules/jest-circus/build/jestAdapterInit.js:765:3)\n    at runAndTransformResultsToJestFormat (/Users/rosy/Desktop/ITC6/Reto/reto-aebnl/node_modules/jest-circus/build/jestAdapterInit.js:1993:21)\n    at jestAdapter (/Users/rosy/Desktop/ITC6/Reto/reto-aebnl/node_modules/jest-circus/build/runner.js:111:19)\n    at runTestInternal (/Users/rosy/Desktop/ITC6/Reto/reto-aebnl/node_modules/jest-runner/build/index.js:276:16)\n    at runTest (/Users/rosy/Desktop/ITC6/Reto/reto-aebnl/node_modules/jest-runner/build/index.js:344:7)"],"fullName":"reportesService getReportePeriodo normaliza el reporte por periodo y conserva fechas","invocations":1,"location":null,"numPassingAsserts":0,"retryReasons":[],"startAt":1780350757949,"status":"failed","title":"normaliza el reporte por periodo y conserva fechas"},{"ancestorTitles":["reportesService","getReporteInventario"],"duration":1,"failing":false,"failureDetails":[{}],"failureMessages":["Error: No hay sesión activa\n    at getAuthHeaders (/Users/rosy/Desktop/ITC6/Reto/reto-aebnl/client/src/services/apiService.js:4:11)\n    at getAuthHeaders (/Users/rosy/Desktop/ITC6/Reto/reto-aebnl/client/src/services/reportesService.js:472:16)\n    at Object.<anonymous> (/Users/rosy/Desktop/ITC6/Reto/reto-aebnl/client/src/services/__tests__/reportesService.test.mjs:214:28)\n    at Promise.finally.completed (/Users/rosy/Desktop/ITC6/Reto/reto-aebnl/node_modules/jest-circus/build/jestAdapterInit.js:1561:28)\n    at new Promise (<anonymous>)\n    at callAsyncCircusFn (/Users/rosy/Desktop/ITC6/Reto/reto-aebnl/node_modules/jest-circus/build/jestAdapterInit.js:1501:10)\n    at _callCircusTest (/Users/rosy/Desktop/ITC6/Reto/reto-aebnl/node_modules/jest-circus/build/jestAdapterInit.js:1011:40)\n    at _runTest (/Users/rosy/Desktop/ITC6/Reto/reto-aebnl/node_modules/jest-circus/build/jestAdapterInit.js:951:3)\n    at /Users/rosy/Desktop/ITC6/Reto/reto-aebnl/node_modules/jest-circus/build/jestAdapterInit.js:853:7\n    at _runTestsForDescribeBlock (/Users/rosy/Desktop/ITC6/Reto/reto-aebnl/node_modules/jest-circus/build/jestAdapterInit.js:866:11)\n    at _runTestsForDescribeBlock (/Users/rosy/Desktop/ITC6/Reto/reto-aebnl/node_modules/jest-circus/build/jestAdapterInit.js:861:11)\n    at _runTestsForDescribeBlock (/Users/rosy/Desktop/ITC6/Reto/reto-aebnl/node_modules/jest-circus/build/jestAdapterInit.js:861:11)\n    at run (/Users/rosy/Desktop/ITC6/Reto/reto-aebnl/node_modules/jest-circus/build/jestAdapterInit.js:765:3)\n    at runAndTransformResultsToJestFormat (/Users/rosy/Desktop/ITC6/Reto/reto-aebnl/node_modules/jest-circus/build/jestAdapterInit.js:1993:21)\n    at jestAdapter (/Users/rosy/Desktop/ITC6/Reto/reto-aebnl/node_modules/jest-circus/build/runner.js:111:19)\n    at runTestInternal (/Users/rosy/Desktop/ITC6/Reto/reto-aebnl/node_modules/jest-runner/build/index.js:276:16)\n    at runTest (/Users/rosy/Desktop/ITC6/Reto/reto-aebnl/node_modules/jest-runner/build/index.js:344:7)"],"fullName":"reportesService getReporteInventario normaliza el reporte de inventario con categorias y movimientos","invocations":1,"location":null,"numPassingAsserts":0,"retryReasons":[],"startAt":1780350757949,"status":"failed","title":"normaliza el reporte de inventario con categorias y movimientos"}],"endTime":1780350757961,"message":"\u001b[1m\u001b[31m  \u001b[1m● \u001b[22m\u001b[1mreportesService › getReporteGeneral › normaliza el reporte general correctamente\u001b[39m\u001b[22m\n\n    No hay sesión activa\n\u001b[2m\u001b[22m\n\u001b[2m    \u001b[0m \u001b[90m 2 |\u001b[39m   \u001b[36mconst\u001b[39m token \u001b[33m=\u001b[39m localStorage\u001b[33m.\u001b[39mgetItem(\u001b[32m'token'\u001b[39m)\u001b[22m\n\u001b[2m     \u001b[90m 3 |\u001b[39m   \u001b[36mif\u001b[39m (\u001b[33m!\u001b[39mtoken) {\u001b[22m\n\u001b[2m    \u001b[31m\u001b[1m>\u001b[22m\u001b[2m\u001b[39m\u001b[90m 4 |\u001b[39m     \u001b[36mthrow\u001b[39m \u001b[36mnew\u001b[39m \u001b[33mError\u001b[39m(\u001b[32m'No hay sesión activa'\u001b[39m)\u001b[22m\n\u001b[2m     \u001b[90m   |\u001b[39m           \u001b[31m\u001b[1m^\u001b[22m\u001b[2m\u001b[39m\u001b[22m\n\u001b[2m     \u001b[90m 5 |\u001b[39m   }\u001b[22m\n\u001b[2m     \u001b[90m 6 |\u001b[39m   \u001b[36mreturn\u001b[39m {\u001b[22m\n\u001b[2m     \u001b[90m 7 |\u001b[39m     \u001b[32m'Content-Type'\u001b[39m\u001b[33m:\u001b[39m \u001b[32m'application/json'\u001b[39m\u001b[33m,\u001b[39m\u001b[0m\u001b[22m\n\u001b[2m\u001b[22m\n\u001b[2m      \u001b[2mat getAuthHeaders (\u001b[22m\u001b[2mclient/src/services/apiService.js\u001b[2m:4:11)\u001b[22m\u001b[2m\u001b[22m\n\u001b[2m      \u001b[2mat getAuthHeaders (\u001b[22m\u001b[2mclient/src/services/reportesService.js\u001b[2m:101:14)\u001b[22m\u001b[2m\u001b[22m\n\u001b[2m      \u001b[2mat Object.<anonymous> (\u001b[22m\u001b[2m\u001b[0m\u001b[36mclient/src/services/__tests__/reportesService.test.mjs\u001b[39m\u001b[0m\u001b[2m:53:28)\u001b[22m\u001b[2m\u001b[22m\n\n\u001b[1m\u001b[31m  \u001b[1m● \u001b[22m\u001b[1mreportesService › getReporteGeneral › lanza error cuando la respuesta no es ok\u001b[39m\u001b[22m\n\n    \u001b[2mexpect(\u001b[22m\u001b[31mreceived\u001b[39m\u001b[2m).\u001b[22mrejects\u001b[2m.\u001b[22mtoThrow\u001b[2m(\u001b[22m\u001b[32mexpected\u001b[39m\u001b[2m)\u001b[22m\n\n    Expected substring: \u001b[32m\"Error interno\"\u001b[39m\n    Received message:   \u001b[31m\"No hay sesión activa\"\u001b[39m\n\n        \u001b[0m \u001b[90m 2 |\u001b[39m   \u001b[36mconst\u001b[39m token \u001b[33m=\u001b[39m localStorage\u001b[33m.\u001b[39mgetItem(\u001b[32m'token'\u001b[39m)\n         \u001b[90m 3 |\u001b[39m   \u001b[36mif\u001b[39m (\u001b[33m!\u001b[39mtoken) {\n        \u001b[31m\u001b[1m>\u001b[22m\u001b[39m\u001b[90m 4 |\u001b[39m     \u001b[36mthrow\u001b[39m \u001b[36mnew\u001b[39m \u001b[33mError\u001b[39m(\u001b[32m'No hay sesión activa'\u001b[39m)\n         \u001b[90m   |\u001b[39m           \u001b[31m\u001b[1m^\u001b[22m\u001b[39m\n         \u001b[90m 5 |\u001b[39m   }\n         \u001b[90m 6 |\u001b[39m   \u001b[36mreturn\u001b[39m {\n         \u001b[90m 7 |\u001b[39m     \u001b[32m'Content-Type'\u001b[39m\u001b[33m:\u001b[39m \u001b[32m'application/json'\u001b[39m\u001b[33m,\u001b[39m\u001b[0m\n\n          \u001b[2mat getAuthHeaders (\u001b[22mclient/src/services/apiService.js\u001b[2m:4:11)\u001b[22m\n          \u001b[2mat getAuthHeaders (\u001b[22mclient/src/services/reportesService.js\u001b[2m:101:14)\u001b[22m\n          \u001b[2mat Object.<anonymous> (\u001b[22mclient/src/services/__tests__/reportesService.test.mjs\u001b[2m:79:20)\u001b[22m\n\u001b[2m\u001b[22m\n\u001b[2m    \u001b[0m \u001b[90m 77 |\u001b[39m       })\u001b[33m;\u001b[39m\u001b[22m\n\u001b[2m     \u001b[90m 78 |\u001b[39m\u001b[22m\n\u001b[2m    \u001b[31m\u001b[1m>\u001b[22m\u001b[2m\u001b[39m\u001b[90m 79 |\u001b[39m       \u001b[36mawait\u001b[39m expect(getReporteGeneral())\u001b[33m.\u001b[39mrejects\u001b[33m.\u001b[39mtoThrow(\u001b[32m'Error interno'\u001b[39m)\u001b[33m;\u001b[39m\u001b[22m\n\u001b[2m     \u001b[90m    |\u001b[39m                                                 \u001b[31m\u001b[1m^\u001b[22m\u001b[2m\u001b[39m\u001b[22m\n\u001b[2m     \u001b[90m 80 |\u001b[39m     })\u001b[33m;\u001b[39m\u001b[22m\n\u001b[2m     \u001b[90m 81 |\u001b[39m   })\u001b[33m;\u001b[39m\u001b[22m\n\u001b[2m     \u001b[90m 82 |\u001b[39m\u001b[0m\u001b[22m\n\u001b[2m\u001b[22m\n\u001b[2m      \u001b[2mat Object.toThrow (\u001b[22m\u001b[2mnode_modules/expect/build/index.js\u001b[2m:2155:20)\u001b[22m\u001b[2m\u001b[22m\n\u001b[2m      \u001b[2mat Object.<anonymous> (\u001b[22m\u001b[2m\u001b[0m\u001b[36mclient/src/services/__tests__/reportesService.test.mjs\u001b[39m\u001b[0m\u001b[2m:79:49)\u001b[22m\u001b[2m\u001b[22m\n\n\u001b[1m\u001b[31m  \u001b[1m● \u001b[22m\u001b[1mreportesService › getReporteMensual › normaliza el reporte mensual y genera el nombre del mes\u001b[39m\u001b[22m\n\n    No hay sesión activa\n\u001b[2m\u001b[22m\n\u001b[2m    \u001b[0m \u001b[90m 2 |\u001b[39m   \u001b[36mconst\u001b[39m token \u001b[33m=\u001b[39m localStorage\u001b[33m.\u001b[39mgetItem(\u001b[32m'token'\u001b[39m)\u001b[22m\n\u001b[2m     \u001b[90m 3 |\u001b[39m   \u001b[36mif\u001b[39m (\u001b[33m!\u001b[39mtoken) {\u001b[22m\n\u001b[2m    \u001b[31m\u001b[1m>\u001b[22m\u001b[2m\u001b[39m\u001b[90m 4 |\u001b[39m     \u001b[36mthrow\u001b[39m \u001b[36mnew\u001b[39m \u001b[33mError\u001b[39m(\u001b[32m'No hay sesión activa'\u001b[39m)\u001b[22m\n\u001b[2m     \u001b[90m   |\u001b[39m           \u001b[31m\u001b[1m^\u001b[22m\u001b[2m\u001b[39m\u001b[22m\n\u001b[2m     \u001b[90m 5 |\u001b[39m   }\u001b[22m\n\u001b[2m     \u001b[90m 6 |\u001b[39m   \u001b[36mreturn\u001b[39m {\u001b[22m\n\u001b[2m     \u001b[90m 7 |\u001b[39m     \u001b[32m'Content-Type'\u001b[39m\u001b[33m:\u001b[39m \u001b[32m'application/json'\u001b[39m\u001b[33m,\u001b[39m\u001b[0m\u001b[22m\n\u001b[2m\u001b[22m\n\u001b[2m      \u001b[2mat getAuthHeaders (\u001b[22m\u001b[2mclient/src/services/apiService.js\u001b[2m:4:11)\u001b[22m\u001b[2m\u001b[22m\n\u001b[2m      \u001b[2mat getAuthHeaders (\u001b[22m\u001b[2mclient/src/services/reportesService.js\u001b[2m:240:16)\u001b[22m\u001b[2m\u001b[22m\n\u001b[2m      \u001b[2mat Object.<anonymous> (\u001b[22m\u001b[2m\u001b[0m\u001b[36mclient/src/services/__tests__/reportesService.test.mjs\u001b[39m\u001b[0m\u001b[2m:109:28)\u001b[22m\u001b[2m\u001b[22m\n\n\u001b[1m\u001b[31m  \u001b[1m● \u001b[22m\u001b[1mreportesService › getReporteAnual › normaliza el reporte anual y convierte mes a etiqueta\u001b[39m\u001b[22m\n\n    No hay sesión activa\n\u001b[2m\u001b[22m\n\u001b[2m    \u001b[0m \u001b[90m 2 |\u001b[39m   \u001b[36mconst\u001b[39m token \u001b[33m=\u001b[39m localStorage\u001b[33m.\u001b[39mgetItem(\u001b[32m'token'\u001b[39m)\u001b[22m\n\u001b[2m     \u001b[90m 3 |\u001b[39m   \u001b[36mif\u001b[39m (\u001b[33m!\u001b[39mtoken) {\u001b[22m\n\u001b[2m    \u001b[31m\u001b[1m>\u001b[22m\u001b[2m\u001b[39m\u001b[90m 4 |\u001b[39m     \u001b[36mthrow\u001b[39m \u001b[36mnew\u001b[39m \u001b[33mError\u001b[39m(\u001b[32m'No hay sesión activa'\u001b[39m)\u001b[22m\n\u001b[2m     \u001b[90m   |\u001b[39m           \u001b[31m\u001b[1m^\u001b[22m\u001b[2m\u001b[39m\u001b[22m\n\u001b[2m     \u001b[90m 5 |\u001b[39m   }\u001b[22m\n\u001b[2m     \u001b[90m 6 |\u001b[39m   \u001b[36mreturn\u001b[39m {\u001b[22m\n\u001b[2m     \u001b[90m 7 |\u001b[39m     \u001b[32m'Content-Type'\u001b[39m\u001b[33m:\u001b[39m \u001b[32m'application/json'\u001b[39m\u001b[33m,\u001b[39m\u001b[0m\u001b[22m\n\u001b[2m\u001b[22m\n\u001b[2m      \u001b[2mat getAuthHeaders (\u001b[22m\u001b[2mclient/src/services/apiService.js\u001b[2m:4:11)\u001b[22m\u001b[2m\u001b[22m\n\u001b[2m      \u001b[2mat getAuthHeaders (\u001b[22m\u001b[2mclient/src/services/reportesService.js\u001b[2m:298:16)\u001b[22m\u001b[2m\u001b[22m\n\u001b[2m      \u001b[2mat Object.<anonymous> (\u001b[22m\u001b[2m\u001b[0m\u001b[36mclient/src/services/__tests__/reportesService.test.mjs\u001b[39m\u001b[0m\u001b[2m:146:28)\u001b[22m\u001b[2m\u001b[22m\n\n\u001b[1m\u001b[31m  \u001b[1m● \u001b[22m\u001b[1mreportesService › getReportePeriodo › normaliza el reporte por periodo y conserva fechas\u001b[39m\u001b[22m\n\n    No hay sesión activa\n\u001b[2m\u001b[22m\n\u001b[2m    \u001b[0m \u001b[90m 2 |\u001b[39m   \u001b[36mconst\u001b[39m token \u001b[33m=\u001b[39m localStorage\u001b[33m.\u001b[39mgetItem(\u001b[32m'token'\u001b[39m)\u001b[22m\n\u001b[2m     \u001b[90m 3 |\u001b[39m   \u001b[36mif\u001b[39m (\u001b[33m!\u001b[39mtoken) {\u001b[22m\n\u001b[2m    \u001b[31m\u001b[1m>\u001b[22m\u001b[2m\u001b[39m\u001b[90m 4 |\u001b[39m     \u001b[36mthrow\u001b[39m \u001b[36mnew\u001b[39m \u001b[33mError\u001b[39m(\u001b[32m'No hay sesión activa'\u001b[39m)\u001b[22m\n\u001b[2m     \u001b[90m   |\u001b[39m           \u001b[31m\u001b[1m^\u001b[22m\u001b[2m\u001b[39m\u001b[22m\n\u001b[2m     \u001b[90m 5 |\u001b[39m   }\u001b[22m\n\u001b[2m     \u001b[90m 6 |\u001b[39m   \u001b[36mreturn\u001b[39m {\u001b[22m\n\u001b[2m     \u001b[90m 7 |\u001b[39m     \u001b[32m'Content-Type'\u001b[39m\u001b[33m:\u001b[39m \u001b[32m'application/json'\u001b[39m\u001b[33m,\u001b[39m\u001b[0m\u001b[22m\n\u001b[2m\u001b[22m\n\u001b[2m      \u001b[2mat getAuthHeaders (\u001b[22m\u001b[2mclient/src/services/apiService.js\u001b[2m:4:11)\u001b[22m\u001b[2m\u001b[22m\n\u001b[2m      \u001b[2mat getAuthHeaders (\u001b[22m\u001b[2mclient/src/services/reportesService.js\u001b[2m:363:16)\u001b[22m\u001b[2m\u001b[22m\n\u001b[2m      \u001b[2mat Object.<anonymous> (\u001b[22m\u001b[2m\u001b[0m\u001b[36mclient/src/services/__tests__/reportesService.test.mjs\u001b[39m\u001b[0m\u001b[2m:176:28)\u001b[22m\u001b[2m\u001b[22m\n\n\u001b[1m\u001b[31m  \u001b[1m● \u001b[22m\u001b[1mreportesService › getReporteInventario › normaliza el reporte de inventario con categorias y movimientos\u001b[39m\u001b[22m\n\n    No hay sesión activa\n\u001b[2m\u001b[22m\n\u001b[2m    \u001b[0m \u001b[90m 2 |\u001b[39m   \u001b[36mconst\u001b[39m token \u001b[33m=\u001b[39m localStorage\u001b[33m.\u001b[39mgetItem(\u001b[32m'token'\u001b[39m)\u001b[22m\n\u001b[2m     \u001b[90m 3 |\u001b[39m   \u001b[36mif\u001b[39m (\u001b[33m!\u001b[39mtoken) {\u001b[22m\n\u001b[2m    \u001b[31m\u001b[1m>\u001b[22m\u001b[2m\u001b[39m\u001b[90m 4 |\u001b[39m     \u001b[36mthrow\u001b[39m \u001b[36mnew\u001b[39m \u001b[33mError\u001b[39m(\u001b[32m'No hay sesión activa'\u001b[39m)\u001b[22m\n\u001b[2m     \u001b[90m   |\u001b[39m           \u001b[31m\u001b[1m^\u001b[22m\u001b[2m\u001b[39m\u001b[22m\n\u001b[2m     \u001b[90m 5 |\u001b[39m   }\u001b[22m\n\u001b[2m     \u001b[90m 6 |\u001b[39m   \u001b[36mreturn\u001b[39m {\u001b[22m\n\u001b[2m     \u001b[90m 7 |\u001b[39m     \u001b[32m'Content-Type'\u001b[39m\u001b[33m:\u001b[39m \u001b[32m'application/json'\u001b[39m\u001b[33m,\u001b[39m\u001b[0m\u001b[22m\n\u001b[2m\u001b[22m\n\u001b[2m      \u001b[2mat getAuthHeaders (\u001b[22m\u001b[2mclient/src/services/apiService.js\u001b[2m:4:11)\u001b[22m\u001b[2m\u001b[22m\n\u001b[2m      \u001b[2mat getAuthHeaders (\u001b[22m\u001b[2mclient/src/services/reportesService.js\u001b[2m:472:16)\u001b[22m\u001b[2m\u001b[22m\n\u001b[2m      \u001b[2mat Object.<anonymous> (\u001b[22m\u001b[2m\u001b[0m\u001b[36mclient/src/services/__tests__/reportesService.test.mjs\u001b[39m\u001b[0m\u001b[2m:214:28)\u001b[22m\u001b[2m\u001b[22m\n","name":"/Users/rosy/Desktop/ITC6/Reto/reto-aebnl/client/src/services/__tests__/reportesService.test.mjs","startTime":1780350757829,"status":"failed","summary":""},{"assertionResults":[{"ancestorTitles":["useRegistroBeneficiario"],"duration":23,"failing":false,"failureDetails":[],"failureMessages":[],"fullName":"useRegistroBeneficiario inicializa con valores por defecto","invocations":1,"location":null,"numPassingAsserts":5,"retryReasons":[],"startAt":1780350758115,"status":"passed","title":"inicializa con valores por defecto"},{"ancestorTitles":["useRegistroBeneficiario"],"duration":3,"failing":false,"failureDetails":[],"failureMessages":[],"fullName":"useRegistroBeneficiario handleInputChange limpia nombres y teléfonos","invocations":1,"location":null,"numPassingAsserts":2,"retryReasons":[],"startAt":1780350758139,"status":"passed","title":"handleInputChange limpia nombres y teléfonos"},{"ancestorTitles":["useRegistroBeneficiario"],"duration":2,"failing":false,"failureDetails":[],"failureMessages":[],"fullName":"useRegistroBeneficiario handleFechaNacimientoChange actualiza la fecha y borra el error","invocations":1,"location":null,"numPassingAsserts":2,"retryReasons":[],"startAt":1780350758143,"status":"passed","title":"handleFechaNacimientoChange actualiza la fecha y borra el error"},{"ancestorTitles":["useRegistroBeneficiario"],"duration":2,"failing":false,"failureDetails":[],"failureMessages":[],"fullName":"useRegistroBeneficiario handleBlur agrega error cuando el campo es inválido","invocations":1,"location":null,"numPassingAsserts":1,"retryReasons":[],"startAt":1780350758145,"status":"passed","title":"handleBlur agrega error cuando el campo es inválido"},{"ancestorTitles":["useRegistroBeneficiario"],"duration":2,"failing":false,"failureDetails":[],"failureMessages":[],"fullName":"useRegistroBeneficiario handleTipoEspinasChange agrega y quita elementos","invocations":1,"location":null,"numPassingAsserts":2,"retryReasons":[],"startAt":1780350758147,"status":"passed","title":"handleTipoEspinasChange agrega y quita elementos"},{"ancestorTitles":["useRegistroBeneficiario"],"duration":2,"failing":false,"failureDetails":[],"failureMessages":[],"fullName":"useRegistroBeneficiario handleFotoChange actualiza la fotografía y limpia errores","invocations":1,"location":null,"numPassingAsserts":4,"retryReasons":[],"startAt":1780350758149,"status":"passed","title":"handleFotoChange actualiza la fotografía y limpia errores"},{"ancestorTitles":["useRegistroBeneficiario"],"duration":2,"failing":false,"failureDetails":[],"failureMessages":[],"fullName":"useRegistroBeneficiario calculateFechaVigencia calcula la fecha final del periodo","invocations":1,"location":null,"numPassingAsserts":1,"retryReasons":[],"startAt":1780350758151,"status":"passed","title":"calculateFechaVigencia calcula la fecha final del periodo"},{"ancestorTitles":["useRegistroBeneficiario"],"duration":2,"failing":false,"failureDetails":[],"failureMessages":[],"fullName":"useRegistroBeneficiario handleNext aumenta el paso y marca los pasos tocados","invocations":1,"location":null,"numPassingAsserts":3,"retryReasons":[],"startAt":1780350758153,"status":"passed","title":"handleNext aumenta el paso y marca los pasos tocados"},{"ancestorTitles":["useRegistroBeneficiario"],"duration":2,"failing":false,"failureDetails":[],"failureMessages":[],"fullName":"useRegistroBeneficiario handlePrev no disminuye por debajo de 0","invocations":1,"location":null,"numPassingAsserts":1,"retryReasons":[],"startAt":1780350758155,"status":"passed","title":"handlePrev no disminuye por debajo de 0"},{"ancestorTitles":["useRegistroBeneficiario"],"duration":2,"failing":false,"failureDetails":[],"failureMessages":[],"fullName":"useRegistroBeneficiario handleSubmit establece error cuando faltan pasos completos","invocations":1,"location":null,"numPassingAsserts":2,"retryReasons":[],"startAt":1780350758157,"status":"passed","title":"handleSubmit establece error cuando faltan pasos completos"}],"endTime":1780350758160,"message":"","name":"/Users/rosy/Desktop/ITC6/Reto/reto-aebnl/client/src/hooks/__tests__/useRegistroBeneficiario.test.mjs","startTime":1780350757984,"status":"passed","summary":""},{"assertionResults":[{"ancestorTitles":["inventarioUi","formatPrecioMXN"],"duration":19,"failing":false,"failureDetails":[],"failureMessages":[],"fullName":"inventarioUi formatPrecioMXN formatea montos numéricos en MXN","invocations":1,"location":null,"numPassingAsserts":2,"retryReasons":[],"startAt":1780350758309,"status":"passed","title":"formatea montos numéricos en MXN"},{"ancestorTitles":["inventarioUi","formatPrecioMXN"],"duration":1,"failing":false,"failureDetails":[],"failureMessages":[],"fullName":"inventarioUi formatPrecioMXN devuelve guion cuando el valor no es un número válido","invocations":1,"location":null,"numPassingAsserts":2,"retryReasons":[],"startAt":1780350758328,"status":"passed","title":"devuelve guion cuando el valor no es un número válido"},{"ancestorTitles":["inventarioUi","formatPrecioMXN"],"duration":0,"failing":false,"failureDetails":[],"failureMessages":[],"fullName":"inventarioUi formatPrecioMXN null se interpreta como cero","invocations":1,"location":null,"numPassingAsserts":1,"retryReasons":[],"startAt":1780350758329,"status":"passed","title":"null se interpreta como cero"},{"ancestorTitles":["inventarioUi","etiquetaCategoriaDesdeApi"],"duration":0,"failing":false,"failureDetails":[],"failureMessages":[],"fullName":"inventarioUi etiquetaCategoriaDesdeApi usa DESCRIPCION_CATEGORIA cuando está presente y no está vacía","invocations":1,"location":null,"numPassingAsserts":1,"retryReasons":[],"startAt":1780350758329,"status":"passed","title":"usa DESCRIPCION_CATEGORIA cuando está presente y no está vacía"},{"ancestorTitles":["inventarioUi","etiquetaCategoriaDesdeApi"],"duration":0,"failing":false,"failureDetails":[],"failureMessages":[],"fullName":"inventarioUi etiquetaCategoriaDesdeApi genera etiqueta de categoría cuando DESCRIPCION_CATEGORIA es nula","invocations":1,"location":null,"numPassingAsserts":1,"retryReasons":[],"startAt":1780350758329,"status":"passed","title":"genera etiqueta de categoría cuando DESCRIPCION_CATEGORIA es nula"},{"ancestorTitles":["inventarioUi","etiquetaCategoriaDesdeApi"],"duration":1,"failing":false,"failureDetails":[],"failureMessages":[],"fullName":"inventarioUi etiquetaCategoriaDesdeApi devuelve guion cuando no hay ID ni descripción","invocations":1,"location":null,"numPassingAsserts":2,"retryReasons":[],"startAt":1780350758329,"status":"passed","title":"devuelve guion cuando no hay ID ni descripción"},{"ancestorTitles":["inventarioUi","mapInventarioApiRowToTableRow"],"duration":0,"failing":false,"failureDetails":[],"failureMessages":[],"fullName":"inventarioUi mapInventarioApiRowToTableRow transforma una fila de API en formato de tabla","invocations":1,"location":null,"numPassingAsserts":1,"retryReasons":[],"startAt":1780350758330,"status":"passed","title":"transforma una fila de API en formato de tabla"},{"ancestorTitles":["inventarioUi","mapInventarioApiRowToTableRow"],"duration":1,"failing":false,"failureDetails":[],"failureMessages":[],"fullName":"inventarioUi mapInventarioApiRowToTableRow maneja valores faltantes correctamente","invocations":1,"location":null,"numPassingAsserts":1,"retryReasons":[],"startAt":1780350758330,"status":"passed","title":"maneja valores faltantes correctamente"},{"ancestorTitles":["inventarioUi","buildCategoriaFilterOptions"],"duration":0,"failing":false,"failureDetails":[],"failureMessages":[],"fullName":"inventarioUi buildCategoriaFilterOptions construye opciones de filtro ordenadas por id de categoría","invocations":1,"location":null,"numPassingAsserts":1,"retryReasons":[],"startAt":1780350758331,"status":"passed","title":"construye opciones de filtro ordenadas por id de categoría"},{"ancestorTitles":["inventarioUi","buildCategoriaFilterOptions"],"duration":0,"failing":false,"failureDetails":[],"failureMessages":[],"fullName":"inventarioUi buildCategoriaFilterOptions ignora filas sin id_categoria válido","invocations":1,"location":null,"numPassingAsserts":1,"retryReasons":[],"startAt":1780350758331,"status":"passed","title":"ignora filas sin id_categoria válido"},{"ancestorTitles":["inventarioUi","filterInventarioTableRows"],"duration":1,"failing":false,"failureDetails":[],"failureMessages":[],"fullName":"inventarioUi filterInventarioTableRows filtra por categoriaId cuando se proporciona","invocations":1,"location":null,"numPassingAsserts":1,"retryReasons":[],"startAt":1780350758331,"status":"passed","title":"filtra por categoriaId cuando se proporciona"},{"ancestorTitles":["inventarioUi","filterInventarioTableRows"],"duration":0,"failing":false,"failureDetails":[],"failureMessages":[],"fullName":"inventarioUi filterInventarioTableRows filtra por texto de búsqueda en nombre, clave o categoria","invocations":1,"location":null,"numPassingAsserts":1,"retryReasons":[],"startAt":1780350758332,"status":"passed","title":"filtra por texto de búsqueda en nombre, clave o categoria"},{"ancestorTitles":["inventarioUi","filterInventarioTableRows"],"duration":0,"failing":false,"failureDetails":[],"failureMessages":[],"fullName":"inventarioUi filterInventarioTableRows retorna todas las filas si no hay filtro de texto ni categoría","invocations":1,"location":null,"numPassingAsserts":1,"retryReasons":[],"startAt":1780350758332,"status":"passed","title":"retorna todas las filas si no hay filtro de texto ni categoría"}],"endTime":1780350758333,"message":"","name":"/Users/rosy/Desktop/ITC6/Reto/reto-aebnl/client/src/pages/inventario/__tests__/inventarioUi.test.mjs","startTime":1780350758263,"status":"passed","summary":""},{"assertionResults":[{"ancestorTitles":["beneficiarioValidation","validateField"],"duration":1,"failing":false,"failureDetails":[],"failureMessages":[],"fullName":"beneficiarioValidation validateField telefono invalido devuelve error","invocations":1,"location":null,"numPassingAsserts":1,"retryReasons":[],"startAt":1780350758387,"status":"passed","title":"telefono invalido devuelve error"},{"ancestorTitles":["beneficiarioValidation","validateField"],"duration":1,"failing":false,"failureDetails":[],"failureMessages":[],"fullName":"beneficiarioValidation validateField domicilio_cp invalido devuelve error","invocations":1,"location":null,"numPassingAsserts":1,"retryReasons":[],"startAt":1780350758388,"status":"passed","title":"domicilio_cp invalido devuelve error"},{"ancestorTitles":["beneficiarioValidation","validateField"],"duration":0,"failing":false,"failureDetails":[],"failureMessages":[],"fullName":"beneficiarioValidation validateField nombres con numeros devuelve error","invocations":1,"location":null,"numPassingAsserts":1,"retryReasons":[],"startAt":1780350758389,"status":"passed","title":"nombres con numeros devuelve error"},{"ancestorTitles":["beneficiarioValidation","validateField"],"duration":0,"failing":false,"failureDetails":[],"failureMessages":[],"fullName":"beneficiarioValidation validateField CURP invalida devuelve error","invocations":1,"location":null,"numPassingAsserts":1,"retryReasons":[],"startAt":1780350758390,"status":"passed","title":"CURP invalida devuelve error"},{"ancestorTitles":["beneficiarioValidation","validateField"],"duration":0,"failing":false,"failureDetails":[],"failureMessages":[],"fullName":"beneficiarioValidation validateField campo valido devuelve cadena vacia","invocations":1,"location":null,"numPassingAsserts":4,"retryReasons":[],"startAt":1780350758390,"status":"passed","title":"campo valido devuelve cadena vacia"},{"ancestorTitles":["beneficiarioValidation","validateStepFields"],"duration":0,"failing":false,"failureDetails":[],"failureMessages":[],"fullName":"beneficiarioValidation validateStepFields step 0 con datos validos no devuelve errores","invocations":1,"location":null,"numPassingAsserts":1,"retryReasons":[],"startAt":1780350758391,"status":"passed","title":"step 0 con datos validos no devuelve errores"},{"ancestorTitles":["beneficiarioValidation","validateStepFields"],"duration":0,"failing":false,"failureDetails":[],"failureMessages":[],"fullName":"beneficiarioValidation validateStepFields step 0 sin fechaNacimiento devuelve error de fecha","invocations":1,"location":null,"numPassingAsserts":1,"retryReasons":[],"startAt":1780350758392,"status":"passed","title":"step 0 sin fechaNacimiento devuelve error de fecha"},{"ancestorTitles":["beneficiarioValidation","validateStepFields"],"duration":0,"failing":false,"failureDetails":[],"failureMessages":[],"fullName":"beneficiarioValidation validateStepFields step 1 sin tipo_espinas devuelve error","invocations":1,"location":null,"numPassingAsserts":1,"retryReasons":[],"startAt":1780350758392,"status":"passed","title":"step 1 sin tipo_espinas devuelve error"},{"ancestorTitles":["beneficiarioValidation","validateStepFields"],"duration":0,"failing":false,"failureDetails":[],"failureMessages":[],"fullName":"beneficiarioValidation validateStepFields step 1 con telefono de contacto invalido devuelve error","invocations":1,"location":null,"numPassingAsserts":1,"retryReasons":[],"startAt":1780350758392,"status":"passed","title":"step 1 con telefono de contacto invalido devuelve error"},{"ancestorTitles":["beneficiarioValidation","validateStepFields"],"duration":0,"failing":false,"failureDetails":[],"failureMessages":[],"fullName":"beneficiarioValidation validateStepFields step 2 con cp invalido devuelve error","invocations":1,"location":null,"numPassingAsserts":1,"retryReasons":[],"startAt":1780350758392,"status":"passed","title":"step 2 con cp invalido devuelve error"},{"ancestorTitles":["beneficiarioValidation","validateStepFields"],"duration":0,"failing":false,"failureDetails":[],"failureMessages":[],"fullName":"beneficiarioValidation validateStepFields step 3 con meses_membresia cero devuelve error","invocations":1,"location":null,"numPassingAsserts":1,"retryReasons":[],"startAt":1780350758393,"status":"passed","title":"step 3 con meses_membresia cero devuelve error"},{"ancestorTitles":["beneficiarioValidation","validateStep"],"duration":0,"failing":false,"failureDetails":[],"failureMessages":[],"fullName":"beneficiarioValidation validateStep validateStep devuelve true con datos validos","invocations":1,"location":null,"numPassingAsserts":1,"retryReasons":[],"startAt":1780350758393,"status":"passed","title":"validateStep devuelve true con datos validos"},{"ancestorTitles":["beneficiarioValidation","validateStep"],"duration":0,"failing":false,"failureDetails":[],"failureMessages":[],"fullName":"beneficiarioValidation validateStep validateStep devuelve false con datos invalidos","invocations":1,"location":null,"numPassingAsserts":1,"retryReasons":[],"startAt":1780350758393,"status":"passed","title":"validateStep devuelve false con datos invalidos"}],"endTime":1780350758394,"message":"","name":"/Users/rosy/Desktop/ITC6/Reto/reto-aebnl/client/src/utils/__tests__/beneficiarioValidation.test.js","startTime":1780350758340,"status":"passed","summary":""}],"wasInterrupted":false}
