{"numFailedTestSuites":0,"numFailedTests":0,"numPassedTestSuites":1,"numPassedTests":6,"numPendingTestSuites":0,"numPendingTests":0,"numRuntimeErrorTestSuites":0,"numTodoTests":0,"numTotalTestSuites":1,"numTotalTests":6,"openHandles":[],"snapshot":{"added":0,"didUpdate":false,"failure":false,"filesAdded":0,"filesRemoved":0,"filesRemovedList":[],"filesUnmatched":0,"filesUpdated":0,"matched":0,"total":0,"unchecked":0,"uncheckedKeysByFile":[],"unmatched":0,"updated":0},"startTime":1780354929540,"success":true,"testResults":[{"assertionResults":[{"ancestorTitles":["reportesService","getReporteGeneral"],"duration":3,"failing":false,"failureDetails":[],"failureMessages":[],"fullName":"reportesService getReporteGeneral normaliza el reporte general correctamente","invocations":1,"location":null,"numPassingAsserts":6,"retryReasons":[],"startAt":1780354930078,"status":"passed","title":"normaliza el reporte general correctamente"},{"ancestorTitles":["reportesService","getReporteGeneral"],"duration":10,"failing":false,"failureDetails":[],"failureMessages":[],"fullName":"reportesService getReporteGeneral lanza error cuando la respuesta no es ok","invocations":1,"location":null,"numPassingAsserts":1,"retryReasons":[],"startAt":1780354930082,"status":"passed","title":"lanza error cuando la respuesta no es ok"},{"ancestorTitles":["reportesService","getReporteMensual"],"duration":1,"failing":false,"failureDetails":[],"failureMessages":[],"fullName":"reportesService getReporteMensual normaliza el reporte mensual y genera el nombre del mes","invocations":1,"location":null,"numPassingAsserts":5,"retryReasons":[],"startAt":1780354930093,"status":"passed","title":"normaliza el reporte mensual y genera el nombre del mes"},{"ancestorTitles":["reportesService","getReporteAnual"],"duration":1,"failing":false,"failureDetails":[],"failureMessages":[],"fullName":"reportesService getReporteAnual normaliza el reporte anual y convierte mes a etiqueta","invocations":1,"location":null,"numPassingAsserts":4,"retryReasons":[],"startAt":1780354930095,"status":"passed","title":"normaliza el reporte anual y convierte mes a etiqueta"},{"ancestorTitles":["reportesService","getReportePeriodo"],"duration":0,"failing":false,"failureDetails":[],"failureMessages":[],"fullName":"reportesService getReportePeriodo normaliza el reporte por periodo y conserva fechas","invocations":1,"location":null,"numPassingAsserts":3,"retryReasons":[],"startAt":1780354930096,"status":"passed","title":"normaliza el reporte por periodo y conserva fechas"},{"ancestorTitles":["reportesService","getReporteInventario"],"duration":0,"failing":false,"failureDetails":[],"failureMessages":[],"fullName":"reportesService getReporteInventario normaliza el reporte de inventario con categorias y movimientos","invocations":1,"location":null,"numPassingAsserts":7,"retryReasons":[],"startAt":1780354930097,"status":"passed","title":"normaliza el reporte de inventario con categorias y movimientos"}],"endTime":1780354930098,"message":"","name":"/Users/rosy/Desktop/ITC6/Reto/reto-aebnl/client/src/services/__tests__/reportesService.test.mjs","startTime":1780354929947,"status":"passed","summary":""}],"wasInterrupted":false}
