{"numFailedTestSuites":1,"numFailedTests":6,"numPassedTestSuites":0,"numPassedTests":0,"numPendingTestSuites":0,"numPendingTests":0,"numRuntimeErrorTestSuites":0,"numTodoTests":0,"numTotalTestSuites":1,"numTotalTests":6,"openHandles":[],"snapshot":{"added":0,"didUpdate":false,"failure":false,"filesAdded":0,"filesRemoved":0,"filesRemovedList":[],"filesUnmatched":0,"filesUpdated":0,"matched":0,"total":0,"unchecked":0,"uncheckedKeysByFile":[],"unmatched":0,"updated":0},"startTime":1780350921498,"success":false,"testResults":[{"assertionResults":[{"ancestorTitles":["reportesService","getReporteGeneral"],"duration":2,"failing":false,"failureDetails":[{}],"failureMessages":["Error: No hay sesión activa\n    at getAuthHeaders (/Users/rosy/Desktop/ITC6/Reto/reto-aebnl/client/src/services/apiService.js:4:11)\n    at getAuthHeaders (/Users/rosy/Desktop/ITC6/Reto/reto-aebnl/client/src/services/reportesService.js:101:14)\n    at Object.<anonymous> (/Users/rosy/Desktop/ITC6/Reto/reto-aebnl/client/src/services/__tests__/reportesService.test.mjs:53:28)\n    at Promise.finally.completed (/Users/rosy/Desktop/ITC6/Reto/reto-aebnl/node_modules/jest-circus/build/jestAdapterInit.js:1561:28)\n    at new Promise (<anonymous>)\n    at callAsyncCircusFn (/Users/rosy/Desktop/ITC6/Reto/reto-aebnl/node_modules/jest-circus/build/jestAdapterInit.js:1501:10)\n    at _callCircusTest (/Users/rosy/Desktop/ITC6/Reto/reto-aebnl/node_modules/jest-circus/build/jestAdapterInit.js:1011:40)\n    at _runTest (/Users/rosy/Desktop/ITC6/Reto/reto-aebnl/node_modules/jest-circus/build/jestAdapterInit.js:951:3)\n    at /Users/rosy/Desktop/ITC6/Reto/reto-aebnl/node_modules/jest-circus/build/jestAdapterInit.js:853:7\n    at _runTestsForDescribeBlock (/Users/rosy/Desktop/ITC6/Reto/reto-aebnl/node_modules/jest-circus/build/jestAdapterInit.js:866:11)\n    at _runTestsForDescribeBlock (/Users/rosy/Desktop/ITC6/Reto/reto-aebnl/node_modules/jest-circus/build/jestAdapterInit.js:861:11)\n    at _runTestsForDescribeBlock (/Users/rosy/Desktop/ITC6/Reto/reto-aebnl/node_modules/jest-circus/build/jestAdapterInit.js:861:11)\n    at run (/Users/rosy/Desktop/ITC6/Reto/reto-aebnl/node_modules/jest-circus/build/jestAdapterInit.js:765:3)\n    at runAndTransformResultsToJestFormat (/Users/rosy/Desktop/ITC6/Reto/reto-aebnl/node_modules/jest-circus/build/jestAdapterInit.js:1993:21)\n    at jestAdapter (/Users/rosy/Desktop/ITC6/Reto/reto-aebnl/node_modules/jest-circus/build/runner.js:111:19)\n    at runTestInternal (/Users/rosy/Desktop/ITC6/Reto/reto-aebnl/node_modules/jest-runner/build/index.js:276:16)\n    at runTest (/Users/rosy/Desktop/ITC6/Reto/reto-aebnl/node_modules/jest-runner/build/index.js:344:7)"],"fullName":"reportesService getReporteGeneral normaliza el reporte general correctamente","invocations":1,"location":null,"numPassingAsserts":0,"retryReasons":[],"startAt":1780350921983,"status":"failed","title":"normaliza el reporte general correctamente"},{"ancestorTitles":["reportesService","getReporteGeneral"],"duration":15,"failing":false,"failureDetails":[{"matcherResult":{"message":"\u001b[2mexpect(\u001b[22m\u001b[31mreceived\u001b[39m\u001b[2m).\u001b[22mrejects\u001b[2m.\u001b[22mtoThrow\u001b[2m(\u001b[22m\u001b[32mexpected\u001b[39m\u001b[2m)\u001b[22m\n\nExpected substring: \u001b[32m\"Error interno\"\u001b[39m\nReceived message:   \u001b[31m\"No hay sesión activa\"\u001b[39m\n\n    \u001b[0m \u001b[90m 2 |\u001b[39m   \u001b[36mconst\u001b[39m token \u001b[33m=\u001b[39m localStorage\u001b[33m.\u001b[39mgetItem(\u001b[32m'token'\u001b[39m)\n     \u001b[90m 3 |\u001b[39m   \u001b[36mif\u001b[39m (\u001b[33m!\u001b[39mtoken) {\n    \u001b[31m\u001b[1m>\u001b[22m\u001b[39m\u001b[90m 4 |\u001b[39m     \u001b[36mthrow\u001b[39m \u001b[36mnew\u001b[39m \u001b[33mError\u001b[39m(\u001b[32m'No hay sesión activa'\u001b[39m)\n     \u001b[90m   |\u001b[39m           \u001b[31m\u001b[1m^\u001b[22m\u001b[39m\n     \u001b[90m 5 |\u001b[39m   }\n     \u001b[90m 6 |\u001b[39m   \u001b[36mreturn\u001b[39m {\n     \u001b[90m 7 |\u001b[39m     \u001b[32m'Content-Type'\u001b[39m\u001b[33m:\u001b[39m \u001b[32m'application/json'\u001b[39m\u001b[33m,\u001b[39m\u001b[0m\n\n      \u001b[2mat getAuthHeaders (\u001b[22mclient/src/services/apiService.js\u001b[2m:4:11)\u001b[22m\n      \u001b[2mat getAuthHeaders (\u001b[22mclient/src/services/reportesService.js\u001b[2m:101:14)\u001b[22m\n      \u001b[2mat Object.<anonymous> (\u001b[22mclient/src/services/__tests__/reportesService.test.mjs\u001b[2m:79:20)\u001b[22m","pass":false},"message":"\u001b[2mexpect(\u001b[22m\u001b[31mreceived\u001b[39m\u001b[2m).\u001b[22mrejects\u001b[2m.\u001b[22mtoThrow\u001b[2m(\u001b[22m\u001b[32mexpected\u001b[39m\u001b[2m)\u001b[22m\n\nExpected substring: \u001b[32m\"Error interno\"\u001b[39m\nReceived message:   \u001b[31m\"No hay sesión activa\"\u001b[39m\n\n    \u001b[0m \u001b[90m 2 |\u001b[39m   \u001b[36mconst\u001b[39m token \u001b[33m=\u001b[39m localStorage\u001b[33m.\u001b[39mgetItem(\u001b[32m'token'\u001b[39m)\n     \u001b[90m 3 |\u001b[39m   \u001b[36mif\u001b[39m (\u001b[33m!\u001b[39mtoken) {\n    \u001b[31m\u001b[1m>\u001b[22m\u001b[39m\u001b[90m 4 |\u001b[39m     \u001b[36mthrow\u001b[39m \u001b[36mnew\u001b[39m \u001b[33mError\u001b[39m(\u001b[32m'No hay sesión activa'\u001b[39m)\n     \u001b[90m   |\u001b[39m           \u001b[31m\u001b[1m^\u001b[22m\u001b[39m\n     \u001b[90m 5 |\u001b[39m   }\n     \u001b[90m 6 |\u001b[39m   \u001b[36mreturn\u001b[39m {\n     \u001b[90m 7 |\u001b[39m     \u001b[32m'Content-Type'\u001b[39m\u001b[33m:\u001b[39m \u001b[32m'application/json'\u001b[39m\u001b[33m,\u001b[39m\u001b[0m\n\n      \u001b[2mat getAuthHeaders (\u001b[22mclient/src/services/apiService.js\u001b[2m:4:11)\u001b[22m\n      \u001b[2mat getAuthHeaders (\u001b[22mclient/src/services/reportesService.js\u001b[2m:101:14)\u001b[22m\n      \u001b[2mat Object.<anonymous> (\u001b[22mclient/src/services/__tests__/reportesService.test.mjs\u001b[2m:79:20)\u001b[22m"}],"failureMessages":["Error: \u001b[2mexpect(\u001b[22m\u001b[31mreceived\u001b[39m\u001b[2m).\u001b[22mrejects\u001b[2m.\u001b[22mtoThrow\u001b[2m(\u001b[22m\u001b[32mexpected\u001b[39m\u001b[2m)\u001b[22m\n\nExpected substring: \u001b[32m\"Error interno\"\u001b[39m\nReceived message:   \u001b[31m\"No hay sesión activa\"\u001b[39m\n\n    \u001b[0m \u001b[90m 2 |\u001b[39m   \u001b[36mconst\u001b[39m token \u001b[33m=\u001b[39m localStorage\u001b[33m.\u001b[39mgetItem(\u001b[32m'token'\u001b[39m)\n     \u001b[90m 3 |\u001b[39m   \u001b[36mif\u001b[39m (\u001b[33m!\u001b[39mtoken) {\n    \u001b[31m\u001b[1m>\u001b[22m\u001b[39m\u001b[90m 4 |\u001b[39m     \u001b[36mthrow\u001b[39m \u001b[36mnew\u001b[39m \u001b[33mError\u001b[39m(\u001b[32m'No hay sesión activa'\u001b[39m)\n     \u001b[90m   |\u001b[39m           \u001b[31m\u001b[1m^\u001b[22m\u001b[39m\n     \u001b[90m 5 |\u001b[39m   }\n     \u001b[90m 6 |\u001b[39m   \u001b[36mreturn\u001b[39m {\n     \u001b[90m 7 |\u001b[39m     \u001b[32m'Content-Type'\u001b[39m\u001b[33m:\u001b[39m \u001b[32m'application/json'\u001b[39m\u001b[33m,\u001b[39m\u001b[0m\n\n      \u001b[2mat getAuthHeaders (\u001b[22mclient/src/services/apiService.js\u001b[2m:4:11)\u001b[22m\n      \u001b[2mat getAuthHeaders (\u001b[22mclient/src/services/reportesService.js\u001b[2m:101:14)\u001b[22m\n      \u001b[2mat Object.<anonymous> (\u001b[22mclient/src/services/__tests__/reportesService.test.mjs\u001b[2m:79:20)\u001b[22m\n    at Object.toThrow (/Users/rosy/Desktop/ITC6/Reto/reto-aebnl/node_modules/expect/build/index.js:2155:20)\n    at Object.<anonymous> (/Users/rosy/Desktop/ITC6/Reto/reto-aebnl/client/src/services/__tests__/reportesService.test.mjs:79:49)\n    at Promise.finally.completed (/Users/rosy/Desktop/ITC6/Reto/reto-aebnl/node_modules/jest-circus/build/jestAdapterInit.js:1561:28)\n    at new Promise (<anonymous>)\n    at callAsyncCircusFn (/Users/rosy/Desktop/ITC6/Reto/reto-aebnl/node_modules/jest-circus/build/jestAdapterInit.js:1501:10)\n    at _callCircusTest (/Users/rosy/Desktop/ITC6/Reto/reto-aebnl/node_modules/jest-circus/build/jestAdapterInit.js:1011:40)\n    at _runTest (/Users/rosy/Desktop/ITC6/Reto/reto-aebnl/node_modules/jest-circus/build/jestAdapterInit.js:951:3)\n    at /Users/rosy/Desktop/ITC6/Reto/reto-aebnl/node_modules/jest-circus/build/jestAdapterInit.js:853:7\n    at _runTestsForDescribeBlock (/Users/rosy/Desktop/ITC6/Reto/reto-aebnl/node_modules/jest-circus/build/jestAdapterInit.js:866:11)\n    at _runTestsForDescribeBlock (/Users/rosy/Desktop/ITC6/Reto/reto-aebnl/node_modules/jest-circus/build/jestAdapterInit.js:861:11)\n    at _runTestsForDescribeBlock (/Users/rosy/Desktop/ITC6/Reto/reto-aebnl/node_modules/jest-circus/build/jestAdapterInit.js:861:11)\n    at run (/Users/rosy/Desktop/ITC6/Reto/reto-aebnl/node_modules/jest-circus/build/jestAdapterInit.js:765:3)\n    at runAndTransformResultsToJestFormat (/Users/rosy/Desktop/ITC6/Reto/reto-aebnl/node_modules/jest-circus/build/jestAdapterInit.js:1993:21)\n    at jestAdapter (/Users/rosy/Desktop/ITC6/Reto/reto-aebnl/node_modules/jest-circus/build/runner.js:111:19)\n    at runTestInternal (/Users/rosy/Desktop/ITC6/Reto/reto-aebnl/node_modules/jest-runner/build/index.js:276:16)\n    at runTest (/Users/rosy/Desktop/ITC6/Reto/reto-aebnl/node_modules/jest-runner/build/index.js:344:7)"],"fullName":"reportesService getReporteGeneral lanza error cuando la respuesta no es ok","invocations":1,"location":null,"numPassingAsserts":0,"retryReasons":[],"startAt":1780350921994,"status":"failed","title":"lanza error cuando la respuesta no es ok"},{"ancestorTitles":["reportesService","getReporteMensual"],"duration":1,"failing":false,"failureDetails":[{}],"failureMessages":["Error: No hay sesión activa\n    at getAuthHeaders (/Users/rosy/Desktop/ITC6/Reto/reto-aebnl/client/src/services/apiService.js:4:11)\n    at getAuthHeaders (/Users/rosy/Desktop/ITC6/Reto/reto-aebnl/client/src/services/reportesService.js:240:16)\n    at Object.<anonymous> (/Users/rosy/Desktop/ITC6/Reto/reto-aebnl/client/src/services/__tests__/reportesService.test.mjs:109:28)\n    at Promise.finally.completed (/Users/rosy/Desktop/ITC6/Reto/reto-aebnl/node_modules/jest-circus/build/jestAdapterInit.js:1561:28)\n    at new Promise (<anonymous>)\n    at callAsyncCircusFn (/Users/rosy/Desktop/ITC6/Reto/reto-aebnl/node_modules/jest-circus/build/jestAdapterInit.js:1501:10)\n    at _callCircusTest (/Users/rosy/Desktop/ITC6/Reto/reto-aebnl/node_modules/jest-circus/build/jestAdapterInit.js:1011:40)\n    at _runTest (/Users/rosy/Desktop/ITC6/Reto/reto-aebnl/node_modules/jest-circus/build/jestAdapterInit.js:951:3)\n    at /Users/rosy/Desktop/ITC6/Reto/reto-aebnl/node_modules/jest-circus/build/jestAdapterInit.js:853:7\n    at _runTestsForDescribeBlock (/Users/rosy/Desktop/ITC6/Reto/reto-aebnl/node_modules/jest-circus/build/jestAdapterInit.js:866:11)\n    at _runTestsForDescribeBlock (/Users/rosy/Desktop/ITC6/Reto/reto-aebnl/node_modules/jest-circus/build/jestAdapterInit.js:861:11)\n    at _runTestsForDescribeBlock (/Users/rosy/Desktop/ITC6/Reto/reto-aebnl/node_modules/jest-circus/build/jestAdapterInit.js:861:11)\n    at run (/Users/rosy/Desktop/ITC6/Reto/reto-aebnl/node_modules/jest-circus/build/jestAdapterInit.js:765:3)\n    at runAndTransformResultsToJestFormat (/Users/rosy/Desktop/ITC6/Reto/reto-aebnl/node_modules/jest-circus/build/jestAdapterInit.js:1993:21)\n    at jestAdapter (/Users/rosy/Desktop/ITC6/Reto/reto-aebnl/node_modules/jest-circus/build/runner.js:111:19)\n    at runTestInternal (/Users/rosy/Desktop/ITC6/Reto/reto-aebnl/node_modules/jest-runner/build/index.js:276:16)\n    at runTest (/Users/rosy/Desktop/ITC6/Reto/reto-aebnl/node_modules/jest-runner/build/index.js:344:7)"],"fullName":"reportesService getReporteMensual normaliza el reporte mensual y genera el nombre del mes","invocations":1,"location":null,"numPassingAsserts":0,"retryReasons":[],"startAt":1780350922010,"status":"failed","title":"normaliza el reporte mensual y genera el nombre del mes"},{"ancestorTitles":["reportesService","getReporteAnual"],"duration":0,"failing":false,"failureDetails":[{}],"failureMessages":["Error: No hay sesión activa\n    at getAuthHeaders (/Users/rosy/Desktop/ITC6/Reto/reto-aebnl/client/src/services/apiService.js:4:11)\n    at getAuthHeaders (/Users/rosy/Desktop/ITC6/Reto/reto-aebnl/client/src/services/reportesService.js:298:16)\n    at Object.<anonymous> (/Users/rosy/Desktop/ITC6/Reto/reto-aebnl/client/src/services/__tests__/reportesService.test.mjs:146:28)\n    at Promise.finally.completed (/Users/rosy/Desktop/ITC6/Reto/reto-aebnl/node_modules/jest-circus/build/jestAdapterInit.js:1561:28)\n    at new Promise (<anonymous>)\n    at callAsyncCircusFn (/Users/rosy/Desktop/ITC6/Reto/reto-aebnl/node_modules/jest-circus/build/jestAdapterInit.js:1501:10)\n    at _callCircusTest (/Users/rosy/Desktop/ITC6/Reto/reto-aebnl/node_modules/jest-circus/build/jestAdapterInit.js:1011:40)\n    at _runTest (/Users/rosy/Desktop/ITC6/Reto/reto-aebnl/node_modules/jest-circus/build/jestAdapterInit.js:951:3)\n    at /Users/rosy/Desktop/ITC6/Reto/reto-aebnl/node_modules/jest-circus/build/jestAdapterInit.js:853:7\n    at _runTestsForDescribeBlock (/Users/rosy/Desktop/ITC6/Reto/reto-aebnl/node_modules/jest-circus/build/jestAdapterInit.js:866:11)\n    at _runTestsForDescribeBlock (/Users/rosy/Desktop/ITC6/Reto/reto-aebnl/node_modules/jest-circus/build/jestAdapterInit.js:861:11)\n    at _runTestsForDescribeBlock (/Users/rosy/Desktop/ITC6/Reto/reto-aebnl/node_modules/jest-circus/build/jestAdapterInit.js:861:11)\n    at run (/Users/rosy/Desktop/ITC6/Reto/reto-aebnl/node_modules/jest-circus/build/jestAdapterInit.js:765:3)\n    at runAndTransformResultsToJestFormat (/Users/rosy/Desktop/ITC6/Reto/reto-aebnl/node_modules/jest-circus/build/jestAdapterInit.js:1993:21)\n    at jestAdapter (/Users/rosy/Desktop/ITC6/Reto/reto-aebnl/node_modules/jest-circus/build/runner.js:111:19)\n    at runTestInternal (/Users/rosy/Desktop/ITC6/Reto/reto-aebnl/node_modules/jest-runner/build/index.js:276:16)\n    at runTest (/Users/rosy/Desktop/ITC6/Reto/reto-aebnl/node_modules/jest-runner/build/index.js:344:7)"],"fullName":"reportesService getReporteAnual normaliza el reporte anual y convierte mes a etiqueta","invocations":1,"location":null,"numPassingAsserts":0,"retryReasons":[],"startAt":1780350922012,"status":"failed","title":"normaliza el reporte anual y convierte mes a etiqueta"},{"ancestorTitles":["reportesService","getReportePeriodo"],"duration":1,"failing":false,"failureDetails":[{}],"failureMessages":["Error: No hay sesión activa\n    at getAuthHeaders (/Users/rosy/Desktop/ITC6/Reto/reto-aebnl/client/src/services/apiService.js:4:11)\n    at getAuthHeaders (/Users/rosy/Desktop/ITC6/Reto/reto-aebnl/client/src/services/reportesService.js:363:16)\n    at Object.<anonymous> (/Users/rosy/Desktop/ITC6/Reto/reto-aebnl/client/src/services/__tests__/reportesService.test.mjs:176:28)\n    at Promise.finally.completed (/Users/rosy/Desktop/ITC6/Reto/reto-aebnl/node_modules/jest-circus/build/jestAdapterInit.js:1561:28)\n    at new Promise (<anonymous>)\n    at callAsyncCircusFn (/Users/rosy/Desktop/ITC6/Reto/reto-aebnl/node_modules/jest-circus/build/jestAdapterInit.js:1501:10)\n    at _callCircusTest (/Users/rosy/Desktop/ITC6/Reto/reto-aebnl/node_modules/jest-circus/build/jestAdapterInit.js:1011:40)\n    at _runTest (/Users/rosy/Desktop/ITC6/Reto/reto-aebnl/node_modules/jest-circus/build/jestAdapterInit.js:951:3)\n    at /Users/rosy/Desktop/ITC6/Reto/reto-aebnl/node_modules/jest-circus/build/jestAdapterInit.js:853:7\n    at _runTestsForDescribeBlock (/Users/rosy/Desktop/ITC6/Reto/reto-aebnl/node_modules/jest-circus/build/jestAdapterInit.js:866:11)\n    at _runTestsForDescribeBlock (/Users/rosy/Desktop/ITC6/Reto/reto-aebnl/node_modules/jest-circus/build/jestAdapterInit.js:861:11)\n    at _runTestsForDescribeBlock (/Users/rosy/Desktop/ITC6/Reto/reto-aebnl/node_modules/jest-circus/build/jestAdapterInit.js:861:11)\n    at run (/Users/rosy/Desktop/ITC6/Reto/reto-aebnl/node_modules/jest-circus/build/jestAdapterInit.js:765:3)\n    at runAndTransformResultsToJestFormat (/Users/rosy/Desktop/ITC6/Reto/reto-aebnl/node_modules/jest-circus/build/jestAdapterInit.js:1993:21)\n    at jestAdapter (/Users/rosy/Desktop/ITC6/Reto/reto-aebnl/node_modules/jest-circus/build/runner.js:111:19)\n    at runTestInternal (/Users/rosy/Desktop/ITC6/Reto/reto-aebnl/node_modules/jest-runner/build/index.js:276:16)\n    at runTest (/Users/rosy/Desktop/ITC6/Reto/reto-aebnl/node_modules/jest-runner/build/index.js:344:7)"],"fullName":"reportesService getReportePeriodo normaliza el reporte por periodo y conserva fechas","invocations":1,"location":null,"numPassingAsserts":0,"retryReasons":[],"startAt":1780350922012,"status":"failed","title":"normaliza el reporte por periodo y conserva fechas"},{"ancestorTitles":["reportesService","getReporteInventario"],"duration":0,"failing":false,"failureDetails":[{}],"failureMessages":["Error: No hay sesión activa\n    at getAuthHeaders (/Users/rosy/Desktop/ITC6/Reto/reto-aebnl/client/src/services/apiService.js:4:11)\n    at getAuthHeaders (/Users/rosy/Desktop/ITC6/Reto/reto-aebnl/client/src/services/reportesService.js:472:16)\n    at Object.<anonymous> (/Users/rosy/Desktop/ITC6/Reto/reto-aebnl/client/src/services/__tests__/reportesService.test.mjs:214:28)\n    at Promise.finally.completed (/Users/rosy/Desktop/ITC6/Reto/reto-aebnl/node_modules/jest-circus/build/jestAdapterInit.js:1561:28)\n    at new Promise (<anonymous>)\n    at callAsyncCircusFn (/Users/rosy/Desktop/ITC6/Reto/reto-aebnl/node_modules/jest-circus/build/jestAdapterInit.js:1501:10)\n    at _callCircusTest (/Users/rosy/Desktop/ITC6/Reto/reto-aebnl/node_modules/jest-circus/build/jestAdapterInit.js:1011:40)\n    at _runTest (/Users/rosy/Desktop/ITC6/Reto/reto-aebnl/node_modules/jest-circus/build/jestAdapterInit.js:951:3)\n    at /Users/rosy/Desktop/ITC6/Reto/reto-aebnl/node_modules/jest-circus/build/jestAdapterInit.js:853:7\n    at _runTestsForDescribeBlock (/Users/rosy/Desktop/ITC6/Reto/reto-aebnl/node_modules/jest-circus/build/jestAdapterInit.js:866:11)\n    at _runTestsForDescribeBlock (/Users/rosy/Desktop/ITC6/Reto/reto-aebnl/node_modules/jest-circus/build/jestAdapterInit.js:861:11)\n    at _runTestsForDescribeBlock (/Users/rosy/Desktop/ITC6/Reto/reto-aebnl/node_modules/jest-circus/build/jestAdapterInit.js:861:11)\n    at run (/Users/rosy/Desktop/ITC6/Reto/reto-aebnl/node_modules/jest-circus/build/jestAdapterInit.js:765:3)\n    at runAndTransformResultsToJestFormat (/Users/rosy/Desktop/ITC6/Reto/reto-aebnl/node_modules/jest-circus/build/jestAdapterInit.js:1993:21)\n    at jestAdapter (/Users/rosy/Desktop/ITC6/Reto/reto-aebnl/node_modules/jest-circus/build/runner.js:111:19)\n    at runTestInternal (/Users/rosy/Desktop/ITC6/Reto/reto-aebnl/node_modules/jest-runner/build/index.js:276:16)\n    at runTest (/Users/rosy/Desktop/ITC6/Reto/reto-aebnl/node_modules/jest-runner/build/index.js:344:7)"],"fullName":"reportesService getReporteInventario normaliza el reporte de inventario con categorias y movimientos","invocations":1,"location":null,"numPassingAsserts":0,"retryReasons":[],"startAt":1780350922013,"status":"failed","title":"normaliza el reporte de inventario con categorias y movimientos"}],"endTime":1780350922027,"message":"\u001b[1m\u001b[31m  \u001b[1m● \u001b[22m\u001b[1mreportesService › getReporteGeneral › normaliza el reporte general correctamente\u001b[39m\u001b[22m\n\n    No hay sesión activa\n\u001b[2m\u001b[22m\n\u001b[2m    \u001b[0m \u001b[90m 2 |\u001b[39m   \u001b[36mconst\u001b[39m token \u001b[33m=\u001b[39m localStorage\u001b[33m.\u001b[39mgetItem(\u001b[32m'token'\u001b[39m)\u001b[22m\n\u001b[2m     \u001b[90m 3 |\u001b[39m   \u001b[36mif\u001b[39m (\u001b[33m!\u001b[39mtoken) {\u001b[22m\n\u001b[2m    \u001b[31m\u001b[1m>\u001b[22m\u001b[2m\u001b[39m\u001b[90m 4 |\u001b[39m     \u001b[36mthrow\u001b[39m \u001b[36mnew\u001b[39m \u001b[33mError\u001b[39m(\u001b[32m'No hay sesión activa'\u001b[39m)\u001b[22m\n\u001b[2m     \u001b[90m   |\u001b[39m           \u001b[31m\u001b[1m^\u001b[22m\u001b[2m\u001b[39m\u001b[22m\n\u001b[2m     \u001b[90m 5 |\u001b[39m   }\u001b[22m\n\u001b[2m     \u001b[90m 6 |\u001b[39m   \u001b[36mreturn\u001b[39m {\u001b[22m\n\u001b[2m     \u001b[90m 7 |\u001b[39m     \u001b[32m'Content-Type'\u001b[39m\u001b[33m:\u001b[39m \u001b[32m'application/json'\u001b[39m\u001b[33m,\u001b[39m\u001b[0m\u001b[22m\n\u001b[2m\u001b[22m\n\u001b[2m      \u001b[2mat getAuthHeaders (\u001b[22m\u001b[2mclient/src/services/apiService.js\u001b[2m:4:11)\u001b[22m\u001b[2m\u001b[22m\n\u001b[2m      \u001b[2mat getAuthHeaders (\u001b[22m\u001b[2mclient/src/services/reportesService.js\u001b[2m:101:14)\u001b[22m\u001b[2m\u001b[22m\n\u001b[2m      \u001b[2mat Object.<anonymous> (\u001b[22m\u001b[2m\u001b[0m\u001b[36mclient/src/services/__tests__/reportesService.test.mjs\u001b[39m\u001b[0m\u001b[2m:53:28)\u001b[22m\u001b[2m\u001b[22m\n\n\u001b[1m\u001b[31m  \u001b[1m● \u001b[22m\u001b[1mreportesService › getReporteGeneral › lanza error cuando la respuesta no es ok\u001b[39m\u001b[22m\n\n    \u001b[2mexpect(\u001b[22m\u001b[31mreceived\u001b[39m\u001b[2m).\u001b[22mrejects\u001b[2m.\u001b[22mtoThrow\u001b[2m(\u001b[22m\u001b[32mexpected\u001b[39m\u001b[2m)\u001b[22m\n\n    Expected substring: \u001b[32m\"Error interno\"\u001b[39m\n    Received message:   \u001b[31m\"No hay sesión activa\"\u001b[39m\n\n        \u001b[0m \u001b[90m 2 |\u001b[39m   \u001b[36mconst\u001b[39m token \u001b[33m=\u001b[39m localStorage\u001b[33m.\u001b[39mgetItem(\u001b[32m'token'\u001b[39m)\n         \u001b[90m 3 |\u001b[39m   \u001b[36mif\u001b[39m (\u001b[33m!\u001b[39mtoken) {\n        \u001b[31m\u001b[1m>\u001b[22m\u001b[39m\u001b[90m 4 |\u001b[39m     \u001b[36mthrow\u001b[39m \u001b[36mnew\u001b[39m \u001b[33mError\u001b[39m(\u001b[32m'No hay sesión activa'\u001b[39m)\n         \u001b[90m   |\u001b[39m           \u001b[31m\u001b[1m^\u001b[22m\u001b[39m\n         \u001b[90m 5 |\u001b[39m   }\n         \u001b[90m 6 |\u001b[39m   \u001b[36mreturn\u001b[39m {\n         \u001b[90m 7 |\u001b[39m     \u001b[32m'Content-Type'\u001b[39m\u001b[33m:\u001b[39m \u001b[32m'application/json'\u001b[39m\u001b[33m,\u001b[39m\u001b[0m\n\n          \u001b[2mat getAuthHeaders (\u001b[22mclient/src/services/apiService.js\u001b[2m:4:11)\u001b[22m\n          \u001b[2mat getAuthHeaders (\u001b[22mclient/src/services/reportesService.js\u001b[2m:101:14)\u001b[22m\n          \u001b[2mat Object.<anonymous> (\u001b[22mclient/src/services/__tests__/reportesService.test.mjs\u001b[2m:79:20)\u001b[22m\n\u001b[2m\u001b[22m\n\u001b[2m    \u001b[0m \u001b[90m 77 |\u001b[39m       })\u001b[33m;\u001b[39m\u001b[22m\n\u001b[2m     \u001b[90m 78 |\u001b[39m\u001b[22m\n\u001b[2m    \u001b[31m\u001b[1m>\u001b[22m\u001b[2m\u001b[39m\u001b[90m 79 |\u001b[39m       \u001b[36mawait\u001b[39m expect(getReporteGeneral())\u001b[33m.\u001b[39mrejects\u001b[33m.\u001b[39mtoThrow(\u001b[32m'Error interno'\u001b[39m)\u001b[33m;\u001b[39m\u001b[22m\n\u001b[2m     \u001b[90m    |\u001b[39m                                                 \u001b[31m\u001b[1m^\u001b[22m\u001b[2m\u001b[39m\u001b[22m\n\u001b[2m     \u001b[90m 80 |\u001b[39m     })\u001b[33m;\u001b[39m\u001b[22m\n\u001b[2m     \u001b[90m 81 |\u001b[39m   })\u001b[33m;\u001b[39m\u001b[22m\n\u001b[2m     \u001b[90m 82 |\u001b[39m\u001b[0m\u001b[22m\n\u001b[2m\u001b[22m\n\u001b[2m      \u001b[2mat Object.toThrow (\u001b[22m\u001b[2mnode_modules/expect/build/index.js\u001b[2m:2155:20)\u001b[22m\u001b[2m\u001b[22m\n\u001b[2m      \u001b[2mat Object.<anonymous> (\u001b[22m\u001b[2m\u001b[0m\u001b[36mclient/src/services/__tests__/reportesService.test.mjs\u001b[39m\u001b[0m\u001b[2m:79:49)\u001b[22m\u001b[2m\u001b[22m\n\n\u001b[1m\u001b[31m  \u001b[1m● \u001b[22m\u001b[1mreportesService › getReporteMensual › normaliza el reporte mensual y genera el nombre del mes\u001b[39m\u001b[22m\n\n    No hay sesión activa\n\u001b[2m\u001b[22m\n\u001b[2m    \u001b[0m \u001b[90m 2 |\u001b[39m   \u001b[36mconst\u001b[39m token \u001b[33m=\u001b[39m localStorage\u001b[33m.\u001b[39mgetItem(\u001b[32m'token'\u001b[39m)\u001b[22m\n\u001b[2m     \u001b[90m 3 |\u001b[39m   \u001b[36mif\u001b[39m (\u001b[33m!\u001b[39mtoken) {\u001b[22m\n\u001b[2m    \u001b[31m\u001b[1m>\u001b[22m\u001b[2m\u001b[39m\u001b[90m 4 |\u001b[39m     \u001b[36mthrow\u001b[39m \u001b[36mnew\u001b[39m \u001b[33mError\u001b[39m(\u001b[32m'No hay sesión activa'\u001b[39m)\u001b[22m\n\u001b[2m     \u001b[90m   |\u001b[39m           \u001b[31m\u001b[1m^\u001b[22m\u001b[2m\u001b[39m\u001b[22m\n\u001b[2m     \u001b[90m 5 |\u001b[39m   }\u001b[22m\n\u001b[2m     \u001b[90m 6 |\u001b[39m   \u001b[36mreturn\u001b[39m {\u001b[22m\n\u001b[2m     \u001b[90m 7 |\u001b[39m     \u001b[32m'Content-Type'\u001b[39m\u001b[33m:\u001b[39m \u001b[32m'application/json'\u001b[39m\u001b[33m,\u001b[39m\u001b[0m\u001b[22m\n\u001b[2m\u001b[22m\n\u001b[2m      \u001b[2mat getAuthHeaders (\u001b[22m\u001b[2mclient/src/services/apiService.js\u001b[2m:4:11)\u001b[22m\u001b[2m\u001b[22m\n\u001b[2m      \u001b[2mat getAuthHeaders (\u001b[22m\u001b[2mclient/src/services/reportesService.js\u001b[2m:240:16)\u001b[22m\u001b[2m\u001b[22m\n\u001b[2m      \u001b[2mat Object.<anonymous> (\u001b[22m\u001b[2m\u001b[0m\u001b[36mclient/src/services/__tests__/reportesService.test.mjs\u001b[39m\u001b[0m\u001b[2m:109:28)\u001b[22m\u001b[2m\u001b[22m\n\n\u001b[1m\u001b[31m  \u001b[1m● \u001b[22m\u001b[1mreportesService › getReporteAnual › normaliza el reporte anual y convierte mes a etiqueta\u001b[39m\u001b[22m\n\n    No hay sesión activa\n\u001b[2m\u001b[22m\n\u001b[2m    \u001b[0m \u001b[90m 2 |\u001b[39m   \u001b[36mconst\u001b[39m token \u001b[33m=\u001b[39m localStorage\u001b[33m.\u001b[39mgetItem(\u001b[32m'token'\u001b[39m)\u001b[22m\n\u001b[2m     \u001b[90m 3 |\u001b[39m   \u001b[36mif\u001b[39m (\u001b[33m!\u001b[39mtoken) {\u001b[22m\n\u001b[2m    \u001b[31m\u001b[1m>\u001b[22m\u001b[2m\u001b[39m\u001b[90m 4 |\u001b[39m     \u001b[36mthrow\u001b[39m \u001b[36mnew\u001b[39m \u001b[33mError\u001b[39m(\u001b[32m'No hay sesión activa'\u001b[39m)\u001b[22m\n\u001b[2m     \u001b[90m   |\u001b[39m           \u001b[31m\u001b[1m^\u001b[22m\u001b[2m\u001b[39m\u001b[22m\n\u001b[2m     \u001b[90m 5 |\u001b[39m   }\u001b[22m\n\u001b[2m     \u001b[90m 6 |\u001b[39m   \u001b[36mreturn\u001b[39m {\u001b[22m\n\u001b[2m     \u001b[90m 7 |\u001b[39m     \u001b[32m'Content-Type'\u001b[39m\u001b[33m:\u001b[39m \u001b[32m'application/json'\u001b[39m\u001b[33m,\u001b[39m\u001b[0m\u001b[22m\n\u001b[2m\u001b[22m\n\u001b[2m      \u001b[2mat getAuthHeaders (\u001b[22m\u001b[2mclient/src/services/apiService.js\u001b[2m:4:11)\u001b[22m\u001b[2m\u001b[22m\n\u001b[2m      \u001b[2mat getAuthHeaders (\u001b[22m\u001b[2mclient/src/services/reportesService.js\u001b[2m:298:16)\u001b[22m\u001b[2m\u001b[22m\n\u001b[2m      \u001b[2mat Object.<anonymous> (\u001b[22m\u001b[2m\u001b[0m\u001b[36mclient/src/services/__tests__/reportesService.test.mjs\u001b[39m\u001b[0m\u001b[2m:146:28)\u001b[22m\u001b[2m\u001b[22m\n\n\u001b[1m\u001b[31m  \u001b[1m● \u001b[22m\u001b[1mreportesService › getReportePeriodo › normaliza el reporte por periodo y conserva fechas\u001b[39m\u001b[22m\n\n    No hay sesión activa\n\u001b[2m\u001b[22m\n\u001b[2m    \u001b[0m \u001b[90m 2 |\u001b[39m   \u001b[36mconst\u001b[39m token \u001b[33m=\u001b[39m localStorage\u001b[33m.\u001b[39mgetItem(\u001b[32m'token'\u001b[39m)\u001b[22m\n\u001b[2m     \u001b[90m 3 |\u001b[39m   \u001b[36mif\u001b[39m (\u001b[33m!\u001b[39mtoken) {\u001b[22m\n\u001b[2m    \u001b[31m\u001b[1m>\u001b[22m\u001b[2m\u001b[39m\u001b[90m 4 |\u001b[39m     \u001b[36mthrow\u001b[39m \u001b[36mnew\u001b[39m \u001b[33mError\u001b[39m(\u001b[32m'No hay sesión activa'\u001b[39m)\u001b[22m\n\u001b[2m     \u001b[90m   |\u001b[39m           \u001b[31m\u001b[1m^\u001b[22m\u001b[2m\u001b[39m\u001b[22m\n\u001b[2m     \u001b[90m 5 |\u001b[39m   }\u001b[22m\n\u001b[2m     \u001b[90m 6 |\u001b[39m   \u001b[36mreturn\u001b[39m {\u001b[22m\n\u001b[2m     \u001b[90m 7 |\u001b[39m     \u001b[32m'Content-Type'\u001b[39m\u001b[33m:\u001b[39m \u001b[32m'application/json'\u001b[39m\u001b[33m,\u001b[39m\u001b[0m\u001b[22m\n\u001b[2m\u001b[22m\n\u001b[2m      \u001b[2mat getAuthHeaders (\u001b[22m\u001b[2mclient/src/services/apiService.js\u001b[2m:4:11)\u001b[22m\u001b[2m\u001b[22m\n\u001b[2m      \u001b[2mat getAuthHeaders (\u001b[22m\u001b[2mclient/src/services/reportesService.js\u001b[2m:363:16)\u001b[22m\u001b[2m\u001b[22m\n\u001b[2m      \u001b[2mat Object.<anonymous> (\u001b[22m\u001b[2m\u001b[0m\u001b[36mclient/src/services/__tests__/reportesService.test.mjs\u001b[39m\u001b[0m\u001b[2m:176:28)\u001b[22m\u001b[2m\u001b[22m\n\n\u001b[1m\u001b[31m  \u001b[1m● \u001b[22m\u001b[1mreportesService › getReporteInventario › normaliza el reporte de inventario con categorias y movimientos\u001b[39m\u001b[22m\n\n    No hay sesión activa\n\u001b[2m\u001b[22m\n\u001b[2m    \u001b[0m \u001b[90m 2 |\u001b[39m   \u001b[36mconst\u001b[39m token \u001b[33m=\u001b[39m localStorage\u001b[33m.\u001b[39mgetItem(\u001b[32m'token'\u001b[39m)\u001b[22m\n\u001b[2m     \u001b[90m 3 |\u001b[39m   \u001b[36mif\u001b[39m (\u001b[33m!\u001b[39mtoken) {\u001b[22m\n\u001b[2m    \u001b[31m\u001b[1m>\u001b[22m\u001b[2m\u001b[39m\u001b[90m 4 |\u001b[39m     \u001b[36mthrow\u001b[39m \u001b[36mnew\u001b[39m \u001b[33mError\u001b[39m(\u001b[32m'No hay sesión activa'\u001b[39m)\u001b[22m\n\u001b[2m     \u001b[90m   |\u001b[39m           \u001b[31m\u001b[1m^\u001b[22m\u001b[2m\u001b[39m\u001b[22m\n\u001b[2m     \u001b[90m 5 |\u001b[39m   }\u001b[22m\n\u001b[2m     \u001b[90m 6 |\u001b[39m   \u001b[36mreturn\u001b[39m {\u001b[22m\n\u001b[2m     \u001b[90m 7 |\u001b[39m     \u001b[32m'Content-Type'\u001b[39m\u001b[33m:\u001b[39m \u001b[32m'application/json'\u001b[39m\u001b[33m,\u001b[39m\u001b[0m\u001b[22m\n\u001b[2m\u001b[22m\n\u001b[2m      \u001b[2mat getAuthHeaders (\u001b[22m\u001b[2mclient/src/services/apiService.js\u001b[2m:4:11)\u001b[22m\u001b[2m\u001b[22m\n\u001b[2m      \u001b[2mat getAuthHeaders (\u001b[22m\u001b[2mclient/src/services/reportesService.js\u001b[2m:472:16)\u001b[22m\u001b[2m\u001b[22m\n\u001b[2m      \u001b[2mat Object.<anonymous> (\u001b[22m\u001b[2m\u001b[0m\u001b[36mclient/src/services/__tests__/reportesService.test.mjs\u001b[39m\u001b[0m\u001b[2m:214:28)\u001b[22m\u001b[2m\u001b[22m\n","name":"/Users/rosy/Desktop/ITC6/Reto/reto-aebnl/client/src/services/__tests__/reportesService.test.mjs","startTime":1780350921869,"status":"failed","summary":""}],"wasInterrupted":false}
