{"numFailedTestSuites":0,"numFailedTests":0,"numPassedTestSuites":1,"numPassedTests":10,"numPendingTestSuites":0,"numPendingTests":0,"numRuntimeErrorTestSuites":0,"numTodoTests":0,"numTotalTestSuites":1,"numTotalTests":10,"openHandles":[],"snapshot":{"added":0,"didUpdate":false,"failure":false,"filesAdded":0,"filesRemoved":0,"filesRemovedList":[],"filesUnmatched":0,"filesUpdated":0,"matched":0,"total":0,"unchecked":0,"uncheckedKeysByFile":[],"unmatched":0,"updated":0},"startTime":1780350442974,"success":true,"testResults":[{"assertionResults":[{"ancestorTitles":["useRegistroBeneficiario"],"duration":64,"failing":false,"failureDetails":[],"failureMessages":[],"fullName":"useRegistroBeneficiario inicializa con valores por defecto","invocations":1,"location":null,"numPassingAsserts":5,"retryReasons":[],"startAt":1780350443604,"status":"passed","title":"inicializa con valores por defecto"},{"ancestorTitles":["useRegistroBeneficiario"],"duration":22,"failing":false,"failureDetails":[],"failureMessages":[],"fullName":"useRegistroBeneficiario handleInputChange limpia nombres y teléfonos","invocations":1,"location":null,"numPassingAsserts":2,"retryReasons":[],"startAt":1780350443669,"status":"passed","title":"handleInputChange limpia nombres y teléfonos"},{"ancestorTitles":["useRegistroBeneficiario"],"duration":12,"failing":false,"failureDetails":[],"failureMessages":[],"fullName":"useRegistroBeneficiario handleFechaNacimientoChange actualiza la fecha y borra el error","invocations":1,"location":null,"numPassingAsserts":2,"retryReasons":[],"startAt":1780350443692,"status":"passed","title":"handleFechaNacimientoChange actualiza la fecha y borra el error"},{"ancestorTitles":["useRegistroBeneficiario"],"duration":11,"failing":false,"failureDetails":[],"failureMessages":[],"fullName":"useRegistroBeneficiario handleBlur agrega error cuando el campo es inválido","invocations":1,"location":null,"numPassingAsserts":1,"retryReasons":[],"startAt":1780350443704,"status":"passed","title":"handleBlur agrega error cuando el campo es inválido"},{"ancestorTitles":["useRegistroBeneficiario"],"duration":16,"failing":false,"failureDetails":[],"failureMessages":[],"fullName":"useRegistroBeneficiario handleTipoEspinasChange agrega y quita elementos","invocations":1,"location":null,"numPassingAsserts":2,"retryReasons":[],"startAt":1780350443715,"status":"passed","title":"handleTipoEspinasChange agrega y quita elementos"},{"ancestorTitles":["useRegistroBeneficiario"],"duration":20,"failing":false,"failureDetails":[],"failureMessages":[],"fullName":"useRegistroBeneficiario handleFotoChange actualiza la fotografía y limpia errores","invocations":1,"location":null,"numPassingAsserts":4,"retryReasons":[],"startAt":1780350443731,"status":"passed","title":"handleFotoChange actualiza la fotografía y limpia errores"},{"ancestorTitles":["useRegistroBeneficiario"],"duration":15,"failing":false,"failureDetails":[],"failureMessages":[],"fullName":"useRegistroBeneficiario calculateFechaVigencia calcula la fecha final del periodo","invocations":1,"location":null,"numPassingAsserts":1,"retryReasons":[],"startAt":1780350443751,"status":"passed","title":"calculateFechaVigencia calcula la fecha final del periodo"},{"ancestorTitles":["useRegistroBeneficiario"],"duration":21,"failing":false,"failureDetails":[],"failureMessages":[],"fullName":"useRegistroBeneficiario handleNext aumenta el paso y marca los pasos tocados","invocations":1,"location":null,"numPassingAsserts":3,"retryReasons":[],"startAt":1780350443767,"status":"passed","title":"handleNext aumenta el paso y marca los pasos tocados"},{"ancestorTitles":["useRegistroBeneficiario"],"duration":14,"failing":false,"failureDetails":[],"failureMessages":[],"fullName":"useRegistroBeneficiario handlePrev no disminuye por debajo de 0","invocations":1,"location":null,"numPassingAsserts":1,"retryReasons":[],"startAt":1780350443788,"status":"passed","title":"handlePrev no disminuye por debajo de 0"},{"ancestorTitles":["useRegistroBeneficiario"],"duration":22,"failing":false,"failureDetails":[],"failureMessages":[],"fullName":"useRegistroBeneficiario handleSubmit establece error cuando faltan pasos completos","invocations":1,"location":null,"numPassingAsserts":2,"retryReasons":[],"startAt":1780350443802,"status":"passed","title":"handleSubmit establece error cuando faltan pasos completos"}],"endTime":1780350443827,"message":"","name":"/Users/rosy/Desktop/ITC6/Reto/reto-aebnl/client/src/hooks/__tests__/useRegistroBeneficiario.test.mjs","startTime":1780350443372,"status":"passed","summary":""}],"wasInterrupted":false}
