{"numFailedTestSuites":0,"numFailedTests":0,"numPassedTestSuites":4,"numPassedTests":42,"numPendingTestSuites":0,"numPendingTests":0,"numRuntimeErrorTestSuites":0,"numTodoTests":0,"numTotalTestSuites":4,"numTotalTests":42,"openHandles":[],"snapshot":{"added":0,"didUpdate":false,"failure":false,"filesAdded":0,"filesRemoved":0,"filesRemovedList":[],"filesUnmatched":0,"filesUpdated":0,"matched":0,"total":0,"unchecked":0,"uncheckedKeysByFile":[],"unmatched":0,"updated":0},"startTime":1780354944001,"success":true,"testResults":[{"assertionResults":[{"ancestorTitles":["useRegistroBeneficiario"],"duration":31,"failing":false,"failureDetails":[],"failureMessages":[],"fullName":"useRegistroBeneficiario inicializa con valores por defecto","invocations":1,"location":null,"numPassingAsserts":5,"retryReasons":[],"startAt":1780354944590,"status":"passed","title":"inicializa con valores por defecto"},{"ancestorTitles":["useRegistroBeneficiario"],"duration":12,"failing":false,"failureDetails":[],"failureMessages":[],"fullName":"useRegistroBeneficiario handleInputChange limpia nombres y teléfonos","invocations":1,"location":null,"numPassingAsserts":2,"retryReasons":[],"startAt":1780354944622,"status":"passed","title":"handleInputChange limpia nombres y teléfonos"},{"ancestorTitles":["useRegistroBeneficiario"],"duration":3,"failing":false,"failureDetails":[],"failureMessages":[],"fullName":"useRegistroBeneficiario handleFechaNacimientoChange actualiza la fecha y borra el error","invocations":1,"location":null,"numPassingAsserts":2,"retryReasons":[],"startAt":1780354944635,"status":"passed","title":"handleFechaNacimientoChange actualiza la fecha y borra el error"},{"ancestorTitles":["useRegistroBeneficiario"],"duration":3,"failing":false,"failureDetails":[],"failureMessages":[],"fullName":"useRegistroBeneficiario handleBlur agrega error cuando el campo es inválido","invocations":1,"location":null,"numPassingAsserts":1,"retryReasons":[],"startAt":1780354944639,"status":"passed","title":"handleBlur agrega error cuando el campo es inválido"},{"ancestorTitles":["useRegistroBeneficiario"],"duration":4,"failing":false,"failureDetails":[],"failureMessages":[],"fullName":"useRegistroBeneficiario handleTipoEspinasChange agrega y quita elementos","invocations":1,"location":null,"numPassingAsserts":2,"retryReasons":[],"startAt":1780354944642,"status":"passed","title":"handleTipoEspinasChange agrega y quita elementos"},{"ancestorTitles":["useRegistroBeneficiario"],"duration":2,"failing":false,"failureDetails":[],"failureMessages":[],"fullName":"useRegistroBeneficiario handleFotoChange actualiza la fotografía y limpia errores","invocations":1,"location":null,"numPassingAsserts":4,"retryReasons":[],"startAt":1780354944646,"status":"passed","title":"handleFotoChange actualiza la fotografía y limpia errores"},{"ancestorTitles":["useRegistroBeneficiario"],"duration":2,"failing":false,"failureDetails":[],"failureMessages":[],"fullName":"useRegistroBeneficiario calculateFechaVigencia calcula la fecha final del periodo","invocations":1,"location":null,"numPassingAsserts":1,"retryReasons":[],"startAt":1780354944648,"status":"passed","title":"calculateFechaVigencia calcula la fecha final del periodo"},{"ancestorTitles":["useRegistroBeneficiario"],"duration":2,"failing":false,"failureDetails":[],"failureMessages":[],"fullName":"useRegistroBeneficiario handleNext aumenta el paso y marca los pasos tocados","invocations":1,"location":null,"numPassingAsserts":3,"retryReasons":[],"startAt":1780354944651,"status":"passed","title":"handleNext aumenta el paso y marca los pasos tocados"},{"ancestorTitles":["useRegistroBeneficiario"],"duration":2,"failing":false,"failureDetails":[],"failureMessages":[],"fullName":"useRegistroBeneficiario handlePrev no disminuye por debajo de 0","invocations":1,"location":null,"numPassingAsserts":1,"retryReasons":[],"startAt":1780354944653,"status":"passed","title":"handlePrev no disminuye por debajo de 0"},{"ancestorTitles":["useRegistroBeneficiario"],"duration":4,"failing":false,"failureDetails":[],"failureMessages":[],"fullName":"useRegistroBeneficiario handleSubmit establece error cuando faltan pasos completos","invocations":1,"location":null,"numPassingAsserts":2,"retryReasons":[],"startAt":1780354944655,"status":"passed","title":"handleSubmit establece error cuando faltan pasos completos"}],"endTime":1780354944660,"message":"","name":"/Users/rosy/Desktop/ITC6/Reto/reto-aebnl/client/src/hooks/__tests__/useRegistroBeneficiario.test.mjs","startTime":1780354944361,"status":"passed","summary":""},{"assertionResults":[{"ancestorTitles":["reportesService","getReporteGeneral"],"duration":2,"failing":false,"failureDetails":[],"failureMessages":[],"fullName":"reportesService getReporteGeneral normaliza el reporte general correctamente","invocations":1,"location":null,"numPassingAsserts":6,"retryReasons":[],"startAt":1780354944819,"status":"passed","title":"normaliza el reporte general correctamente"},{"ancestorTitles":["reportesService","getReporteGeneral"],"duration":9,"failing":false,"failureDetails":[],"failureMessages":[],"fullName":"reportesService getReporteGeneral lanza error cuando la respuesta no es ok","invocations":1,"location":null,"numPassingAsserts":1,"retryReasons":[],"startAt":1780354944822,"status":"passed","title":"lanza error cuando la respuesta no es ok"},{"ancestorTitles":["reportesService","getReporteMensual"],"duration":1,"failing":false,"failureDetails":[],"failureMessages":[],"fullName":"reportesService getReporteMensual normaliza el reporte mensual y genera el nombre del mes","invocations":1,"location":null,"numPassingAsserts":5,"retryReasons":[],"startAt":1780354944831,"status":"passed","title":"normaliza el reporte mensual y genera el nombre del mes"},{"ancestorTitles":["reportesService","getReporteAnual"],"duration":1,"failing":false,"failureDetails":[],"failureMessages":[],"fullName":"reportesService getReporteAnual normaliza el reporte anual y convierte mes a etiqueta","invocations":1,"location":null,"numPassingAsserts":4,"retryReasons":[],"startAt":1780354944832,"status":"passed","title":"normaliza el reporte anual y convierte mes a etiqueta"},{"ancestorTitles":["reportesService","getReportePeriodo"],"duration":1,"failing":false,"failureDetails":[],"failureMessages":[],"fullName":"reportesService getReportePeriodo normaliza el reporte por periodo y conserva fechas","invocations":1,"location":null,"numPassingAsserts":3,"retryReasons":[],"startAt":1780354944833,"status":"passed","title":"normaliza el reporte por periodo y conserva fechas"},{"ancestorTitles":["reportesService","getReporteInventario"],"duration":1,"failing":false,"failureDetails":[],"failureMessages":[],"fullName":"reportesService getReporteInventario normaliza el reporte de inventario con categorias y movimientos","invocations":1,"location":null,"numPassingAsserts":7,"retryReasons":[],"startAt":1780354944834,"status":"passed","title":"normaliza el reporte de inventario con categorias y movimientos"}],"endTime":1780354944835,"message":"","name":"/Users/rosy/Desktop/ITC6/Reto/reto-aebnl/client/src/services/__tests__/reportesService.test.mjs","startTime":1780354944770,"status":"passed","summary":""},{"assertionResults":[{"ancestorTitles":["inventarioUi","formatPrecioMXN"],"duration":19,"failing":false,"failureDetails":[],"failureMessages":[],"fullName":"inventarioUi formatPrecioMXN formatea montos numéricos en MXN","invocations":1,"location":null,"numPassingAsserts":2,"retryReasons":[],"startAt":1780354944892,"status":"passed","title":"formatea montos numéricos en MXN"},{"ancestorTitles":["inventarioUi","formatPrecioMXN"],"duration":0,"failing":false,"failureDetails":[],"failureMessages":[],"fullName":"inventarioUi formatPrecioMXN devuelve guion cuando el valor no es un número válido","invocations":1,"location":null,"numPassingAsserts":2,"retryReasons":[],"startAt":1780354944911,"status":"passed","title":"devuelve guion cuando el valor no es un número válido"},{"ancestorTitles":["inventarioUi","formatPrecioMXN"],"duration":0,"failing":false,"failureDetails":[],"failureMessages":[],"fullName":"inventarioUi formatPrecioMXN null se interpreta como cero","invocations":1,"location":null,"numPassingAsserts":1,"retryReasons":[],"startAt":1780354944912,"status":"passed","title":"null se interpreta como cero"},{"ancestorTitles":["inventarioUi","etiquetaCategoriaDesdeApi"],"duration":0,"failing":false,"failureDetails":[],"failureMessages":[],"fullName":"inventarioUi etiquetaCategoriaDesdeApi usa DESCRIPCION_CATEGORIA cuando está presente y no está vacía","invocations":1,"location":null,"numPassingAsserts":1,"retryReasons":[],"startAt":1780354944912,"status":"passed","title":"usa DESCRIPCION_CATEGORIA cuando está presente y no está vacía"},{"ancestorTitles":["inventarioUi","etiquetaCategoriaDesdeApi"],"duration":0,"failing":false,"failureDetails":[],"failureMessages":[],"fullName":"inventarioUi etiquetaCategoriaDesdeApi genera etiqueta de categoría cuando DESCRIPCION_CATEGORIA es nula","invocations":1,"location":null,"numPassingAsserts":1,"retryReasons":[],"startAt":1780354944912,"status":"passed","title":"genera etiqueta de categoría cuando DESCRIPCION_CATEGORIA es nula"},{"ancestorTitles":["inventarioUi","etiquetaCategoriaDesdeApi"],"duration":1,"failing":false,"failureDetails":[],"failureMessages":[],"fullName":"inventarioUi etiquetaCategoriaDesdeApi devuelve guion cuando no hay ID ni descripción","invocations":1,"location":null,"numPassingAsserts":2,"retryReasons":[],"startAt":1780354944912,"status":"passed","title":"devuelve guion cuando no hay ID ni descripción"},{"ancestorTitles":["inventarioUi","mapInventarioApiRowToTableRow"],"duration":0,"failing":false,"failureDetails":[],"failureMessages":[],"fullName":"inventarioUi mapInventarioApiRowToTableRow transforma una fila de API en formato de tabla","invocations":1,"location":null,"numPassingAsserts":1,"retryReasons":[],"startAt":1780354944913,"status":"passed","title":"transforma una fila de API en formato de tabla"},{"ancestorTitles":["inventarioUi","mapInventarioApiRowToTableRow"],"duration":1,"failing":false,"failureDetails":[],"failureMessages":[],"fullName":"inventarioUi mapInventarioApiRowToTableRow maneja valores faltantes correctamente","invocations":1,"location":null,"numPassingAsserts":1,"retryReasons":[],"startAt":1780354944913,"status":"passed","title":"maneja valores faltantes correctamente"},{"ancestorTitles":["inventarioUi","buildCategoriaFilterOptions"],"duration":0,"failing":false,"failureDetails":[],"failureMessages":[],"fullName":"inventarioUi buildCategoriaFilterOptions construye opciones de filtro ordenadas por id de categoría","invocations":1,"location":null,"numPassingAsserts":1,"retryReasons":[],"startAt":1780354944914,"status":"passed","title":"construye opciones de filtro ordenadas por id de categoría"},{"ancestorTitles":["inventarioUi","buildCategoriaFilterOptions"],"duration":0,"failing":false,"failureDetails":[],"failureMessages":[],"fullName":"inventarioUi buildCategoriaFilterOptions ignora filas sin id_categoria válido","invocations":1,"location":null,"numPassingAsserts":1,"retryReasons":[],"startAt":1780354944914,"status":"passed","title":"ignora filas sin id_categoria válido"},{"ancestorTitles":["inventarioUi","filterInventarioTableRows"],"duration":1,"failing":false,"failureDetails":[],"failureMessages":[],"fullName":"inventarioUi filterInventarioTableRows filtra por categoriaId cuando se proporciona","invocations":1,"location":null,"numPassingAsserts":1,"retryReasons":[],"startAt":1780354944914,"status":"passed","title":"filtra por categoriaId cuando se proporciona"},{"ancestorTitles":["inventarioUi","filterInventarioTableRows"],"duration":0,"failing":false,"failureDetails":[],"failureMessages":[],"fullName":"inventarioUi filterInventarioTableRows filtra por texto de búsqueda en nombre, clave o categoria","invocations":1,"location":null,"numPassingAsserts":1,"retryReasons":[],"startAt":1780354944915,"status":"passed","title":"filtra por texto de búsqueda en nombre, clave o categoria"},{"ancestorTitles":["inventarioUi","filterInventarioTableRows"],"duration":0,"failing":false,"failureDetails":[],"failureMessages":[],"fullName":"inventarioUi filterInventarioTableRows retorna todas las filas si no hay filtro de texto ni categoría","invocations":1,"location":null,"numPassingAsserts":1,"retryReasons":[],"startAt":1780354944915,"status":"passed","title":"retorna todas las filas si no hay filtro de texto ni categoría"}],"endTime":1780354944916,"message":"","name":"/Users/rosy/Desktop/ITC6/Reto/reto-aebnl/client/src/pages/inventario/__tests__/inventarioUi.test.mjs","startTime":1780354944847,"status":"passed","summary":""},{"assertionResults":[{"ancestorTitles":["beneficiarioValidation","validateField"],"duration":1,"failing":false,"failureDetails":[],"failureMessages":[],"fullName":"beneficiarioValidation validateField telefono invalido devuelve error","invocations":1,"location":null,"numPassingAsserts":1,"retryReasons":[],"startAt":1780354944967,"status":"passed","title":"telefono invalido devuelve error"},{"ancestorTitles":["beneficiarioValidation","validateField"],"duration":0,"failing":false,"failureDetails":[],"failureMessages":[],"fullName":"beneficiarioValidation validateField domicilio_cp invalido devuelve error","invocations":1,"location":null,"numPassingAsserts":1,"retryReasons":[],"startAt":1780354944969,"status":"passed","title":"domicilio_cp invalido devuelve error"},{"ancestorTitles":["beneficiarioValidation","validateField"],"duration":0,"failing":false,"failureDetails":[],"failureMessages":[],"fullName":"beneficiarioValidation validateField nombres con numeros devuelve error","invocations":1,"location":null,"numPassingAsserts":1,"retryReasons":[],"startAt":1780354944969,"status":"passed","title":"nombres con numeros devuelve error"},{"ancestorTitles":["beneficiarioValidation","validateField"],"duration":0,"failing":false,"failureDetails":[],"failureMessages":[],"fullName":"beneficiarioValidation validateField CURP invalida devuelve error","invocations":1,"location":null,"numPassingAsserts":1,"retryReasons":[],"startAt":1780354944969,"status":"passed","title":"CURP invalida devuelve error"},{"ancestorTitles":["beneficiarioValidation","validateField"],"duration":1,"failing":false,"failureDetails":[],"failureMessages":[],"fullName":"beneficiarioValidation validateField campo valido devuelve cadena vacia","invocations":1,"location":null,"numPassingAsserts":4,"retryReasons":[],"startAt":1780354944969,"status":"passed","title":"campo valido devuelve cadena vacia"},{"ancestorTitles":["beneficiarioValidation","validateStepFields"],"duration":0,"failing":false,"failureDetails":[],"failureMessages":[],"fullName":"beneficiarioValidation validateStepFields step 0 con datos validos no devuelve errores","invocations":1,"location":null,"numPassingAsserts":1,"retryReasons":[],"startAt":1780354944970,"status":"passed","title":"step 0 con datos validos no devuelve errores"},{"ancestorTitles":["beneficiarioValidation","validateStepFields"],"duration":0,"failing":false,"failureDetails":[],"failureMessages":[],"fullName":"beneficiarioValidation validateStepFields step 0 sin fechaNacimiento devuelve error de fecha","invocations":1,"location":null,"numPassingAsserts":1,"retryReasons":[],"startAt":1780354944971,"status":"passed","title":"step 0 sin fechaNacimiento devuelve error de fecha"},{"ancestorTitles":["beneficiarioValidation","validateStepFields"],"duration":0,"failing":false,"failureDetails":[],"failureMessages":[],"fullName":"beneficiarioValidation validateStepFields step 1 sin tipo_espinas devuelve error","invocations":1,"location":null,"numPassingAsserts":1,"retryReasons":[],"startAt":1780354944971,"status":"passed","title":"step 1 sin tipo_espinas devuelve error"},{"ancestorTitles":["beneficiarioValidation","validateStepFields"],"duration":0,"failing":false,"failureDetails":[],"failureMessages":[],"fullName":"beneficiarioValidation validateStepFields step 1 con telefono de contacto invalido devuelve error","invocations":1,"location":null,"numPassingAsserts":1,"retryReasons":[],"startAt":1780354944971,"status":"passed","title":"step 1 con telefono de contacto invalido devuelve error"},{"ancestorTitles":["beneficiarioValidation","validateStepFields"],"duration":0,"failing":false,"failureDetails":[],"failureMessages":[],"fullName":"beneficiarioValidation validateStepFields step 2 con cp invalido devuelve error","invocations":1,"location":null,"numPassingAsserts":1,"retryReasons":[],"startAt":1780354944971,"status":"passed","title":"step 2 con cp invalido devuelve error"},{"ancestorTitles":["beneficiarioValidation","validateStepFields"],"duration":0,"failing":false,"failureDetails":[],"failureMessages":[],"fullName":"beneficiarioValidation validateStepFields step 3 con meses_membresia cero devuelve error","invocations":1,"location":null,"numPassingAsserts":1,"retryReasons":[],"startAt":1780354944971,"status":"passed","title":"step 3 con meses_membresia cero devuelve error"},{"ancestorTitles":["beneficiarioValidation","validateStep"],"duration":0,"failing":false,"failureDetails":[],"failureMessages":[],"fullName":"beneficiarioValidation validateStep validateStep devuelve true con datos validos","invocations":1,"location":null,"numPassingAsserts":1,"retryReasons":[],"startAt":1780354944972,"status":"passed","title":"validateStep devuelve true con datos validos"},{"ancestorTitles":["beneficiarioValidation","validateStep"],"duration":0,"failing":false,"failureDetails":[],"failureMessages":[],"fullName":"beneficiarioValidation validateStep validateStep devuelve false con datos invalidos","invocations":1,"location":null,"numPassingAsserts":1,"retryReasons":[],"startAt":1780354944972,"status":"passed","title":"validateStep devuelve false con datos invalidos"}],"endTime":1780354944973,"message":"","name":"/Users/rosy/Desktop/ITC6/Reto/reto-aebnl/client/src/utils/__tests__/beneficiarioValidation.test.js","startTime":1780354944923,"status":"passed","summary":""}],"wasInterrupted":false}
