TN:
SF:client/src/hooks/useRegistroBeneficiario.js
FN:10,useRegistroBeneficiario
FN:26,(anonymous_1)
FN:27,(anonymous_2)
FN:40,(anonymous_3)
FN:82,(anonymous_4)
FN:89,(anonymous_5)
FN:96,(anonymous_6)
FN:102,(anonymous_7)
FN:109,(anonymous_8)
FN:114,(anonymous_9)
FN:122,(anonymous_10)
FN:126,(anonymous_11)
FN:130,(anonymous_12)
FN:134,(anonymous_13)
FN:141,(anonymous_14)
FN:142,(anonymous_15)
FN:151,(anonymous_16)
FN:156,(anonymous_17)
FN:172,(anonymous_18)
FN:175,(anonymous_19)
FN:176,(anonymous_20)
FN:182,(anonymous_21)
FN:186,(anonymous_22)
FN:188,(anonymous_23)
FN:192,(anonymous_24)
FN:193,(anonymous_25)
FN:195,(anonymous_26)
FN:216,(anonymous_27)
FN:222,(anonymous_28)
FN:226,(anonymous_29)
FN:254,(anonymous_30)
FNF:31
FNH:25
FNDA:58,useRegistroBeneficiario
FNDA:18,(anonymous_1)
FNDA:18,(anonymous_2)
FNDA:10,(anonymous_3)
FNDA:10,(anonymous_4)
FNDA:0,(anonymous_5)
FNDA:1,(anonymous_6)
FNDA:0,(anonymous_7)
FNDA:4,(anonymous_8)
FNDA:4,(anonymous_9)
FNDA:2,(anonymous_10)
FNDA:2,(anonymous_11)
FNDA:1,(anonymous_12)
FNDA:0,(anonymous_13)
FNDA:3,(anonymous_14)
FNDA:3,(anonymous_15)
FNDA:2,(anonymous_16)
FNDA:2,(anonymous_17)
FNDA:1,(anonymous_18)
FNDA:1,(anonymous_19)
FNDA:1,(anonymous_20)
FNDA:1,(anonymous_21)
FNDA:1,(anonymous_22)
FNDA:0,(anonymous_23)
FNDA:63,(anonymous_24)
FNDA:58,(anonymous_25)
FNDA:0,(anonymous_26)
FNDA:1,(anonymous_27)
FNDA:4,(anonymous_28)
FNDA:4,(anonymous_29)
FNDA:0,(anonymous_30)
DA:11,58
DA:12,58
DA:13,58
DA:14,58
DA:15,58
DA:16,58
DA:17,58
DA:18,58
DA:19,58
DA:20,58
DA:22,58
DA:23,58
DA:24,58
DA:26,58
DA:27,18
DA:28,18
DA:29,18
DA:30,18
DA:31,18
DA:33,0
DA:37,18
DA:40,58
DA:41,10
DA:43,10
DA:45,10
DA:55,10
DA:66,10
DA:67,1
DA:70,10
DA:71,2
DA:74,10
DA:75,2
DA:78,10
DA:79,1
DA:82,10
DA:88,10
DA:89,0
DA:96,58
DA:97,1
DA:99,1
DA:101,1
DA:102,0
DA:109,58
DA:110,4
DA:112,4
DA:114,4
DA:118,4
DA:122,58
DA:123,2
DA:124,2
DA:126,2
DA:130,1
DA:133,2
DA:134,0
DA:141,58
DA:142,3
DA:148,3
DA:151,58
DA:152,2
DA:156,58
DA:157,2
DA:158,2
DA:160,1
DA:161,1
DA:162,1
DA:165,1
DA:166,1
DA:168,1
DA:172,58
DA:173,1
DA:175,1
DA:176,1
DA:181,1
DA:182,1
DA:186,58
DA:187,1
DA:188,0
DA:192,63
DA:193,58
DA:195,58
DA:196,0
DA:198,0
DA:200,0
DA:208,0
DA:210,0
DA:211,0
DA:213,0
DA:216,58
DA:217,1
DA:218,1
DA:220,1
DA:221,1
DA:222,4
DA:226,4
DA:228,1
DA:229,1
DA:230,1
DA:231,1
DA:234,0
DA:236,0
DA:238,0
DA:239,0
DA:241,0
DA:252,0
DA:253,0
DA:254,0
DA:260,0
DA:263,0
DA:264,0
DA:267,0
DA:268,0
DA:270,0
DA:272,0
DA:275,1
DA:279,58
LF:115
LH:88
BRDA:33,0,0,0
BRDA:33,0,1,0
BRDA:66,1,0,1
BRDA:66,1,1,9
BRDA:70,2,0,2
BRDA:70,2,1,8
BRDA:74,3,0,2
BRDA:74,3,1,8
BRDA:78,4,0,1
BRDA:78,4,1,9
BRDA:88,5,0,0
BRDA:88,5,1,10
BRDA:101,6,0,0
BRDA:101,6,1,1
BRDA:118,7,0,2
BRDA:118,7,1,2
BRDA:128,8,0,1
BRDA:128,8,1,1
BRDA:133,9,0,0
BRDA:133,9,1,2
BRDA:144,10,0,3
BRDA:144,10,1,1
BRDA:145,11,0,3
BRDA:145,11,1,1
BRDA:157,12,0,2
BRDA:157,12,1,0
BRDA:158,13,0,1
BRDA:158,13,1,1
BRDA:161,14,0,1
BRDA:161,14,1,0
BRDA:181,15,0,1
BRDA:181,15,1,0
BRDA:187,16,0,0
BRDA:187,16,1,1
BRDA:210,17,0,0
BRDA:210,17,1,0
BRDA:211,18,0,0
BRDA:211,18,1,0
BRDA:228,19,0,1
BRDA:228,19,1,0
BRDA:238,20,0,0
BRDA:238,20,1,0
BRDA:270,21,0,0
BRDA:270,21,1,0
BRDA:272,22,0,0
BRDA:272,22,1,0
BRF:46
BRH:26
end_of_record
TN:
SF:client/src/pages/inventario/inventarioUi.js
FN:3,formatPrecioMXN
FN:12,categoriaVisibleDesdeApi
FN:19,etiquetaCategoriaDesdeApi
FN:29,mapInventarioApiRowToTableRow
FN:41,buildCategoriaFilterOptions
FN:49,(anonymous_5)
FN:53,(anonymous_6)
FN:60,filterInventarioTableRows
FN:63,(anonymous_8)
FN:68,(anonymous_9)
FNF:10
FNH:10
FNDA:7,formatPrecioMXN
FNDA:6,categoriaVisibleDesdeApi
FNDA:6,etiquetaCategoriaDesdeApi
FNDA:2,mapInventarioApiRowToTableRow
FNDA:2,buildCategoriaFilterOptions
FNDA:1,(anonymous_5)
FNDA:3,(anonymous_6)
FNDA:3,filterInventarioTableRows
FNDA:3,(anonymous_8)
FNDA:3,(anonymous_9)
DA:4,7
DA:5,7
DA:6,5
DA:13,6
DA:14,6
DA:15,3
DA:16,3
DA:20,6
DA:21,6
DA:22,4
DA:23,3
DA:30,2
DA:42,2
DA:43,2
DA:44,5
DA:45,3
DA:48,2
DA:49,1
DA:51,2
DA:53,3
DA:61,3
DA:62,3
DA:63,3
DA:65,3
DA:66,3
DA:67,1
DA:69,3
LF:27
LH:27
BRDA:5,0,0,2
BRDA:5,0,1,5
BRDA:14,1,0,3
BRDA:14,1,1,3
BRDA:16,2,0,1
BRDA:16,2,1,2
BRDA:21,3,0,2
BRDA:21,3,1,4
BRDA:22,4,0,1
BRDA:22,4,1,3
BRDA:34,5,0,2
BRDA:34,5,1,1
BRDA:35,6,0,2
BRDA:35,6,1,1
BRDA:36,7,0,2
BRDA:36,7,1,1
BRDA:36,8,0,2
BRDA:36,8,1,1
BRDA:44,9,0,3
BRDA:44,9,1,2
BRDA:44,10,0,5
BRDA:44,10,1,4
BRDA:54,11,0,3
BRDA:54,11,1,0
BRDA:62,12,0,1
BRDA:62,12,1,2
BRDA:66,13,0,2
BRDA:66,13,1,1
BRDA:69,14,0,3
BRDA:69,14,1,2
BRDA:69,14,2,2
BRF:31
BRH:30
end_of_record
TN:
SF:client/src/services/apiService.js
FN:3,getAuthHeaders
FN:16,parseErrorMessage
FN:17,(anonymous_2)
FNF:3
FNH:3
FNDA:9,getAuthHeaders
FNDA:5,parseErrorMessage
FNDA:1,(anonymous_2)
DA:4,9
DA:5,9
DA:6,1
DA:8,8
DA:17,5
DA:18,5
LF:6
LH:6
BRDA:5,0,0,1
BRDA:5,0,1,8
BRDA:18,1,0,5
BRDA:18,1,1,2
BRF:4
BRH:4
end_of_record
TN:
SF:client/src/services/reportesService.js
FN:5,toNumber
FN:10,toPercent
FN:15,mapGeneroLabel
FN:21,mapEtapaCodigoLabel
FN:32,estadoDisplayLabel
FN:37,(anonymous_5)
FN:40,normalizeReporteGeneral
FN:55,(anonymous_7)
FN:65,(anonymous_8)
FN:66,(anonymous_9)
FN:76,(anonymous_10)
FN:77,(anonymous_11)
FN:98,getReporteGeneral
FN:127,pad2
FN:132,normalizeServiciosPorDia
FN:134,(anonymous_15)
FN:146,mapDistribucionesBeneficiariosDesdePayload
FN:158,(anonymous_17)
FN:161,(anonymous_18)
FN:172,(anonymous_19)
FN:175,(anonymous_20)
FN:186,(anonymous_21)
FN:189,(anonymous_22)
FN:203,normalizeReporteMensual
FN:234,getReporteMensual
FN:252,normalizePorMesAnual
FN:254,(anonymous_26)
FN:269,normalizeReporteAnual
FN:292,getReporteAnual
FN:311,normalizeServiciosPorPeriodo
FN:313,(anonymous_30)
FN:327,normalizeReportePeriodo
FN:354,getReportePeriodo
FN:375,mapTipoMovimientoLabel
FN:382,normalizeMovimientosPorDiaInventario
FN:384,(anonymous_35)
FN:396,normalizeProductosPorCategoria
FN:398,(anonymous_37)
FN:399,(anonymous_38)
FN:412,normalizeHistorialInventario
FN:414,(anonymous_40)
FN:429,normalizeListaBajoStock
FN:431,(anonymous_42)
FN:441,normalizeReporteInventario
FN:463,getReporteInventario
FNF:45
FNH:45
FNDA:85,toNumber
FNDA:12,toPercent
FNDA:4,mapGeneroLabel
FNDA:4,mapEtapaCodigoLabel
FNDA:4,estadoDisplayLabel
FNDA:5,(anonymous_5)
FNDA:1,normalizeReporteGeneral
FNDA:2,(anonymous_7)
FNDA:2,(anonymous_8)
FNDA:2,(anonymous_9)
FNDA:2,(anonymous_10)
FNDA:2,(anonymous_11)
FNDA:2,getReporteGeneral
FNDA:1,pad2
FNDA:1,normalizeServiciosPorDia
FNDA:1,(anonymous_15)
FNDA:3,mapDistribucionesBeneficiariosDesdePayload
FNDA:2,(anonymous_17)
FNDA:2,(anonymous_18)
FNDA:2,(anonymous_19)
FNDA:2,(anonymous_20)
FNDA:2,(anonymous_21)
FNDA:2,(anonymous_22)
FNDA:1,normalizeReporteMensual
FNDA:1,getReporteMensual
FNDA:1,normalizePorMesAnual
FNDA:1,(anonymous_26)
FNDA:1,normalizeReporteAnual
FNDA:1,getReporteAnual
FNDA:1,normalizeServiciosPorPeriodo
FNDA:1,(anonymous_30)
FNDA:1,normalizeReportePeriodo
FNDA:1,getReportePeriodo
FNDA:1,mapTipoMovimientoLabel
FNDA:1,normalizeMovimientosPorDiaInventario
FNDA:1,(anonymous_35)
FNDA:1,normalizeProductosPorCategoria
FNDA:2,(anonymous_37)
FNDA:2,(anonymous_38)
FNDA:1,normalizeHistorialInventario
FNDA:1,(anonymous_40)
FNDA:1,normalizeListaBajoStock
FNDA:1,(anonymous_42)
FNDA:1,normalizeReporteInventario
FNDA:1,getReporteInventario
DA:6,85
DA:7,85
DA:11,12
DA:12,12
DA:16,4
DA:17,3
DA:18,1
DA:22,4
DA:23,4
DA:29,4
DA:33,4
DA:34,4
DA:35,3
DA:37,5
DA:41,1
DA:42,1
DA:43,1
DA:45,1
DA:48,1
DA:51,1
DA:55,1
DA:56,2
DA:57,2
DA:65,2
DA:66,1
DA:67,2
DA:68,2
DA:76,2
DA:77,1
DA:78,2
DA:79,2
DA:80,2
DA:88,1
DA:99,2
DA:104,2
DA:105,1
DA:108,1
DA:109,1
DA:112,1
DA:128,1
DA:129,1
DA:133,1
DA:134,1
DA:135,1
DA:136,1
DA:147,3
DA:150,3
DA:153,3
DA:157,3
DA:158,2
DA:161,3
DA:162,2
DA:163,2
DA:171,3
DA:172,2
DA:175,3
DA:176,2
DA:177,2
DA:185,3
DA:186,2
DA:189,3
DA:190,2
DA:191,2
DA:192,2
DA:200,3
DA:204,1
DA:205,1
DA:206,1
DA:209,1
DA:211,1
DA:212,1
DA:213,1
DA:214,1
DA:216,1
DA:235,1
DA:236,1
DA:244,1
DA:245,0
DA:248,1
DA:249,1
DA:253,1
DA:254,1
DA:255,1
DA:257,1
DA:258,1
DA:270,1
DA:271,1
DA:274,1
DA:276,1
DA:293,1
DA:294,1
DA:302,1
DA:303,0
DA:306,1
DA:307,1
DA:312,1
DA:313,1
DA:314,1
DA:315,1
DA:328,1
DA:329,1
DA:330,1
DA:331,1
DA:334,1
DA:336,1
DA:338,1
DA:355,1
DA:359,1
DA:367,1
DA:368,0
DA:371,1
DA:372,1
DA:376,1
DA:377,1
DA:378,1
DA:379,0
DA:383,1
DA:384,1
DA:385,1
DA:386,1
DA:397,1
DA:398,2
DA:399,1
DA:400,2
DA:401,2
DA:413,1
DA:414,1
DA:430,1
DA:431,1
DA:442,1
DA:443,1
DA:445,1
DA:464,1
DA:468,1
DA:476,1
DA:477,0
DA:480,1
DA:481,1
LF:138
LH:133
BRDA:7,0,0,79
BRDA:7,0,1,6
BRDA:11,1,0,0
BRDA:11,1,1,12
BRDA:16,2,0,1
BRDA:16,2,1,3
BRDA:17,3,0,2
BRDA:17,3,1,1
BRDA:22,4,0,0
BRDA:22,4,1,4
BRDA:29,5,0,4
BRDA:29,5,1,0
BRDA:33,6,0,4
BRDA:33,6,1,0
BRDA:34,7,0,1
BRDA:34,7,1,3
BRDA:34,8,0,4
BRDA:34,8,1,4
BRDA:45,9,0,1
BRDA:45,9,1,0
BRDA:48,10,0,1
BRDA:48,10,1,0
BRDA:51,11,0,1
BRDA:51,11,1,0
BRDA:58,12,0,2
BRDA:58,12,1,0
BRDA:61,13,0,2
BRDA:61,13,1,1
BRDA:69,14,0,2
BRDA:69,14,1,0
BRDA:69,14,2,0
BRDA:78,15,0,2
BRDA:78,15,1,0
BRDA:84,16,0,2
BRDA:84,16,1,1
BRDA:84,17,0,1
BRDA:84,17,1,0
BRDA:104,18,0,1
BRDA:104,18,1,1
BRDA:128,19,0,1
BRDA:128,19,1,0
BRDA:129,20,0,0
BRDA:129,20,1,1
BRDA:133,21,0,0
BRDA:133,21,1,1
BRDA:135,22,0,1
BRDA:135,22,1,1
BRDA:135,22,2,0
BRDA:135,23,0,1
BRDA:135,23,1,0
BRDA:137,24,0,1
BRDA:137,24,1,0
BRDA:147,25,0,3
BRDA:147,25,1,0
BRDA:150,26,0,3
BRDA:150,26,1,0
BRDA:153,27,0,3
BRDA:153,27,1,0
BRDA:164,28,0,2
BRDA:164,28,1,0
BRDA:167,29,0,2
BRDA:167,29,1,2
BRDA:178,30,0,2
BRDA:178,30,1,0
BRDA:178,30,2,0
BRDA:190,31,0,2
BRDA:190,31,1,0
BRDA:196,32,0,2
BRDA:196,32,1,2
BRDA:196,33,0,2
BRDA:196,33,1,0
BRDA:211,34,0,1
BRDA:211,34,1,0
BRDA:212,35,0,1
BRDA:212,35,1,0
BRDA:212,35,2,0
BRDA:213,36,0,1
BRDA:213,36,1,0
BRDA:213,36,2,0
BRDA:214,37,0,1
BRDA:214,37,1,0
BRDA:214,38,0,1
BRDA:214,38,1,1
BRDA:221,39,0,1
BRDA:221,39,1,0
BRDA:222,40,0,1
BRDA:222,40,1,0
BRDA:244,41,0,0
BRDA:244,41,1,1
BRDA:253,42,0,0
BRDA:253,42,1,1
BRDA:257,43,0,1
BRDA:257,43,1,0
BRDA:257,44,0,1
BRDA:257,44,1,1
BRDA:261,45,0,1
BRDA:261,45,1,0
BRDA:263,46,0,1
BRDA:263,46,1,0
BRDA:270,47,0,1
BRDA:270,47,1,0
BRDA:271,48,0,1
BRDA:271,48,1,0
BRDA:271,48,2,0
BRDA:279,49,0,1
BRDA:279,49,1,0
BRDA:280,50,0,1
BRDA:280,50,1,0
BRDA:302,51,0,0
BRDA:302,51,1,1
BRDA:312,52,0,0
BRDA:312,52,1,1
BRDA:314,53,0,1
BRDA:314,53,1,0
BRDA:317,54,0,1
BRDA:317,54,1,0
BRDA:318,55,0,1
BRDA:318,55,1,0
BRDA:336,56,0,1
BRDA:336,56,1,0
BRDA:340,57,0,1
BRDA:340,57,1,0
BRDA:341,58,0,1
BRDA:341,58,1,0
BRDA:367,59,0,0
BRDA:367,59,1,1
BRDA:376,60,0,1
BRDA:376,60,1,0
BRDA:377,61,0,0
BRDA:377,61,1,1
BRDA:378,62,0,1
BRDA:378,62,1,0
BRDA:379,63,0,0
BRDA:379,63,1,0
BRDA:383,64,0,0
BRDA:383,64,1,1
BRDA:385,65,0,1
BRDA:385,65,1,0
BRDA:388,66,0,1
BRDA:388,66,1,0
BRDA:397,67,0,0
BRDA:397,67,1,1
BRDA:402,68,0,2
BRDA:402,68,1,0
BRDA:402,68,2,0
BRDA:403,69,0,2
BRDA:403,69,1,0
BRDA:413,70,0,0
BRDA:413,70,1,1
BRDA:416,71,0,1
BRDA:416,71,1,0
BRDA:417,72,0,1
BRDA:417,72,1,0
BRDA:418,73,0,1
BRDA:418,73,1,0
BRDA:419,74,0,1
BRDA:419,74,1,0
BRDA:424,75,0,1
BRDA:424,75,1,0
BRDA:425,76,0,1
BRDA:425,76,1,0
BRDA:430,77,0,0
BRDA:430,77,1,1
BRDA:433,78,0,1
BRDA:433,78,1,0
BRDA:434,79,0,1
BRDA:434,79,1,0
BRDA:436,80,0,1
BRDA:436,80,1,0
BRDA:437,81,0,1
BRDA:437,81,1,0
BRDA:442,82,0,1
BRDA:442,82,1,0
BRDA:447,83,0,1
BRDA:447,83,1,0
BRDA:448,84,0,1
BRDA:448,84,1,0
BRDA:476,85,0,0
BRDA:476,85,1,1
BRF:179
BRH:98
end_of_record
TN:
SF:client/src/utils/beneficiarioConstants.js
FN:23,(anonymous_0)
FNF:1
FNH:1
FNDA:58,(anonymous_0)
DA:8,1
DA:16,1
DA:23,58
LF:3
LH:3
BRF:0
BRH:0
end_of_record
TN:
SF:client/src/utils/beneficiarioPayload.js
FN:1,buildBeneficiarioPayload
FNF:1
FNH:1
FNDA:4,buildBeneficiarioPayload
DA:2,4
LF:1
LH:1
BRDA:15,0,0,4
BRDA:15,0,1,1
BRDA:21,1,0,4
BRDA:21,1,1,1
BRDA:23,2,0,4
BRDA:23,2,1,2
BRDA:28,3,0,4
BRDA:28,3,1,1
BRDA:29,4,0,4
BRDA:29,4,1,1
BRDA:30,5,0,4
BRDA:30,5,1,1
BRDA:31,6,0,4
BRDA:31,6,1,1
BRDA:32,7,0,4
BRDA:32,7,1,1
BRDA:33,8,0,4
BRDA:33,8,1,1
BRDA:37,9,0,4
BRDA:37,9,1,1
BRDA:38,10,0,4
BRDA:38,10,1,1
BRDA:39,11,0,4
BRDA:39,11,1,1
BRDA:40,12,0,4
BRDA:40,12,1,1
BRDA:41,13,0,4
BRDA:41,13,1,1
BRDA:42,14,0,4
BRDA:42,14,1,1
BRF:30
BRH:30
end_of_record
TN:
SF:client/src/utils/beneficiarioValidation.js
FN:5,validateField
FN:47,(anonymous_1)
FN:53,validateStepFields
FN:118,validateStep
FNF:4
FNH:4
FNDA:12,validateField
FNDA:545,(anonymous_1)
FNDA:72,validateStepFields
FNDA:65,validateStep
DA:3,2
DA:6,12
DA:8,12
DA:11,2
DA:12,1
DA:14,2
DA:17,2
DA:18,1
DA:20,2
DA:27,2
DA:28,1
DA:30,2
DA:33,5
DA:34,3
DA:35,2
DA:36,0
DA:38,5
DA:41,1
DA:44,12
DA:47,2
DA:48,545
DA:49,495
DA:54,72
DA:56,72
DA:58,65
DA:59,65
DA:60,65
DA:61,65
DA:62,65
DA:63,65
DA:64,65
DA:65,65
DA:67,65
DA:68,0
DA:71,65
DA:74,3
DA:75,3
DA:76,3
DA:77,3
DA:78,3
DA:80,3
DA:81,2
DA:84,3
DA:85,1
DA:88,3
DA:91,2
DA:92,2
DA:93,2
DA:94,2
DA:96,2
DA:97,1
DA:100,2
DA:103,2
DA:105,2
DA:106,1
DA:109,2
DA:112,0
DA:115,72
DA:119,65
DA:120,65
LF:60
LH:57
BRDA:8,0,0,0
BRDA:8,0,1,2
BRDA:8,0,2,2
BRDA:8,0,3,2
BRDA:8,0,4,2
BRDA:8,0,5,2
BRDA:8,0,6,2
BRDA:8,0,7,2
BRDA:8,0,8,5
BRDA:8,0,9,1
BRDA:11,1,0,1
BRDA:11,1,1,1
BRDA:11,2,0,2
BRDA:11,2,1,2
BRDA:11,2,2,1
BRDA:17,3,0,1
BRDA:17,3,1,1
BRDA:17,4,0,2
BRDA:17,4,1,2
BRDA:17,4,2,1
BRDA:27,5,0,1
BRDA:27,5,1,1
BRDA:27,6,0,2
BRDA:27,6,1,2
BRDA:33,7,0,3
BRDA:33,7,1,2
BRDA:33,8,0,5
BRDA:33,8,1,5
BRDA:35,9,0,0
BRDA:35,9,1,2
BRDA:35,10,0,2
BRDA:35,10,1,2
BRDA:48,11,0,495
BRDA:48,11,1,50
BRDA:56,12,0,65
BRDA:56,12,1,3
BRDA:56,12,2,2
BRDA:56,12,3,2
BRDA:56,12,4,0
BRDA:67,13,0,0
BRDA:67,13,1,65
BRDA:67,14,0,65
BRDA:67,14,1,5
BRDA:80,15,0,2
BRDA:80,15,1,1
BRDA:80,16,0,3
BRDA:80,16,1,3
BRDA:84,17,0,1
BRDA:84,17,1,2
BRDA:84,18,0,3
BRDA:84,18,1,2
BRDA:96,19,0,1
BRDA:96,19,1,1
BRDA:96,20,0,2
BRDA:96,20,1,1
BRDA:105,21,0,1
BRDA:105,21,1,1
BRDA:105,22,0,2
BRDA:105,22,1,2
BRF:59
BRH:55
end_of_record
TN:
SF:client/src/utils/dateTime.js
FN:3,pad
FN:7,nowLocalDateTime
FN:21,todayDate
FNF:3
FNH:3
FNDA:137,pad
FNDA:3,nowLocalDateTime
FNDA:61,todayDate
DA:4,137
DA:8,3
DA:10,3
DA:11,3
DA:12,3
DA:14,3
DA:15,3
DA:16,3
DA:18,3
DA:22,61
DA:24,61
DA:25,61
DA:26,61
DA:28,61
LF:14
LH:14
BRF:0
BRH:0
end_of_record
TN:
SF:client/src/utils/validator.js
FN:2,(anonymous_0)
FN:7,(anonymous_1)
FN:11,(anonymous_2)
FN:16,(anonymous_3)
FN:20,(anonymous_4)
FNF:5
FNH:5
FNDA:2,(anonymous_0)
FNDA:1,(anonymous_1)
FNDA:7,(anonymous_2)
FNDA:2,(anonymous_3)
FNDA:3,(anonymous_4)
DA:2,2
DA:3,2
DA:7,2
DA:8,1
DA:11,2
DA:12,7
DA:13,7
DA:16,2
DA:17,2
DA:20,2
DA:21,3
LF:11
LH:11
BRF:0
BRH:0
end_of_record
