TN:
SF:client/src/components/layout/beneficiarios/BeneficiarioDetalle/HistorialPadres.jsx
FN:5,formatDate
FN:12,formatInputDate
FN:17,emptyForm
FN:34,HistorialPadres
FN:44,(anonymous_4)
FN:77,(anonymous_5)
FN:81,(anonymous_6)
FN:86,(anonymous_7)
FN:91,(anonymous_8)
FN:111,(anonymous_9)
FN:114,(anonymous_10)
FN:120,(anonymous_11)
FN:124,(anonymous_12)
FN:162,(anonymous_13)
FN:226,(anonymous_14)
FNF:15
FNH:15
FNDA:72,formatDate
FNDA:48,formatInputDate
FNDA:59,emptyForm
FNDA:59,HistorialPadres
FNDA:13,(anonymous_4)
FNDA:12,(anonymous_5)
FNDA:30,(anonymous_6)
FNDA:10,(anonymous_7)
FNDA:20,(anonymous_8)
FNDA:1,(anonymous_9)
FNDA:1,(anonymous_10)
FNDA:1,(anonymous_11)
FNDA:2,(anonymous_12)
FNDA:552,(anonymous_13)
FNDA:6,(anonymous_14)
DA:6,72
DA:7,22
DA:8,22
DA:9,22
DA:13,48
DA:14,20
DA:18,59
DA:35,59
DA:37,59
DA:38,59
DA:39,59
DA:40,59
DA:42,59
DA:44,59
DA:45,13
DA:47,12
DA:48,12
DA:50,12
DA:52,12
DA:62,11
DA:64,11
DA:65,1
DA:68,10
DA:70,1
DA:71,1
DA:73,11
DA:77,59
DA:78,12
DA:81,59
DA:82,30
DA:85,24
DA:86,10
DA:90,24
DA:91,20
DA:94,24
DA:111,59
DA:112,1
DA:114,1
DA:120,59
DA:121,1
DA:124,59
DA:125,2
DA:126,2
DA:128,2
DA:130,2
DA:142,2
DA:144,2
DA:145,1
DA:148,1
DA:149,1
DA:151,1
DA:152,1
DA:155,1
DA:156,1
DA:158,2
DA:162,59
DA:163,552
DA:185,59
DA:186,13
DA:195,46
DA:226,6
LF:61
LH:61
BRDA:6,0,0,50
BRDA:6,0,1,22
BRDA:13,1,0,28
BRDA:13,1,1,20
BRDA:45,2,0,1
BRDA:45,2,1,12
BRDA:64,3,0,1
BRDA:64,3,1,10
BRDA:65,4,0,1
BRDA:65,4,1,0
BRDA:68,5,0,10
BRDA:68,5,1,0
BRDA:82,6,0,6
BRDA:82,6,1,24
BRDA:85,7,0,24
BRDA:85,7,1,14
BRDA:90,8,0,24
BRDA:90,8,1,14
BRDA:95,9,0,24
BRDA:95,9,1,14
BRDA:97,10,0,24
BRDA:97,10,1,14
BRDA:98,11,0,24
BRDA:98,11,1,14
BRDA:99,12,0,24
BRDA:99,12,1,14
BRDA:100,13,0,24
BRDA:100,13,1,14
BRDA:102,14,0,24
BRDA:102,14,1,14
BRDA:104,15,0,24
BRDA:104,15,1,14
BRDA:105,16,0,24
BRDA:105,16,1,14
BRDA:106,17,0,24
BRDA:106,17,1,14
BRDA:107,18,0,24
BRDA:107,18,1,14
BRDA:144,19,0,1
BRDA:144,19,1,1
BRDA:145,20,0,1
BRDA:145,20,1,0
BRDA:151,21,0,1
BRDA:151,21,1,0
BRDA:156,22,0,1
BRDA:156,22,1,0
BRDA:162,23,0,460
BRDA:166,24,0,120
BRDA:166,24,1,432
BRDA:171,25,0,120
BRDA:171,25,1,0
BRDA:177,26,0,72
BRDA:177,26,1,360
BRDA:179,27,0,360
BRDA:179,27,1,250
BRDA:185,28,0,13
BRDA:185,28,1,46
BRDA:222,29,0,36
BRDA:222,29,1,10
BRDA:238,30,0,2
BRDA:238,30,1,8
BRF:61
BRH:55
end_of_record
TN:
SF:client/src/components/ui/CircularTestimonials/CircularTestimonials.jsx
FN:6,calculateGap
FN:22,CircularTestimonials
FN:46,(anonymous_2)
FN:47,(anonymous_3)
FN:49,(anonymous_4)
FN:50,onResize
FN:57,(anonymous_6)
FN:60,(anonymous_7)
FN:62,(anonymous_8)
FN:63,(anonymous_9)
FN:65,(anonymous_10)
FN:68,(anonymous_11)
FN:70,(anonymous_12)
FN:73,(anonymous_13)
FN:75,(anonymous_14)
FN:78,(anonymous_15)
FN:79,(anonymous_16)
FN:84,(anonymous_17)
FN:87,getImageStyle
FN:122,(anonymous_19)
FN:150,(anonymous_20)
FN:169,(anonymous_21)
FN:170,(anonymous_22)
FN:179,(anonymous_23)
FN:180,(anonymous_24)
FNF:25
FNH:21
FNDA:141,calculateGap
FNDA:47,CircularTestimonials
FNDA:18,(anonymous_2)
FNDA:28,(anonymous_3)
FNDA:18,(anonymous_4)
FNDA:19,onResize
FNDA:18,(anonymous_6)
FNDA:18,(anonymous_7)
FNDA:1,(anonymous_8)
FNDA:1,(anonymous_9)
FNDA:9,(anonymous_10)
FNDA:7,(anonymous_11)
FNDA:7,(anonymous_12)
FNDA:3,(anonymous_13)
FNDA:3,(anonymous_14)
FNDA:18,(anonymous_15)
FNDA:3,(anonymous_16)
FNDA:18,(anonymous_17)
FNDA:141,getImageStyle
FNDA:141,(anonymous_19)
FNDA:396,(anonymous_20)
FNDA:0,(anonymous_21)
FNDA:0,(anonymous_22)
FNDA:0,(anonymous_23)
FNDA:0,(anonymous_24)
DA:7,141
DA:8,141
DA:9,141
DA:10,141
DA:11,141
DA:12,54
DA:13,54
DA:16,1
DA:28,47
DA:29,47
DA:30,47
DA:31,47
DA:32,47
DA:33,47
DA:34,47
DA:35,47
DA:36,47
DA:38,47
DA:39,47
DA:40,47
DA:41,47
DA:43,47
DA:44,47
DA:46,47
DA:47,47
DA:49,47
DA:51,19
DA:52,19
DA:55,18
DA:56,18
DA:57,18
DA:60,47
DA:61,18
DA:62,9
DA:63,1
DA:65,9
DA:68,47
DA:69,7
DA:70,7
DA:73,47
DA:74,3
DA:75,3
DA:78,47
DA:79,18
DA:80,3
DA:81,3
DA:83,18
DA:84,18
DA:88,141
DA:89,141
DA:90,141
DA:91,141
DA:92,141
DA:94,141
DA:95,47
DA:101,94
DA:102,47
DA:108,47
DA:109,47
DA:115,0
DA:118,47
DA:123,141
DA:151,396
DA:169,0
DA:170,0
DA:179,0
DA:180,0
LF:67
LH:62
BRDA:11,0,0,87
BRDA:11,0,1,54
BRDA:12,1,0,0
BRDA:12,1,1,54
BRDA:24,2,0,17
BRDA:25,3,0,45
BRDA:26,4,0,45
BRDA:28,5,0,47
BRDA:28,5,1,45
BRDA:29,6,0,47
BRDA:29,6,1,45
BRDA:30,7,0,47
BRDA:30,7,1,45
BRDA:31,8,0,47
BRDA:31,8,1,47
BRDA:32,9,0,47
BRDA:32,9,1,47
BRDA:33,10,0,47
BRDA:33,10,1,47
BRDA:34,11,0,47
BRDA:34,11,1,45
BRDA:35,12,0,47
BRDA:35,12,1,45
BRDA:36,13,0,47
BRDA:36,13,1,45
BRDA:51,14,0,19
BRDA:51,14,1,0
BRDA:61,15,0,9
BRDA:61,15,1,9
BRDA:80,16,0,1
BRDA:80,16,1,2
BRDA:81,17,0,2
BRDA:81,17,1,1
BRDA:94,18,0,47
BRDA:94,18,1,94
BRDA:101,19,0,47
BRDA:101,19,1,47
BRDA:108,20,0,47
BRDA:108,20,1,0
BRDA:171,21,0,0
BRDA:171,21,1,47
BRDA:181,22,0,0
BRDA:181,22,1,47
BRF:43
BRH:38
end_of_record
TN:
SF:client/src/hooks/useFondoDonaciones.js
FN:5,useFondoDonaciones
FN:12,(anonymous_1)
FN:17,(anonymous_2)
FN:35,(anonymous_3)
FN:53,(anonymous_4)
FN:72,(anonymous_5)
FN:91,(anonymous_6)
FN:110,(anonymous_7)
FN:114,(anonymous_8)
FN:115,(anonymous_9)
FN:116,(anonymous_10)
FNF:11
FNH:9
FNDA:59,useFondoDonaciones
FNDA:46,(anonymous_1)
FNDA:19,(anonymous_2)
FNDA:19,(anonymous_3)
FNDA:4,(anonymous_4)
FNDA:2,(anonymous_5)
FNDA:2,(anonymous_6)
FNDA:1,(anonymous_7)
FNDA:15,(anonymous_8)
FNDA:0,(anonymous_9)
FNDA:0,(anonymous_10)
DA:6,59
DA:7,59
DA:8,59
DA:9,59
DA:10,59
DA:12,59
DA:17,59
DA:18,19
DA:19,19
DA:20,19
DA:21,19
DA:24,18
DA:25,18
DA:27,1
DA:28,1
DA:29,1
DA:31,19
DA:35,59
DA:36,19
DA:37,19
DA:38,19
DA:39,19
DA:42,18
DA:43,18
DA:45,1
DA:46,1
DA:47,1
DA:49,19
DA:53,59
DA:54,4
DA:55,4
DA:56,4
DA:57,4
DA:61,3
DA:62,3
DA:64,1
DA:65,1
DA:66,1
DA:68,4
DA:72,59
DA:73,2
DA:74,2
DA:75,2
DA:76,2
DA:81,1
DA:83,1
DA:84,1
DA:85,1
DA:87,2
DA:91,59
DA:92,2
DA:93,2
DA:94,2
DA:95,2
DA:100,1
DA:102,1
DA:103,1
DA:104,1
DA:106,2
DA:110,59
DA:111,1
DA:114,59
DA:115,15
DA:116,15
DA:119,59
LF:65
LH:65
BRDA:27,0,0,1
BRDA:27,0,1,0
BRDA:42,1,0,18
BRDA:42,1,1,1
BRDA:45,2,0,1
BRDA:45,2,1,1
BRDA:53,3,0,4
BRDA:61,4,0,3
BRDA:61,4,1,1
BRDA:64,5,0,1
BRDA:64,5,1,1
BRDA:83,6,0,1
BRDA:83,6,1,0
BRDA:102,7,0,1
BRDA:102,7,1,0
BRF:15
BRH:12
end_of_record
TN:
SF:client/src/hooks/useRegistroBeneficiario.js
FN:10,useRegistroBeneficiario
FN:26,(anonymous_1)
FN:27,(anonymous_2)
FN:40,(anonymous_3)
FN:82,(anonymous_4)
FN:89,(anonymous_5)
FN:96,(anonymous_6)
FN:102,(anonymous_7)
FN:109,(anonymous_8)
FN:114,(anonymous_9)
FN:122,(anonymous_10)
FN:126,(anonymous_11)
FN:130,(anonymous_12)
FN:134,(anonymous_13)
FN:141,(anonymous_14)
FN:142,(anonymous_15)
FN:151,(anonymous_16)
FN:156,(anonymous_17)
FN:172,(anonymous_18)
FN:175,(anonymous_19)
FN:176,(anonymous_20)
FN:182,(anonymous_21)
FN:186,(anonymous_22)
FN:188,(anonymous_23)
FN:192,(anonymous_24)
FN:193,(anonymous_25)
FN:195,(anonymous_26)
FN:216,(anonymous_27)
FN:222,(anonymous_28)
FN:226,(anonymous_29)
FN:254,(anonymous_30)
FNF:31
FNH:25
FNDA:58,useRegistroBeneficiario
FNDA:18,(anonymous_1)
FNDA:18,(anonymous_2)
FNDA:10,(anonymous_3)
FNDA:10,(anonymous_4)
FNDA:0,(anonymous_5)
FNDA:1,(anonymous_6)
FNDA:0,(anonymous_7)
FNDA:4,(anonymous_8)
FNDA:4,(anonymous_9)
FNDA:2,(anonymous_10)
FNDA:2,(anonymous_11)
FNDA:1,(anonymous_12)
FNDA:0,(anonymous_13)
FNDA:3,(anonymous_14)
FNDA:3,(anonymous_15)
FNDA:2,(anonymous_16)
FNDA:2,(anonymous_17)
FNDA:1,(anonymous_18)
FNDA:1,(anonymous_19)
FNDA:1,(anonymous_20)
FNDA:1,(anonymous_21)
FNDA:1,(anonymous_22)
FNDA:0,(anonymous_23)
FNDA:63,(anonymous_24)
FNDA:58,(anonymous_25)
FNDA:0,(anonymous_26)
FNDA:1,(anonymous_27)
FNDA:4,(anonymous_28)
FNDA:4,(anonymous_29)
FNDA:0,(anonymous_30)
DA:11,58
DA:12,58
DA:13,58
DA:14,58
DA:15,58
DA:16,58
DA:17,58
DA:18,58
DA:19,58
DA:20,58
DA:22,58
DA:23,58
DA:24,58
DA:26,58
DA:27,18
DA:28,18
DA:29,18
DA:30,18
DA:31,18
DA:33,0
DA:37,18
DA:40,58
DA:41,10
DA:43,10
DA:45,10
DA:55,10
DA:66,10
DA:67,1
DA:70,10
DA:71,2
DA:74,10
DA:75,2
DA:78,10
DA:79,1
DA:82,10
DA:88,10
DA:89,0
DA:96,58
DA:97,1
DA:99,1
DA:101,1
DA:102,0
DA:109,58
DA:110,4
DA:112,4
DA:114,4
DA:118,4
DA:122,58
DA:123,2
DA:124,2
DA:126,2
DA:130,1
DA:133,2
DA:134,0
DA:141,58
DA:142,3
DA:148,3
DA:151,58
DA:152,2
DA:156,58
DA:157,2
DA:158,2
DA:160,1
DA:161,1
DA:162,1
DA:165,1
DA:166,1
DA:168,1
DA:172,58
DA:173,1
DA:175,1
DA:176,1
DA:181,1
DA:182,1
DA:186,58
DA:187,1
DA:188,0
DA:192,63
DA:193,58
DA:195,58
DA:196,0
DA:198,0
DA:200,0
DA:208,0
DA:210,0
DA:211,0
DA:213,0
DA:216,58
DA:217,1
DA:218,1
DA:220,1
DA:221,1
DA:222,4
DA:226,4
DA:228,1
DA:229,1
DA:230,1
DA:231,1
DA:234,0
DA:236,0
DA:238,0
DA:239,0
DA:241,0
DA:252,0
DA:253,0
DA:254,0
DA:260,0
DA:263,0
DA:264,0
DA:267,0
DA:268,0
DA:270,0
DA:272,0
DA:275,1
DA:279,58
LF:115
LH:88
BRDA:33,0,0,0
BRDA:33,0,1,0
BRDA:66,1,0,1
BRDA:66,1,1,9
BRDA:70,2,0,2
BRDA:70,2,1,8
BRDA:74,3,0,2
BRDA:74,3,1,8
BRDA:78,4,0,1
BRDA:78,4,1,9
BRDA:88,5,0,0
BRDA:88,5,1,10
BRDA:101,6,0,0
BRDA:101,6,1,1
BRDA:118,7,0,2
BRDA:118,7,1,2
BRDA:128,8,0,1
BRDA:128,8,1,1
BRDA:133,9,0,0
BRDA:133,9,1,2
BRDA:144,10,0,3
BRDA:144,10,1,1
BRDA:145,11,0,3
BRDA:145,11,1,1
BRDA:157,12,0,2
BRDA:157,12,1,0
BRDA:158,13,0,1
BRDA:158,13,1,1
BRDA:161,14,0,1
BRDA:161,14,1,0
BRDA:181,15,0,1
BRDA:181,15,1,0
BRDA:187,16,0,0
BRDA:187,16,1,1
BRDA:210,17,0,0
BRDA:210,17,1,0
BRDA:211,18,0,0
BRDA:211,18,1,0
BRDA:228,19,0,1
BRDA:228,19,1,0
BRDA:238,20,0,0
BRDA:238,20,1,0
BRDA:270,21,0,0
BRDA:270,21,1,0
BRDA:272,22,0,0
BRDA:272,22,1,0
BRF:46
BRH:26
end_of_record
TN:
SF:client/src/pages/Donaciones/Donaciones.jsx
FN:17,Skeleton
FN:20,(anonymous_1)
FN:27,FieldError
FN:36,validateField
FN:57,validateAbono
FN:59,(anonymous_5)
FN:62,validateCrearDonador
FN:64,(anonymous_7)
FN:67,sanitizeMonto
FN:74,Donaciones
FN:104,(anonymous_10)
FN:109,(anonymous_11)
FN:114,(anonymous_12)
FN:116,(anonymous_13)
FN:127,(anonymous_14)
FN:128,(anonymous_15)
FN:129,(anonymous_16)
FN:133,(anonymous_17)
FN:134,(anonymous_18)
FN:137,(anonymous_19)
FN:138,(anonymous_20)
FN:146,(anonymous_21)
FN:148,(anonymous_22)
FN:156,(anonymous_23)
FN:158,(anonymous_24)
FN:165,(anonymous_25)
FN:171,(anonymous_26)
FN:203,(anonymous_27)
FN:236,(anonymous_28)
FN:279,(anonymous_29)
FN:279,(anonymous_30)
FN:307,(anonymous_31)
FN:318,(anonymous_32)
FN:337,(anonymous_33)
FN:339,(anonymous_34)
FN:384,(anonymous_35)
FN:420,(anonymous_36)
FN:420,(anonymous_37)
FN:458,(anonymous_38)
FN:484,(anonymous_39)
FN:488,(anonymous_40)
FN:505,(anonymous_41)
FN:509,(anonymous_42)
FN:575,(anonymous_43)
FNF:44
FNH:39
FNDA:0,Skeleton
FNDA:0,(anonymous_1)
FNDA:77,FieldError
FNDA:14,validateField
FNDA:3,validateAbono
FNDA:9,(anonymous_5)
FNDA:2,validateCrearDonador
FNDA:4,(anonymous_7)
FNDA:3,sanitizeMonto
FNDA:54,Donaciones
FNDA:28,(anonymous_10)
FNDA:24,(anonymous_11)
FNDA:19,(anonymous_12)
FNDA:19,(anonymous_13)
FNDA:19,(anonymous_14)
FNDA:1,(anonymous_15)
FNDA:1,(anonymous_16)
FNDA:19,(anonymous_17)
FNDA:0,(anonymous_18)
FNDA:7,(anonymous_19)
FNDA:7,(anonymous_20)
FNDA:1,(anonymous_21)
FNDA:1,(anonymous_22)
FNDA:3,(anonymous_23)
FNDA:3,(anonymous_24)
FNDA:1,(anonymous_25)
FNDA:2,(anonymous_26)
FNDA:3,(anonymous_27)
FNDA:1,(anonymous_28)
FNDA:4,(anonymous_29)
FNDA:4,(anonymous_30)
FNDA:2,(anonymous_31)
FNDA:0,(anonymous_32)
FNDA:1,(anonymous_33)
FNDA:1,(anonymous_34)
FNDA:54,(anonymous_35)
FNDA:8,(anonymous_36)
FNDA:8,(anonymous_37)
FNDA:2,(anonymous_38)
FNDA:3,(anonymous_39)
FNDA:0,(anonymous_40)
FNDA:2,(anonymous_41)
FNDA:1,(anonymous_42)
FNDA:1,(anonymous_43)
DA:18,0
DA:21,0
DA:28,77
DA:29,6
DA:37,14
DA:39,3
DA:41,2
DA:43,2
DA:45,3
DA:46,3
DA:47,2
DA:48,2
DA:51,4
DA:53,0
DA:58,3
DA:59,9
DA:63,2
DA:64,4
DA:68,3
DA:69,3
DA:70,3
DA:71,1
DA:86,54
DA:88,54
DA:89,54
DA:90,54
DA:91,54
DA:92,54
DA:93,54
DA:94,54
DA:95,54
DA:96,54
DA:97,54
DA:98,54
DA:99,54
DA:100,54
DA:101,54
DA:103,54
DA:104,28
DA:108,54
DA:109,24
DA:113,54
DA:114,19
DA:117,19
DA:118,19
DA:127,54
DA:128,19
DA:129,19
DA:130,19
DA:133,54
DA:134,19
DA:137,54
DA:138,7
DA:139,7
DA:140,0
DA:141,0
DA:142,0
DA:146,54
DA:147,1
DA:148,1
DA:149,1
DA:150,1
DA:151,0
DA:152,1
DA:156,54
DA:157,3
DA:158,3
DA:159,3
DA:160,3
DA:161,3
DA:165,54
DA:166,1
DA:167,1
DA:168,1
DA:171,54
DA:172,2
DA:173,2
DA:175,2
DA:176,2
DA:177,1
DA:178,1
DA:181,1
DA:182,1
DA:183,1
DA:187,1
DA:188,1
DA:189,1
DA:190,1
DA:191,1
DA:192,1
DA:193,1
DA:194,1
DA:197,0
DA:199,1
DA:203,54
DA:204,3
DA:205,3
DA:207,3
DA:208,3
DA:209,1
DA:210,1
DA:213,2
DA:214,2
DA:215,2
DA:220,1
DA:221,1
DA:222,1
DA:223,1
DA:224,1
DA:225,1
DA:226,1
DA:228,1
DA:232,2
DA:236,54
DA:237,1
DA:238,1
DA:239,1
DA:241,1
DA:245,54
DA:247,54
DA:279,4
DA:307,2
DA:318,0
DA:338,1
DA:339,1
DA:340,1
DA:341,1
DA:342,1
DA:385,54
DA:420,8
DA:459,2
DA:460,2
DA:485,3
DA:486,3
DA:488,0
DA:506,2
DA:507,2
DA:509,1
DA:576,1
DA:577,1
LF:140
LH:130
BRDA:17,0,0,0
BRDA:28,1,0,71
BRDA:28,1,1,6
BRDA:37,2,0,3
BRDA:37,2,1,2
BRDA:37,2,2,2
BRDA:37,2,3,3
BRDA:37,2,4,4
BRDA:37,2,5,0
BRDA:39,3,0,2
BRDA:39,3,1,1
BRDA:41,4,0,1
BRDA:41,4,1,1
BRDA:43,5,0,1
BRDA:43,5,1,1
BRDA:46,6,0,1
BRDA:46,6,1,2
BRDA:47,7,0,0
BRDA:47,7,1,2
BRDA:47,8,0,2
BRDA:47,8,1,2
BRDA:51,9,0,2
BRDA:51,9,1,2
BRDA:70,10,0,2
BRDA:70,10,1,1
BRDA:117,11,0,19
BRDA:117,11,1,0
BRDA:139,12,0,7
BRDA:139,12,1,0
BRDA:150,13,0,1
BRDA:150,13,1,0
BRDA:166,14,0,0
BRDA:166,14,1,1
BRDA:166,15,0,1
BRDA:166,15,1,1
BRDA:168,16,0,1
BRDA:168,16,1,0
BRDA:176,17,0,1
BRDA:176,17,1,1
BRDA:193,18,0,1
BRDA:193,18,1,0
BRDA:197,19,0,0
BRDA:197,19,1,0
BRDA:208,20,0,1
BRDA:208,20,1,2
BRDA:229,21,0,1
BRDA:229,21,1,0
BRDA:245,22,0,54
BRDA:245,22,1,0
BRDA:260,23,0,0
BRDA:260,23,1,54
BRDA:282,24,0,10
BRDA:282,24,1,44
BRDA:286,25,0,54
BRDA:286,25,1,10
BRDA:304,26,0,4
BRDA:304,26,1,6
BRDA:305,27,0,1
BRDA:305,27,1,9
BRDA:315,28,0,1
BRDA:315,28,1,9
BRDA:316,29,0,1
BRDA:316,29,1,9
BRDA:334,30,0,1
BRDA:334,30,1,9
BRDA:349,31,0,10
BRDA:349,31,1,0
BRDA:355,32,0,10
BRDA:355,32,1,0
BRDA:363,33,0,1
BRDA:363,33,1,9
BRDA:369,34,0,0
BRDA:369,34,1,54
BRDA:387,35,0,54
BRDA:387,35,1,0
BRDA:406,36,0,54
BRDA:406,36,1,54
BRDA:406,36,2,1
BRDA:409,37,0,1
BRDA:409,37,1,0
BRDA:410,38,0,0
BRDA:410,38,1,1
BRDA:425,39,0,19
BRDA:425,39,1,35
BRDA:431,40,0,54
BRDA:431,40,1,53
BRDA:437,41,0,1
BRDA:437,41,1,53
BRDA:444,42,0,54
BRDA:444,42,1,19
BRDA:480,43,0,1
BRDA:480,43,1,18
BRDA:490,44,0,1
BRDA:490,44,1,18
BRDA:502,45,0,2
BRDA:502,45,1,17
BRDA:514,46,0,2
BRDA:514,46,1,17
BRDA:523,47,0,19
BRDA:523,47,1,1
BRDA:528,48,0,19
BRDA:528,48,1,0
BRDA:528,48,2,0
BRDA:534,49,0,19
BRDA:534,49,1,0
BRDA:542,50,0,2
BRDA:542,50,1,17
BRDA:548,51,0,0
BRDA:548,51,1,54
BRDA:548,52,0,54
BRDA:548,52,1,0
BRDA:550,53,0,53
BRDA:550,53,1,1
BRDA:583,54,0,1
BRDA:583,54,1,0
BRDA:588,55,0,1
BRDA:588,55,1,0
BRF:117
BRH:90
end_of_record
TN:
SF:client/src/pages/Recibos/Recibos.jsx
FN:10,(anonymous_0)
FN:13,(anonymous_1)
FN:19,(anonymous_2)
FN:25,(anonymous_3)
FN:28,Skeleton
FN:31,(anonymous_5)
FN:39,PagoBadge
FN:50,ReciboDetalle
FN:55,(anonymous_8)
FN:62,(anonymous_9)
FN:70,(anonymous_10)
FN:78,(anonymous_11)
FN:88,(anonymous_12)
FN:114,(anonymous_13)
FN:182,ReciboRow
FN:208,(anonymous_15)
FN:219,ResumenCard
FN:233,TablaRecibos
FN:266,(anonymous_18)
FN:282,Recibos
FN:322,(anonymous_20)
FN:333,(anonymous_21)
FN:346,(anonymous_22)
FN:359,(anonymous_23)
FN:364,(anonymous_24)
FN:370,(anonymous_25)
FN:375,(anonymous_26)
FN:383,(anonymous_27)
FN:390,(anonymous_28)
FN:393,(anonymous_29)
FN:403,(anonymous_30)
FN:405,(anonymous_31)
FN:409,(anonymous_32)
FN:411,(anonymous_33)
FN:416,(anonymous_34)
FN:444,(anonymous_35)
FN:446,(anonymous_36)
FN:471,(anonymous_37)
FN:484,(anonymous_38)
FN:495,(anonymous_39)
FN:524,(anonymous_40)
FN:585,(anonymous_41)
FN:640,(anonymous_42)
FN:652,(anonymous_43)
FN:660,(anonymous_44)
FN:664,(anonymous_45)
FN:670,(anonymous_46)
FN:672,(anonymous_47)
FN:673,(anonymous_48)
FN:715,(anonymous_49)
FNF:50
FNH:45
FNDA:215,(anonymous_0)
FNDA:213,(anonymous_1)
FNDA:12,(anonymous_2)
FNDA:241,(anonymous_3)
FNDA:21,Skeleton
FNDA:84,(anonymous_5)
FNDA:35,PagoBadge
FNDA:80,ReciboDetalle
FNDA:80,(anonymous_8)
FNDA:1,(anonymous_9)
FNDA:4,(anonymous_10)
FNDA:4,(anonymous_11)
FNDA:1,(anonymous_12)
FNDA:4,(anonymous_13)
FNDA:31,ReciboRow
FNDA:3,(anonymous_15)
FNDA:120,ResumenCard
FNDA:73,TablaRecibos
FNDA:31,(anonymous_18)
FNDA:80,Recibos
FNDA:21,(anonymous_20)
FNDA:21,(anonymous_21)
FNDA:2,(anonymous_22)
FNDA:21,(anonymous_23)
FNDA:38,(anonymous_24)
FNDA:1,(anonymous_25)
FNDA:0,(anonymous_26)
FNDA:8,(anonymous_27)
FNDA:161,(anonymous_28)
FNDA:3,(anonymous_29)
FNDA:38,(anonymous_30)
FNDA:38,(anonymous_31)
FNDA:38,(anonymous_32)
FNDA:38,(anonymous_33)
FNDA:2,(anonymous_34)
FNDA:2,(anonymous_35)
FNDA:1,(anonymous_36)
FNDA:0,(anonymous_37)
FNDA:2,(anonymous_38)
FNDA:3,(anonymous_39)
FNDA:1,(anonymous_40)
FNDA:1,(anonymous_41)
FNDA:0,(anonymous_42)
FNDA:0,(anonymous_43)
FNDA:0,(anonymous_44)
FNDA:2,(anonymous_45)
FNDA:1,(anonymous_46)
FNDA:1,(anonymous_47)
FNDA:1,(anonymous_48)
FNDA:2,(anonymous_49)
DA:10,1
DA:11,215
DA:13,1
DA:14,213
DA:15,213
DA:16,213
DA:19,1
DA:20,12
DA:21,12
DA:22,12
DA:25,241
DA:29,21
DA:32,84
DA:40,35
DA:45,35
DA:46,35
DA:51,80
DA:52,80
DA:53,80
DA:55,80
DA:56,80
DA:58,4
DA:59,4
DA:60,4
DA:62,4
DA:63,1
DA:64,1
DA:65,1
DA:69,4
DA:70,4
DA:71,4
DA:72,4
DA:76,80
DA:78,4
DA:80,4
DA:88,1
DA:115,4
DA:183,31
DA:208,3
DA:220,120
DA:243,73
DA:244,54
DA:245,53
DA:247,30
DA:267,31
DA:283,80
DA:284,80
DA:285,80
DA:286,80
DA:287,80
DA:288,80
DA:289,80
DA:290,80
DA:291,80
DA:292,80
DA:293,80
DA:294,80
DA:296,80
DA:297,80
DA:298,80
DA:299,80
DA:301,80
DA:302,80
DA:303,80
DA:305,80
DA:306,80
DA:307,80
DA:309,80
DA:311,80
DA:314,80
DA:315,80
DA:316,80
DA:317,80
DA:318,80
DA:319,80
DA:322,80
DA:323,21
DA:324,21
DA:325,21
DA:326,21
DA:327,20
DA:329,1
DA:330,21
DA:333,80
DA:334,21
DA:335,21
DA:336,21
DA:337,21
DA:338,21
DA:339,21
DA:340,21
DA:342,0
DA:343,21
DA:346,80
DA:347,2
DA:348,2
DA:349,2
DA:352,2
DA:353,1
DA:355,1
DA:356,2
DA:359,80
DA:360,21
DA:361,21
DA:364,80
DA:365,38
DA:366,38
DA:368,2
DA:369,2
DA:370,1
DA:372,2
DA:373,1
DA:375,1
DA:376,0
DA:377,0
DA:378,0
DA:383,80
DA:384,8
DA:390,80
DA:391,161
DA:392,2
DA:393,2
DA:394,3
DA:400,80
DA:401,80
DA:403,80
DA:404,80
DA:406,38
DA:409,80
DA:410,80
DA:412,38
DA:416,80
DA:417,2
DA:418,2
DA:420,2
DA:421,2
DA:423,1
DA:426,1
DA:429,80
DA:444,2
DA:446,1
DA:471,0
DA:484,2
DA:495,3
DA:524,1
DA:585,1
DA:640,0
DA:652,0
DA:660,0
DA:664,2
DA:671,1
DA:672,1
DA:673,1
DA:674,1
DA:715,2
LF:155
LH:147
BRDA:11,0,0,215
BRDA:11,0,1,0
BRDA:14,1,0,0
BRDA:14,1,1,213
BRDA:20,2,0,0
BRDA:20,2,1,12
BRDA:28,3,0,0
BRDA:45,4,0,35
BRDA:45,4,1,0
BRDA:56,5,0,76
BRDA:56,5,1,4
BRDA:63,6,0,1
BRDA:63,6,1,0
BRDA:76,7,0,76
BRDA:76,7,1,4
BRDA:78,8,0,4
BRDA:78,8,1,0
BRDA:101,9,0,4
BRDA:101,9,1,4
BRDA:134,10,0,4
BRDA:134,10,1,4
BRDA:140,11,0,4
BRDA:140,11,1,4
BRDA:154,12,0,4
BRDA:154,12,1,4
BRDA:154,13,0,4
BRDA:154,13,1,0
BRDA:164,14,0,4
BRDA:164,14,1,0
BRDA:165,15,0,4
BRDA:165,15,1,0
BRDA:170,16,0,4
BRDA:170,16,1,4
BRDA:182,17,0,0
BRDA:182,18,0,0
BRDA:191,19,0,31
BRDA:191,19,1,5
BRDA:196,20,0,27
BRDA:196,20,1,4
BRDA:196,21,0,31
BRDA:196,21,1,0
BRDA:201,22,0,31
BRDA:201,22,1,0
BRDA:219,23,0,0
BRDA:227,24,0,120
BRDA:227,24,1,55
BRDA:238,25,0,0
BRDA:243,26,0,19
BRDA:243,26,1,54
BRDA:244,27,0,1
BRDA:244,27,1,53
BRDA:245,28,0,23
BRDA:245,28,1,30
BRDA:256,29,0,30
BRDA:256,29,1,5
BRDA:326,30,0,1
BRDA:326,30,1,20
BRDA:329,31,0,1
BRDA:329,31,1,0
BRDA:339,32,0,0
BRDA:339,32,1,21
BRDA:342,33,0,0
BRDA:342,33,1,0
BRDA:352,34,0,1
BRDA:352,34,1,1
BRDA:355,35,0,1
BRDA:355,35,1,0
BRDA:366,36,0,36
BRDA:366,36,1,2
BRDA:372,37,0,1
BRDA:372,37,1,1
BRDA:384,38,0,8
BRDA:384,38,1,0
BRDA:391,39,0,159
BRDA:391,39,1,2
BRDA:394,40,0,3
BRDA:394,40,1,2
BRDA:394,40,2,1
BRDA:403,41,0,38
BRDA:403,41,1,0
BRDA:406,42,0,38
BRDA:406,42,1,0
BRDA:406,43,0,38
BRDA:406,43,1,0
BRDA:409,44,0,38
BRDA:409,44,1,0
BRDA:412,45,0,38
BRDA:412,45,1,0
BRDA:412,46,0,38
BRDA:412,46,1,0
BRDA:420,47,0,0
BRDA:420,47,1,2
BRDA:421,48,0,1
BRDA:421,48,1,1
BRDA:423,49,0,1
BRDA:423,49,1,0
BRDA:436,50,0,80
BRDA:436,50,1,72
BRDA:469,51,0,68
BRDA:469,51,1,12
BRDA:470,52,0,68
BRDA:470,52,1,12
BRDA:482,53,0,4
BRDA:482,53,1,76
BRDA:483,54,0,4
BRDA:483,54,1,76
BRDA:493,55,0,8
BRDA:493,55,1,72
BRDA:494,56,0,8
BRDA:494,56,1,72
BRDA:502,57,0,80
BRDA:502,57,1,68
BRDA:529,58,0,68
BRDA:529,58,1,49
BRDA:529,58,2,25
BRDA:537,59,0,0
BRDA:537,59,1,25
BRDA:554,60,0,68
BRDA:554,60,1,49
BRDA:554,60,2,48
BRDA:554,60,3,25
BRDA:563,61,0,80
BRDA:563,61,1,4
BRDA:590,62,0,4
BRDA:590,62,1,4
BRDA:590,62,2,4
BRDA:598,63,0,0
BRDA:598,63,1,4
BRDA:615,64,0,4
BRDA:615,64,1,4
BRDA:615,64,2,4
BRDA:615,64,3,4
BRDA:624,65,0,80
BRDA:624,65,1,8
BRDA:670,66,0,8
BRDA:670,66,1,6
BRDA:670,66,2,1
BRDA:672,67,0,1
BRDA:672,67,1,0
BRDA:673,68,0,1
BRDA:673,68,1,0
BRDA:683,69,0,1
BRDA:683,69,1,0
BRDA:706,70,0,8
BRDA:706,70,1,2
BRDA:707,71,0,8
BRDA:707,71,1,1
BRDA:708,72,0,8
BRDA:708,72,1,6
BRDA:708,72,2,5
BRDA:708,72,3,4
BRF:151
BRH:116
end_of_record
TN:
SF:client/src/pages/inventario/inventarioUi.js
FN:3,formatPrecioMXN
FN:12,categoriaVisibleDesdeApi
FN:19,etiquetaCategoriaDesdeApi
FN:29,mapInventarioApiRowToTableRow
FN:41,buildCategoriaFilterOptions
FN:49,(anonymous_5)
FN:53,(anonymous_6)
FN:60,filterInventarioTableRows
FN:63,(anonymous_8)
FN:68,(anonymous_9)
FNF:10
FNH:10
FNDA:7,formatPrecioMXN
FNDA:6,categoriaVisibleDesdeApi
FNDA:6,etiquetaCategoriaDesdeApi
FNDA:2,mapInventarioApiRowToTableRow
FNDA:2,buildCategoriaFilterOptions
FNDA:1,(anonymous_5)
FNDA:3,(anonymous_6)
FNDA:3,filterInventarioTableRows
FNDA:3,(anonymous_8)
FNDA:3,(anonymous_9)
DA:4,7
DA:5,7
DA:6,5
DA:13,6
DA:14,6
DA:15,3
DA:16,3
DA:20,6
DA:21,6
DA:22,4
DA:23,3
DA:30,2
DA:42,2
DA:43,2
DA:44,5
DA:45,3
DA:48,2
DA:49,1
DA:51,2
DA:53,3
DA:61,3
DA:62,3
DA:63,3
DA:65,3
DA:66,3
DA:67,1
DA:69,3
LF:27
LH:27
BRDA:5,0,0,2
BRDA:5,0,1,5
BRDA:14,1,0,3
BRDA:14,1,1,3
BRDA:16,2,0,1
BRDA:16,2,1,2
BRDA:21,3,0,2
BRDA:21,3,1,4
BRDA:22,4,0,1
BRDA:22,4,1,3
BRDA:34,5,0,2
BRDA:34,5,1,1
BRDA:35,6,0,2
BRDA:35,6,1,1
BRDA:36,7,0,2
BRDA:36,7,1,1
BRDA:36,8,0,2
BRDA:36,8,1,1
BRDA:44,9,0,3
BRDA:44,9,1,2
BRDA:44,10,0,5
BRDA:44,10,1,4
BRDA:54,11,0,3
BRDA:54,11,1,0
BRDA:62,12,0,1
BRDA:62,12,1,2
BRDA:66,13,0,2
BRDA:66,13,1,1
BRDA:69,14,0,3
BRDA:69,14,1,2
BRDA:69,14,2,2
BRF:31
BRH:30
end_of_record
TN:
SF:client/src/pages/preregistro/Preregistro.jsx
FN:17,StepIndicator
FN:47,Field
FN:59,StepIntro
FN:68,StepIdentidad
FN:82,(anonymous_4)
FN:109,(anonymous_5)
FN:124,(anonymous_6)
FN:134,(anonymous_7)
FN:144,(anonymous_8)
FN:153,(anonymous_9)
FN:168,StepDemografia
FN:177,(anonymous_11)
FN:196,(anonymous_12)
FN:206,(anonymous_13)
FN:213,(anonymous_14)
FN:227,(anonymous_15)
FN:248,StepDiagnostico
FN:253,(anonymous_17)
FN:254,(anonymous_18)
FN:255,(anonymous_19)
FN:261,(anonymous_20)
FN:283,(anonymous_21)
FN:293,(anonymous_22)
FN:321,(anonymous_23)
FN:358,SuccessScreen
FN:394,Preregistro
FN:402,(anonymous_26)
FN:403,(anonymous_27)
FN:404,(anonymous_28)
FN:405,(anonymous_29)
FN:408,(anonymous_30)
FN:408,(anonymous_31)
FN:410,(anonymous_32)
FN:419,(anonymous_33)
FN:451,(anonymous_34)
FN:455,(anonymous_35)
FN:475,(anonymous_36)
FN:480,(anonymous_37)
FNF:38
FNH:34
FNDA:34,StepIndicator
FNDA:213,Field
FNDA:83,StepIntro
FNDA:47,StepIdentidad
FNDA:8,(anonymous_4)
FNDA:3,(anonymous_5)
FNDA:9,(anonymous_6)
FNDA:0,(anonymous_7)
FNDA:9,(anonymous_8)
FNDA:9,(anonymous_9)
FNDA:23,StepDemografia
FNDA:5,(anonymous_11)
FNDA:5,(anonymous_12)
FNDA:69,(anonymous_13)
FNDA:5,(anonymous_14)
FNDA:5,(anonymous_15)
FNDA:13,StepDiagnostico
FNDA:4,(anonymous_17)
FNDA:4,(anonymous_18)
FNDA:0,(anonymous_19)
FNDA:3,(anonymous_20)
FNDA:39,(anonymous_21)
FNDA:4,(anonymous_22)
FNDA:0,(anonymous_23)
FNDA:2,SuccessScreen
FNDA:36,Preregistro
FNDA:13,(anonymous_26)
FNDA:13,(anonymous_27)
FNDA:13,(anonymous_28)
FNDA:13,(anonymous_29)
FNDA:1,(anonymous_30)
FNDA:1,(anonymous_31)
FNDA:1,(anonymous_32)
FNDA:3,(anonymous_33)
FNDA:0,(anonymous_34)
FNDA:2,(anonymous_35)
FNDA:8,(anonymous_36)
FNDA:5,(anonymous_37)
DA:10,1
DA:19,34
DA:21,34
DA:48,213
DA:60,83
DA:69,47
DA:70,47
DA:71,47
DA:72,47
DA:73,47
DA:74,47
DA:77,47
DA:82,47
DA:83,8
DA:84,8
DA:85,8
DA:93,47
DA:110,3
DA:111,3
DA:124,9
DA:134,0
DA:144,9
DA:153,9
DA:169,23
DA:170,23
DA:171,23
DA:172,23
DA:173,23
DA:175,23
DA:177,23
DA:178,5
DA:179,5
DA:180,5
DA:183,23
DA:196,5
DA:207,69
DA:213,5
DA:227,5
DA:249,13
DA:250,13
DA:251,13
DA:253,13
DA:254,4
DA:255,4
DA:258,13
DA:259,13
DA:261,13
DA:262,3
DA:263,3
DA:264,3
DA:270,13
DA:284,39
DA:285,39
DA:293,4
DA:321,0
DA:359,2
DA:368,2
DA:395,36
DA:396,36
DA:397,36
DA:398,36
DA:399,36
DA:400,36
DA:402,36
DA:403,13
DA:404,13
DA:405,13
DA:408,36
DA:410,36
DA:411,1
DA:412,1
DA:413,1
DA:414,1
DA:415,1
DA:416,1
DA:419,36
DA:420,3
DA:421,3
DA:422,3
DA:423,3
DA:425,3
DA:427,3
DA:432,3
DA:443,3
DA:444,3
DA:450,3
DA:451,1
DA:452,1
DA:455,2
DA:456,2
DA:458,1
DA:462,3
DA:467,36
DA:475,8
DA:480,5
DA:496,36
LF:96
LH:94
BRDA:19,0,0,34
BRDA:19,0,1,0
BRDA:47,1,0,142
BRDA:52,2,0,213
BRDA:52,2,1,164
BRDA:69,3,0,47
BRDA:69,3,1,46
BRDA:70,4,0,47
BRDA:70,4,1,46
BRDA:71,5,0,47
BRDA:71,5,1,47
BRDA:73,6,0,47
BRDA:73,6,1,46
BRDA:74,7,0,47
BRDA:74,7,1,46
BRDA:77,8,0,47
BRDA:77,8,1,28
BRDA:77,8,2,19
BRDA:77,8,3,10
BRDA:77,8,4,0
BRDA:84,9,0,0
BRDA:84,9,1,8
BRDA:87,10,0,0
BRDA:87,10,1,8
BRDA:111,11,0,1
BRDA:111,11,1,2
BRDA:118,12,0,2
BRDA:118,12,1,45
BRDA:128,13,0,47
BRDA:128,13,1,2
BRDA:169,14,0,23
BRDA:169,14,1,23
BRDA:170,15,0,23
BRDA:170,15,1,23
BRDA:171,16,0,23
BRDA:171,16,1,23
BRDA:172,17,0,23
BRDA:172,17,1,23
BRDA:175,18,0,23
BRDA:175,18,1,15
BRDA:175,18,2,10
BRDA:179,19,0,0
BRDA:179,19,1,5
BRDA:249,20,0,13
BRDA:249,20,1,9
BRDA:250,21,0,13
BRDA:250,21,1,9
BRDA:251,22,0,13
BRDA:251,22,1,13
BRDA:255,23,0,0
BRDA:255,23,1,4
BRDA:259,24,0,13
BRDA:259,24,1,8
BRDA:259,24,2,1
BRDA:263,25,0,0
BRDA:263,25,1,3
BRDA:263,26,0,3
BRDA:263,26,1,3
BRDA:266,27,0,0
BRDA:266,27,1,3
BRDA:288,28,0,8
BRDA:288,28,1,31
BRDA:296,29,0,39
BRDA:296,29,1,8
BRDA:315,30,0,13
BRDA:315,30,1,1
BRDA:327,31,0,13
BRDA:327,31,1,1
BRDA:343,32,0,13
BRDA:343,32,1,7
BRDA:345,33,0,3
BRDA:345,33,1,10
BRDA:440,34,0,3
BRDA:440,34,1,3
BRDA:450,35,0,1
BRDA:450,35,1,2
BRDA:452,36,0,1
BRDA:452,36,1,0
BRDA:459,37,0,1
BRDA:459,37,1,0
BRDA:468,38,0,36
BRDA:468,38,1,34
BRDA:470,39,0,2
BRDA:470,39,1,34
BRDA:472,40,0,17
BRDA:472,40,1,17
BRDA:477,41,0,8
BRDA:477,41,1,9
BRF:88
BRH:78
end_of_record
TN:
SF:client/src/services/apiService.js
FN:3,getAuthHeaders
FN:16,parseErrorMessage
FN:17,(anonymous_2)
FNF:3
FNH:3
FNDA:9,getAuthHeaders
FNDA:5,parseErrorMessage
FNDA:1,(anonymous_2)
DA:4,9
DA:5,9
DA:6,1
DA:8,8
DA:17,5
DA:18,5
LF:6
LH:6
BRDA:5,0,0,1
BRDA:5,0,1,8
BRDA:18,1,0,5
BRDA:18,1,1,2
BRF:4
BRH:4
end_of_record
TN:
SF:client/src/services/reportesService.js
FN:5,toNumber
FN:10,toPercent
FN:15,mapGeneroLabel
FN:21,mapEtapaCodigoLabel
FN:32,estadoDisplayLabel
FN:37,(anonymous_5)
FN:40,normalizeReporteGeneral
FN:55,(anonymous_7)
FN:65,(anonymous_8)
FN:66,(anonymous_9)
FN:76,(anonymous_10)
FN:77,(anonymous_11)
FN:98,getReporteGeneral
FN:127,pad2
FN:132,normalizeServiciosPorDia
FN:134,(anonymous_15)
FN:146,mapDistribucionesBeneficiariosDesdePayload
FN:158,(anonymous_17)
FN:161,(anonymous_18)
FN:172,(anonymous_19)
FN:175,(anonymous_20)
FN:186,(anonymous_21)
FN:189,(anonymous_22)
FN:203,normalizeReporteMensual
FN:234,getReporteMensual
FN:252,normalizePorMesAnual
FN:254,(anonymous_26)
FN:269,normalizeReporteAnual
FN:292,getReporteAnual
FN:311,normalizeServiciosPorPeriodo
FN:313,(anonymous_30)
FN:327,normalizeReportePeriodo
FN:354,getReportePeriodo
FN:375,mapTipoMovimientoLabel
FN:382,normalizeMovimientosPorDiaInventario
FN:384,(anonymous_35)
FN:396,normalizeProductosPorCategoria
FN:398,(anonymous_37)
FN:399,(anonymous_38)
FN:412,normalizeHistorialInventario
FN:414,(anonymous_40)
FN:429,normalizeListaBajoStock
FN:431,(anonymous_42)
FN:441,normalizeReporteInventario
FN:463,getReporteInventario
FNF:45
FNH:45
FNDA:85,toNumber
FNDA:12,toPercent
FNDA:4,mapGeneroLabel
FNDA:4,mapEtapaCodigoLabel
FNDA:4,estadoDisplayLabel
FNDA:5,(anonymous_5)
FNDA:1,normalizeReporteGeneral
FNDA:2,(anonymous_7)
FNDA:2,(anonymous_8)
FNDA:2,(anonymous_9)
FNDA:2,(anonymous_10)
FNDA:2,(anonymous_11)
FNDA:2,getReporteGeneral
FNDA:1,pad2
FNDA:1,normalizeServiciosPorDia
FNDA:1,(anonymous_15)
FNDA:3,mapDistribucionesBeneficiariosDesdePayload
FNDA:2,(anonymous_17)
FNDA:2,(anonymous_18)
FNDA:2,(anonymous_19)
FNDA:2,(anonymous_20)
FNDA:2,(anonymous_21)
FNDA:2,(anonymous_22)
FNDA:1,normalizeReporteMensual
FNDA:1,getReporteMensual
FNDA:1,normalizePorMesAnual
FNDA:1,(anonymous_26)
FNDA:1,normalizeReporteAnual
FNDA:1,getReporteAnual
FNDA:1,normalizeServiciosPorPeriodo
FNDA:1,(anonymous_30)
FNDA:1,normalizeReportePeriodo
FNDA:1,getReportePeriodo
FNDA:1,mapTipoMovimientoLabel
FNDA:1,normalizeMovimientosPorDiaInventario
FNDA:1,(anonymous_35)
FNDA:1,normalizeProductosPorCategoria
FNDA:2,(anonymous_37)
FNDA:2,(anonymous_38)
FNDA:1,normalizeHistorialInventario
FNDA:1,(anonymous_40)
FNDA:1,normalizeListaBajoStock
FNDA:1,(anonymous_42)
FNDA:1,normalizeReporteInventario
FNDA:1,getReporteInventario
DA:6,85
DA:7,85
DA:11,12
DA:12,12
DA:16,4
DA:17,3
DA:18,1
DA:22,4
DA:23,4
DA:29,4
DA:33,4
DA:34,4
DA:35,3
DA:37,5
DA:41,1
DA:42,1
DA:43,1
DA:45,1
DA:48,1
DA:51,1
DA:55,1
DA:56,2
DA:57,2
DA:65,2
DA:66,1
DA:67,2
DA:68,2
DA:76,2
DA:77,1
DA:78,2
DA:79,2
DA:80,2
DA:88,1
DA:99,2
DA:104,2
DA:105,1
DA:108,1
DA:109,1
DA:112,1
DA:128,1
DA:129,1
DA:133,1
DA:134,1
DA:135,1
DA:136,1
DA:147,3
DA:150,3
DA:153,3
DA:157,3
DA:158,2
DA:161,3
DA:162,2
DA:163,2
DA:171,3
DA:172,2
DA:175,3
DA:176,2
DA:177,2
DA:185,3
DA:186,2
DA:189,3
DA:190,2
DA:191,2
DA:192,2
DA:200,3
DA:204,1
DA:205,1
DA:206,1
DA:209,1
DA:211,1
DA:212,1
DA:213,1
DA:214,1
DA:216,1
DA:235,1
DA:236,1
DA:244,1
DA:245,0
DA:248,1
DA:249,1
DA:253,1
DA:254,1
DA:255,1
DA:257,1
DA:258,1
DA:270,1
DA:271,1
DA:274,1
DA:276,1
DA:293,1
DA:294,1
DA:302,1
DA:303,0
DA:306,1
DA:307,1
DA:312,1
DA:313,1
DA:314,1
DA:315,1
DA:328,1
DA:329,1
DA:330,1
DA:331,1
DA:334,1
DA:336,1
DA:338,1
DA:355,1
DA:359,1
DA:367,1
DA:368,0
DA:371,1
DA:372,1
DA:376,1
DA:377,1
DA:378,1
DA:379,0
DA:383,1
DA:384,1
DA:385,1
DA:386,1
DA:397,1
DA:398,2
DA:399,1
DA:400,2
DA:401,2
DA:413,1
DA:414,1
DA:430,1
DA:431,1
DA:442,1
DA:443,1
DA:445,1
DA:464,1
DA:468,1
DA:476,1
DA:477,0
DA:480,1
DA:481,1
LF:138
LH:133
BRDA:7,0,0,79
BRDA:7,0,1,6
BRDA:11,1,0,0
BRDA:11,1,1,12
BRDA:16,2,0,1
BRDA:16,2,1,3
BRDA:17,3,0,2
BRDA:17,3,1,1
BRDA:22,4,0,0
BRDA:22,4,1,4
BRDA:29,5,0,4
BRDA:29,5,1,0
BRDA:33,6,0,4
BRDA:33,6,1,0
BRDA:34,7,0,1
BRDA:34,7,1,3
BRDA:34,8,0,4
BRDA:34,8,1,4
BRDA:45,9,0,1
BRDA:45,9,1,0
BRDA:48,10,0,1
BRDA:48,10,1,0
BRDA:51,11,0,1
BRDA:51,11,1,0
BRDA:58,12,0,2
BRDA:58,12,1,0
BRDA:61,13,0,2
BRDA:61,13,1,1
BRDA:69,14,0,2
BRDA:69,14,1,0
BRDA:69,14,2,0
BRDA:78,15,0,2
BRDA:78,15,1,0
BRDA:84,16,0,2
BRDA:84,16,1,1
BRDA:84,17,0,1
BRDA:84,17,1,0
BRDA:104,18,0,1
BRDA:104,18,1,1
BRDA:128,19,0,1
BRDA:128,19,1,0
BRDA:129,20,0,0
BRDA:129,20,1,1
BRDA:133,21,0,0
BRDA:133,21,1,1
BRDA:135,22,0,1
BRDA:135,22,1,1
BRDA:135,22,2,0
BRDA:135,23,0,1
BRDA:135,23,1,0
BRDA:137,24,0,1
BRDA:137,24,1,0
BRDA:147,25,0,3
BRDA:147,25,1,0
BRDA:150,26,0,3
BRDA:150,26,1,0
BRDA:153,27,0,3
BRDA:153,27,1,0
BRDA:164,28,0,2
BRDA:164,28,1,0
BRDA:167,29,0,2
BRDA:167,29,1,2
BRDA:178,30,0,2
BRDA:178,30,1,0
BRDA:178,30,2,0
BRDA:190,31,0,2
BRDA:190,31,1,0
BRDA:196,32,0,2
BRDA:196,32,1,2
BRDA:196,33,0,2
BRDA:196,33,1,0
BRDA:211,34,0,1
BRDA:211,34,1,0
BRDA:212,35,0,1
BRDA:212,35,1,0
BRDA:212,35,2,0
BRDA:213,36,0,1
BRDA:213,36,1,0
BRDA:213,36,2,0
BRDA:214,37,0,1
BRDA:214,37,1,0
BRDA:214,38,0,1
BRDA:214,38,1,1
BRDA:221,39,0,1
BRDA:221,39,1,0
BRDA:222,40,0,1
BRDA:222,40,1,0
BRDA:244,41,0,0
BRDA:244,41,1,1
BRDA:253,42,0,0
BRDA:253,42,1,1
BRDA:257,43,0,1
BRDA:257,43,1,0
BRDA:257,44,0,1
BRDA:257,44,1,1
BRDA:261,45,0,1
BRDA:261,45,1,0
BRDA:263,46,0,1
BRDA:263,46,1,0
BRDA:270,47,0,1
BRDA:270,47,1,0
BRDA:271,48,0,1
BRDA:271,48,1,0
BRDA:271,48,2,0
BRDA:279,49,0,1
BRDA:279,49,1,0
BRDA:280,50,0,1
BRDA:280,50,1,0
BRDA:302,51,0,0
BRDA:302,51,1,1
BRDA:312,52,0,0
BRDA:312,52,1,1
BRDA:314,53,0,1
BRDA:314,53,1,0
BRDA:317,54,0,1
BRDA:317,54,1,0
BRDA:318,55,0,1
BRDA:318,55,1,0
BRDA:336,56,0,1
BRDA:336,56,1,0
BRDA:340,57,0,1
BRDA:340,57,1,0
BRDA:341,58,0,1
BRDA:341,58,1,0
BRDA:367,59,0,0
BRDA:367,59,1,1
BRDA:376,60,0,1
BRDA:376,60,1,0
BRDA:377,61,0,0
BRDA:377,61,1,1
BRDA:378,62,0,1
BRDA:378,62,1,0
BRDA:379,63,0,0
BRDA:379,63,1,0
BRDA:383,64,0,0
BRDA:383,64,1,1
BRDA:385,65,0,1
BRDA:385,65,1,0
BRDA:388,66,0,1
BRDA:388,66,1,0
BRDA:397,67,0,0
BRDA:397,67,1,1
BRDA:402,68,0,2
BRDA:402,68,1,0
BRDA:402,68,2,0
BRDA:403,69,0,2
BRDA:403,69,1,0
BRDA:413,70,0,0
BRDA:413,70,1,1
BRDA:416,71,0,1
BRDA:416,71,1,0
BRDA:417,72,0,1
BRDA:417,72,1,0
BRDA:418,73,0,1
BRDA:418,73,1,0
BRDA:419,74,0,1
BRDA:419,74,1,0
BRDA:424,75,0,1
BRDA:424,75,1,0
BRDA:425,76,0,1
BRDA:425,76,1,0
BRDA:430,77,0,0
BRDA:430,77,1,1
BRDA:433,78,0,1
BRDA:433,78,1,0
BRDA:434,79,0,1
BRDA:434,79,1,0
BRDA:436,80,0,1
BRDA:436,80,1,0
BRDA:437,81,0,1
BRDA:437,81,1,0
BRDA:442,82,0,1
BRDA:442,82,1,0
BRDA:447,83,0,1
BRDA:447,83,1,0
BRDA:448,84,0,1
BRDA:448,84,1,0
BRDA:476,85,0,0
BRDA:476,85,1,1
BRF:179
BRH:98
end_of_record
TN:
SF:client/src/utils/auth.js
FN:7,parseJwtPayload
FN:22,isTokenValid
FN:30,clearSession
FN:36,getValidToken
FN:48,getStoredUser
FN:56,saveSession
FN:61,logout
FN:73,handleUnauthorizedResponse
FN:81,authFetch
FNF:9
FNH:9
FNDA:10,parseJwtPayload
FNDA:10,isTokenValid
FNDA:6,clearSession
FNDA:7,getValidToken
FNDA:3,getStoredUser
FNDA:1,saveSession
FNDA:4,logout
FNDA:6,handleUnauthorizedResponse
FNDA:4,authFetch
DA:1,1
DA:2,1
DA:5,1
DA:8,10
DA:10,9
DA:11,9
DA:13,8
DA:14,8
DA:15,8
DA:16,8
DA:18,0
DA:23,10
DA:24,10
DA:26,7
DA:27,7
DA:31,6
DA:32,6
DA:37,7
DA:38,7
DA:40,5
DA:41,1
DA:42,1
DA:45,4
DA:49,3
DA:50,3
DA:52,1
DA:57,1
DA:58,1
DA:62,4
DA:63,4
DA:64,3
DA:65,3
DA:74,6
DA:75,2
DA:76,2
DA:78,4
DA:82,4
DA:83,4
DA:84,1
DA:85,1
DA:88,3
DA:93,3
DA:94,1
DA:97,3
DA:99,3
DA:100,1
DA:103,2
LF:47
LH:46
BRDA:8,0,0,1
BRDA:8,0,1,9
BRDA:8,1,0,10
BRDA:8,1,1,9
BRDA:11,2,0,1
BRDA:11,2,1,8
BRDA:24,3,0,3
BRDA:24,3,1,7
BRDA:24,4,0,10
BRDA:24,4,1,8
BRDA:38,5,0,2
BRDA:38,5,1,5
BRDA:40,6,0,1
BRDA:40,6,1,4
BRDA:50,7,0,3
BRDA:50,7,1,1
BRDA:61,8,0,3
BRDA:61,9,0,3
BRDA:63,10,0,3
BRDA:63,10,1,1
BRDA:63,11,0,4
BRDA:63,11,1,3
BRDA:74,12,0,2
BRDA:74,12,1,4
BRDA:81,13,0,3
BRDA:83,14,0,1
BRDA:83,14,1,3
BRDA:93,15,0,1
BRDA:93,15,1,2
BRDA:93,16,0,3
BRDA:93,16,1,1
BRDA:93,16,2,1
BRDA:99,17,0,1
BRDA:99,17,1,2
BRF:34
BRH:34
end_of_record
TN:
SF:client/src/utils/beneficiarioConstants.js
FN:23,(anonymous_0)
FNF:1
FNH:1
FNDA:58,(anonymous_0)
DA:8,1
DA:16,1
DA:23,58
LF:3
LH:3
BRF:0
BRH:0
end_of_record
TN:
SF:client/src/utils/beneficiarioPayload.js
FN:1,buildBeneficiarioPayload
FNF:1
FNH:1
FNDA:4,buildBeneficiarioPayload
DA:2,4
LF:1
LH:1
BRDA:15,0,0,4
BRDA:15,0,1,1
BRDA:21,1,0,4
BRDA:21,1,1,1
BRDA:23,2,0,4
BRDA:23,2,1,2
BRDA:28,3,0,4
BRDA:28,3,1,1
BRDA:29,4,0,4
BRDA:29,4,1,1
BRDA:30,5,0,4
BRDA:30,5,1,1
BRDA:31,6,0,4
BRDA:31,6,1,1
BRDA:32,7,0,4
BRDA:32,7,1,1
BRDA:33,8,0,4
BRDA:33,8,1,1
BRDA:37,9,0,4
BRDA:37,9,1,1
BRDA:38,10,0,4
BRDA:38,10,1,1
BRDA:39,11,0,4
BRDA:39,11,1,1
BRDA:40,12,0,4
BRDA:40,12,1,1
BRDA:41,13,0,4
BRDA:41,13,1,1
BRDA:42,14,0,4
BRDA:42,14,1,1
BRF:30
BRH:30
end_of_record
TN:
SF:client/src/utils/beneficiarioValidation.js
FN:5,validateField
FN:47,(anonymous_1)
FN:53,validateStepFields
FN:118,validateStep
FNF:4
FNH:4
FNDA:12,validateField
FNDA:545,(anonymous_1)
FNDA:72,validateStepFields
FNDA:65,validateStep
DA:3,2
DA:6,12
DA:8,12
DA:11,2
DA:12,1
DA:14,2
DA:17,2
DA:18,1
DA:20,2
DA:27,2
DA:28,1
DA:30,2
DA:33,5
DA:34,3
DA:35,2
DA:36,0
DA:38,5
DA:41,1
DA:44,12
DA:47,2
DA:48,545
DA:49,495
DA:54,72
DA:56,72
DA:58,65
DA:59,65
DA:60,65
DA:61,65
DA:62,65
DA:63,65
DA:64,65
DA:65,65
DA:67,65
DA:68,0
DA:71,65
DA:74,3
DA:75,3
DA:76,3
DA:77,3
DA:78,3
DA:80,3
DA:81,2
DA:84,3
DA:85,1
DA:88,3
DA:91,2
DA:92,2
DA:93,2
DA:94,2
DA:96,2
DA:97,1
DA:100,2
DA:103,2
DA:105,2
DA:106,1
DA:109,2
DA:112,0
DA:115,72
DA:119,65
DA:120,65
LF:60
LH:57
BRDA:8,0,0,0
BRDA:8,0,1,2
BRDA:8,0,2,2
BRDA:8,0,3,2
BRDA:8,0,4,2
BRDA:8,0,5,2
BRDA:8,0,6,2
BRDA:8,0,7,2
BRDA:8,0,8,5
BRDA:8,0,9,1
BRDA:11,1,0,1
BRDA:11,1,1,1
BRDA:11,2,0,2
BRDA:11,2,1,2
BRDA:11,2,2,1
BRDA:17,3,0,1
BRDA:17,3,1,1
BRDA:17,4,0,2
BRDA:17,4,1,2
BRDA:17,4,2,1
BRDA:27,5,0,1
BRDA:27,5,1,1
BRDA:27,6,0,2
BRDA:27,6,1,2
BRDA:33,7,0,3
BRDA:33,7,1,2
BRDA:33,8,0,5
BRDA:33,8,1,5
BRDA:35,9,0,0
BRDA:35,9,1,2
BRDA:35,10,0,2
BRDA:35,10,1,2
BRDA:48,11,0,495
BRDA:48,11,1,50
BRDA:56,12,0,65
BRDA:56,12,1,3
BRDA:56,12,2,2
BRDA:56,12,3,2
BRDA:56,12,4,0
BRDA:67,13,0,0
BRDA:67,13,1,65
BRDA:67,14,0,65
BRDA:67,14,1,5
BRDA:80,15,0,2
BRDA:80,15,1,1
BRDA:80,16,0,3
BRDA:80,16,1,3
BRDA:84,17,0,1
BRDA:84,17,1,2
BRDA:84,18,0,3
BRDA:84,18,1,2
BRDA:96,19,0,1
BRDA:96,19,1,1
BRDA:96,20,0,2
BRDA:96,20,1,1
BRDA:105,21,0,1
BRDA:105,21,1,1
BRDA:105,22,0,2
BRDA:105,22,1,2
BRF:59
BRH:55
end_of_record
TN:
SF:client/src/utils/dateTime.js
FN:3,pad
FN:7,nowLocalDateTime
FN:21,todayDate
FNF:3
FNH:3
FNDA:137,pad
FNDA:3,nowLocalDateTime
FNDA:61,todayDate
DA:4,137
DA:8,3
DA:10,3
DA:11,3
DA:12,3
DA:14,3
DA:15,3
DA:16,3
DA:18,3
DA:22,61
DA:24,61
DA:25,61
DA:26,61
DA:28,61
LF:14
LH:14
BRF:0
BRH:0
end_of_record
TN:
SF:client/src/utils/validator.js
FN:2,(anonymous_0)
FN:7,(anonymous_1)
FN:11,(anonymous_2)
FN:16,(anonymous_3)
FN:20,(anonymous_4)
FNF:5
FNH:4
FNDA:2,(anonymous_0)
FNDA:0,(anonymous_1)
FNDA:7,(anonymous_2)
FNDA:2,(anonymous_3)
FNDA:3,(anonymous_4)
DA:2,2
DA:3,2
DA:7,2
DA:8,0
DA:11,2
DA:12,7
DA:13,7
DA:16,2
DA:17,2
DA:20,2
DA:21,3
LF:11
LH:10
BRF:0
BRH:0
end_of_record
